[0.562s] Invoking command in '/home/bo/ws_joystickarm/src/joystick_pub': PYTHONPATH=/home/bo/ws_joystickarm/build/joystick_pub/prefix_override:/home/bo/ws_joystickarm/install/joystick_pub/lib/python3.10/site-packages:${PYTHONPATH} /usr/bin/python3 setup.py egg_info --egg-base ../../build/joystick_pub build --build-base /home/bo/ws_joystickarm/build/joystick_pub/build install --record /home/bo/ws_joystickarm/build/joystick_pub/install.log --single-version-externally-managed
[0.738s] running egg_info
[0.739s] writing ../../build/joystick_pub/joystick_pub.egg-info/PKG-INFO
[0.740s] writing dependency_links to ../../build/joystick_pub/joystick_pub.egg-info/dependency_links.txt
[0.740s] writing entry points to ../../build/joystick_pub/joystick_pub.egg-info/entry_points.txt
[0.741s] writing requirements to ../../build/joystick_pub/joystick_pub.egg-info/requires.txt
[0.741s] writing top-level names to ../../build/joystick_pub/joystick_pub.egg-info/top_level.txt
[0.743s] reading manifest file '../../build/joystick_pub/joystick_pub.egg-info/SOURCES.txt'
[0.744s] writing manifest file '../../build/joystick_pub/joystick_pub.egg-info/SOURCES.txt'
[0.744s] running build
[0.744s] running build_py
[0.745s] running install
[0.745s] running install_lib
[0.746s] running install_data
[0.747s] running install_egg_info
[0.748s] removing '/home/bo/ws_joystickarm/install/joystick_pub/lib/python3.10/site-packages/joystick_pub-0.0.0-py3.10.egg-info' (and everything under it)
[0.750s] Copying ../../build/joystick_pub/joystick_pub.egg-info to /home/bo/ws_joystickarm/install/joystick_pub/lib/python3.10/site-packages/joystick_pub-0.0.0-py3.10.egg-info
[0.753s] running install_scripts
[0.768s] Installing joystick_driver script to /home/bo/ws_joystickarm/install/joystick_pub/lib/joystick_pub
[0.768s] Installing joystick_pub script to /home/bo/ws_joystickarm/install/joystick_pub/lib/joystick_pub
[0.769s] writing list of installed files to '/home/bo/ws_joystickarm/build/joystick_pub/install.log'
[0.787s] Invoked command in '/home/bo/ws_joystickarm/src/joystick_pub' returned '0': PYTHONPATH=/home/bo/ws_joystickarm/build/joystick_pub/prefix_override:/home/bo/ws_joystickarm/install/joystick_pub/lib/python3.10/site-packages:${PYTHONPATH} /usr/bin/python3 setup.py egg_info --egg-base ../../build/joystick_pub build --build-base /home/bo/ws_joystickarm/build/joystick_pub/build install --record /home/bo/ws_joystickarm/build/joystick_pub/install.log --single-version-externally-managed
