[1.863s] Invoking command in '/home/bo/ws_joystickarm/src/joystick_pub': PYTHONPATH=/home/bo/ws_joystickarm/build/joystick_pub/prefix_override:/home/bo/ws_joystickarm/install/joystick_pub/lib/python3.10/site-packages:${PYTHONPATH} /usr/bin/python3 setup.py egg_info --egg-base ../../build/joystick_pub build --build-base /home/bo/ws_joystickarm/build/joystick_pub/build install --record /home/bo/ws_joystickarm/build/joystick_pub/install.log --single-version-externally-managed
[2.334s] running egg_info
[2.335s] writing ../../build/joystick_pub/joystick_pub.egg-info/PKG-INFO
[2.336s] writing dependency_links to ../../build/joystick_pub/joystick_pub.egg-info/dependency_links.txt
[2.338s] writing entry points to ../../build/joystick_pub/joystick_pub.egg-info/entry_points.txt
[2.339s] writing requirements to ../../build/joystick_pub/joystick_pub.egg-info/requires.txt
[2.340s] writing top-level names to ../../build/joystick_pub/joystick_pub.egg-info/top_level.txt
[2.344s] reading manifest file '../../build/joystick_pub/joystick_pub.egg-info/SOURCES.txt'
[2.351s] writing manifest file '../../build/joystick_pub/joystick_pub.egg-info/SOURCES.txt'
[2.351s] running build
[2.352s] running build_py
[2.352s] copying joystick_pub/joystick_pub.py -> /home/bo/ws_joystickarm/build/joystick_pub/build/lib/joystick_pub
[2.352s] running install
[2.352s] running install_lib
[2.357s] copying /home/bo/ws_joystickarm/build/joystick_pub/build/lib/joystick_pub/joystick_pub.py -> /home/bo/ws_joystickarm/install/joystick_pub/lib/python3.10/site-packages/joystick_pub
[2.360s] byte-compiling /home/bo/ws_joystickarm/install/joystick_pub/lib/python3.10/site-packages/joystick_pub/joystick_pub.py to joystick_pub.cpython-310.pyc
[2.366s] running install_data
[2.368s] running install_egg_info
[2.372s] removing '/home/bo/ws_joystickarm/install/joystick_pub/lib/python3.10/site-packages/joystick_pub-0.0.0-py3.10.egg-info' (and everything under it)
[2.377s] Copying ../../build/joystick_pub/joystick_pub.egg-info to /home/bo/ws_joystickarm/install/joystick_pub/lib/python3.10/site-packages/joystick_pub-0.0.0-py3.10.egg-info
[2.380s] running install_scripts
[2.409s] Installing joystick_driver script to /home/bo/ws_joystickarm/install/joystick_pub/lib/joystick_pub
[2.410s] Installing joystick_pub script to /home/bo/ws_joystickarm/install/joystick_pub/lib/joystick_pub
[2.410s] writing list of installed files to '/home/bo/ws_joystickarm/build/joystick_pub/install.log'
[2.465s] Invoked command in '/home/bo/ws_joystickarm/src/joystick_pub' returned '0': PYTHONPATH=/home/bo/ws_joystickarm/build/joystick_pub/prefix_override:/home/bo/ws_joystickarm/install/joystick_pub/lib/python3.10/site-packages:${PYTHONPATH} /usr/bin/python3 setup.py egg_info --egg-base ../../build/joystick_pub build --build-base /home/bo/ws_joystickarm/build/joystick_pub/build install --record /home/bo/ws_joystickarm/build/joystick_pub/install.log --single-version-externally-managed
