[0.684s] Invoking command in '/home/bo/ws_joystickarm/src/joystick_pub': PYTHONPATH=/home/bo/ws_joystickarm/build/joystick_pub/prefix_override:/home/bo/ws_joystickarm/install/joystick_pub/lib/python3.10/site-packages:${PYTHONPATH} /usr/bin/python3 setup.py egg_info --egg-base ../../build/joystick_pub build --build-base /home/bo/ws_joystickarm/build/joystick_pub/build install --record /home/bo/ws_joystickarm/build/joystick_pub/install.log --single-version-externally-managed
[0.865s] running egg_info
[0.867s] writing ../../build/joystick_pub/joystick_pub.egg-info/PKG-INFO
[0.867s] writing dependency_links to ../../build/joystick_pub/joystick_pub.egg-info/dependency_links.txt
[0.868s] writing entry points to ../../build/joystick_pub/joystick_pub.egg-info/entry_points.txt
[0.869s] writing requirements to ../../build/joystick_pub/joystick_pub.egg-info/requires.txt
[0.870s] writing top-level names to ../../build/joystick_pub/joystick_pub.egg-info/top_level.txt
[0.871s] reading manifest file '../../build/joystick_pub/joystick_pub.egg-info/SOURCES.txt'
[0.873s] writing manifest file '../../build/joystick_pub/joystick_pub.egg-info/SOURCES.txt'
[0.873s] running build
[0.874s] running build_py
[0.874s] copying joystick_pub/joystick_driver.py -> /home/bo/ws_joystickarm/build/joystick_pub/build/lib/joystick_pub
[0.875s] copying joystick_pub/joystick_pub.py -> /home/bo/ws_joystickarm/build/joystick_pub/build/lib/joystick_pub
[0.875s] running install
[0.876s] running install_lib
[0.877s] copying /home/bo/ws_joystickarm/build/joystick_pub/build/lib/joystick_pub/joystick_driver.py -> /home/bo/ws_joystickarm/install/joystick_pub/lib/python3.10/site-packages/joystick_pub
[0.878s] copying /home/bo/ws_joystickarm/build/joystick_pub/build/lib/joystick_pub/joystick_pub.py -> /home/bo/ws_joystickarm/install/joystick_pub/lib/python3.10/site-packages/joystick_pub
[0.879s] byte-compiling /home/bo/ws_joystickarm/install/joystick_pub/lib/python3.10/site-packages/joystick_pub/joystick_driver.py to joystick_driver.cpython-310.pyc
[0.881s] byte-compiling /home/bo/ws_joystickarm/install/joystick_pub/lib/python3.10/site-packages/joystick_pub/joystick_pub.py to joystick_pub.cpython-310.pyc
[0.882s] running install_data
[0.883s] copying package.xml -> /home/bo/ws_joystickarm/install/joystick_pub/share/joystick_pub
[0.884s] running install_egg_info
[0.885s] removing '/home/bo/ws_joystickarm/install/joystick_pub/lib/python3.10/site-packages/joystick_pub-0.0.0-py3.10.egg-info' (and everything under it)
[0.891s] Copying ../../build/joystick_pub/joystick_pub.egg-info to /home/bo/ws_joystickarm/install/joystick_pub/lib/python3.10/site-packages/joystick_pub-0.0.0-py3.10.egg-info
[0.895s] running install_scripts
[0.910s] Installing joystick_driver script to /home/bo/ws_joystickarm/install/joystick_pub/lib/joystick_pub
[0.910s] Installing joystick_pub script to /home/bo/ws_joystickarm/install/joystick_pub/lib/joystick_pub
[0.911s] writing list of installed files to '/home/bo/ws_joystickarm/build/joystick_pub/install.log'
[0.931s] Invoked command in '/home/bo/ws_joystickarm/src/joystick_pub' returned '0': PYTHONPATH=/home/bo/ws_joystickarm/build/joystick_pub/prefix_override:/home/bo/ws_joystickarm/install/joystick_pub/lib/python3.10/site-packages:${PYTHONPATH} /usr/bin/python3 setup.py egg_info --egg-base ../../build/joystick_pub build --build-base /home/bo/ws_joystickarm/build/joystick_pub/build install --record /home/bo/ws_joystickarm/build/joystick_pub/install.log --single-version-externally-managed
