[0.579s] Invoking command in '/home/bo/ws_joystickarm/build/realtime_servo': CMAKE_PREFIX_PATH=${CMAKE_PREFIX_PATH}:/home/bo/ws_joystickarm/install/joystick_pub:/home/bo/ws_moveit2/install/moveit_configs_utils:/home/bo/ws_moveit2/install/launch_param_builder:/opt/ros/humble /usr/bin/cmake --build /home/bo/ws_joystickarm/build/realtime_servo -- -j2 -l2
[0.936s] [35m[1mConsolidate compiler generated dependencies of target servo_keyboard_input[0m
[1.073s] [ 50%] Built target servo_keyboard_input
[1.153s] [35m[1mConsolidate compiler generated dependencies of target servo_cpp_interface_demo[0m
[1.352s] [100%] Built target servo_cpp_interface_demo
[1.399s] Invoked command in '/home/bo/ws_joystickarm/build/realtime_servo' returned '0': CMAKE_PREFIX_PATH=${CMAKE_PREFIX_PATH}:/home/bo/ws_joystickarm/install/joystick_pub:/home/bo/ws_moveit2/install/moveit_configs_utils:/home/bo/ws_moveit2/install/launch_param_builder:/opt/ros/humble /usr/bin/cmake --build /home/bo/ws_joystickarm/build/realtime_servo -- -j2 -l2
[1.633s] Invoking command in '/home/bo/ws_joystickarm/build/realtime_servo': CMAKE_PREFIX_PATH=${CMAKE_PREFIX_PATH}:/home/bo/ws_joystickarm/install/joystick_pub:/home/bo/ws_moveit2/install/moveit_configs_utils:/home/bo/ws_moveit2/install/launch_param_builder:/opt/ros/humble /usr/bin/cmake --install /home/bo/ws_joystickarm/build/realtime_servo
[1.655s] -- Install configuration: "Release"
[1.656s] -- Up-to-date: /home/bo/ws_joystickarm/install/realtime_servo/share/ament_index/resource_index/package_run_dependencies/realtime_servo
[1.656s] -- Up-to-date: /home/bo/ws_joystickarm/install/realtime_servo/share/ament_index/resource_index/parent_prefix_path/realtime_servo
[1.657s] -- Up-to-date: /home/bo/ws_joystickarm/install/realtime_servo/share/realtime_servo/environment/ament_prefix_path.sh
[1.658s] -- Up-to-date: /home/bo/ws_joystickarm/install/realtime_servo/share/realtime_servo/environment/ament_prefix_path.dsv
[1.658s] -- Up-to-date: /home/bo/ws_joystickarm/install/realtime_servo/share/realtime_servo/environment/path.sh
[1.659s] -- Up-to-date: /home/bo/ws_joystickarm/install/realtime_servo/share/realtime_servo/environment/path.dsv
[1.660s] -- Up-to-date: /home/bo/ws_joystickarm/install/realtime_servo/share/realtime_servo/local_setup.bash
[1.660s] -- Up-to-date: /home/bo/ws_joystickarm/install/realtime_servo/share/realtime_servo/local_setup.sh
[1.661s] -- Up-to-date: /home/bo/ws_joystickarm/install/realtime_servo/share/realtime_servo/local_setup.zsh
[1.662s] -- Up-to-date: /home/bo/ws_joystickarm/install/realtime_servo/share/realtime_servo/local_setup.dsv
[1.663s] -- Installing: /home/bo/ws_joystickarm/install/realtime_servo/share/realtime_servo/package.dsv
[1.664s] -- Up-to-date: /home/bo/ws_joystickarm/install/realtime_servo/share/ament_index/resource_index/packages/realtime_servo
[1.664s] -- Up-to-date: /home/bo/ws_joystickarm/install/realtime_servo/share/realtime_servo/cmake/ament_cmake_export_dependencies-extras.cmake
[1.665s] -- Up-to-date: /home/bo/ws_joystickarm/install/realtime_servo/share/realtime_servo/cmake/ament_cmake_export_include_directories-extras.cmake
[1.666s] -- Up-to-date: /home/bo/ws_joystickarm/install/realtime_servo/share/realtime_servo/cmake/realtime_servoConfig.cmake
[1.667s] -- Up-to-date: /home/bo/ws_joystickarm/install/realtime_servo/share/realtime_servo/cmake/realtime_servoConfig-version.cmake
[1.668s] -- Up-to-date: /home/bo/ws_joystickarm/install/realtime_servo/share/realtime_servo/package.xml
[1.670s] -- Up-to-date: /home/bo/ws_joystickarm/install/realtime_servo/lib/realtime_servo/servo_keyboard_input
[1.670s] -- Up-to-date: /home/bo/ws_joystickarm/install/realtime_servo/lib/realtime_servo/servo_cpp_interface_demo
[1.672s] -- Up-to-date: /home/bo/ws_joystickarm/install/realtime_servo/share/realtime_servo/launch
[1.673s] -- Up-to-date: /home/bo/ws_joystickarm/install/realtime_servo/share/realtime_servo/launch/servo_cpp_interface_demo.launch.py
[1.678s] -- Up-to-date: /home/bo/ws_joystickarm/install/realtime_servo/share/realtime_servo/config
[1.678s] -- Up-to-date: /home/bo/ws_joystickarm/install/realtime_servo/share/realtime_servo/config/demo_rviz_config.rviz
[1.685s] Invoked command in '/home/bo/ws_joystickarm/build/realtime_servo' returned '0': CMAKE_PREFIX_PATH=${CMAKE_PREFIX_PATH}:/home/bo/ws_joystickarm/install/joystick_pub:/home/bo/ws_moveit2/install/moveit_configs_utils:/home/bo/ws_moveit2/install/launch_param_builder:/opt/ros/humble /usr/bin/cmake --install /home/bo/ws_joystickarm/build/realtime_servo
