[0.233s] DEBUG:colcon:Command line arguments: ['/usr/bin/colcon', 'build', '--mixin', 'release', '--parallel-workers', '4']
[0.233s] DEBUG:colcon:Parsed command line arguments: Namespace(log_base=None, log_level=None, verb_name='build', build_base='build', install_base='install', merge_install=False, symlink_install=False, test_result_base=None, continue_on_error=False, executor='parallel', parallel_workers=4, event_handlers=None, ignore_user_meta=False, metas=['./colcon.meta'], base_paths=['.'], packages_ignore=None, packages_ignore_regex=None, paths=None, packages_up_to=None, packages_up_to_regex=None, packages_above=None, packages_above_and_dependencies=None, packages_above_depth=None, packages_select_by_dep=None, packages_skip_by_dep=None, packages_skip_up_to=None, packages_select_build_failed=False, packages_skip_build_finished=False, packages_select_test_failures=False, packages_skip_test_passed=False, packages_select=None, packages_skip=None, packages_select_regex=None, packages_skip_regex=None, packages_start=None, packages_end=None, allow_overriding=[], cmake_args=['-DCMAKE_BUILD_TYPE=Release'], cmake_target=None, cmake_target_skip_unavailable=False, cmake_clean_cache=False, cmake_clean_first=False, cmake_force_configure=False, ament_cmake_args=None, catkin_cmake_args=None, catkin_skip_building_tests=False, mixin_files=None, mixin=['release'], verb_parser=<colcon_mixin.mixin.mixin_argument.MixinArgumentDecorator object at 0x7f26a6b92590>, verb_extension=<colcon_core.verb.build.BuildVerb object at 0x7f26a6b91f00>, main=<bound method BuildVerb.main of <colcon_core.verb.build.BuildVerb object at 0x7f26a6b91f00>>, mixin_verb=('build',))
[0.249s] Level 1:colcon.colcon_core.package_discovery:discover_packages(colcon_meta) check parameters
[0.249s] Level 1:colcon.colcon_core.package_discovery:discover_packages(recursive) check parameters
[0.249s] Level 1:colcon.colcon_core.package_discovery:discover_packages(ignore) check parameters
[0.249s] Level 1:colcon.colcon_core.package_discovery:discover_packages(path) check parameters
[0.249s] Level 1:colcon.colcon_core.package_discovery:discover_packages(colcon_meta) discover
[0.249s] Level 1:colcon.colcon_core.package_discovery:discover_packages(recursive) discover
[0.249s] INFO:colcon.colcon_core.package_discovery:Crawling recursively for packages in '/home/bo/ws_joystickarm'
[0.249s] Level 1:colcon.colcon_core.package_identification:_identify(.) by extensions ['ignore', 'ignore_ament_install']
[0.249s] Level 1:colcon.colcon_core.package_identification:_identify(.) by extension 'ignore'
[0.249s] Level 1:colcon.colcon_core.package_identification:_identify(.) by extension 'ignore_ament_install'
[0.249s] Level 1:colcon.colcon_core.package_identification:_identify(.) by extensions ['colcon_pkg']
[0.249s] Level 1:colcon.colcon_core.package_identification:_identify(.) by extension 'colcon_pkg'
[0.249s] Level 1:colcon.colcon_core.package_identification:_identify(.) by extensions ['colcon_meta']
[0.249s] Level 1:colcon.colcon_core.package_identification:_identify(.) by extension 'colcon_meta'
[0.249s] Level 1:colcon.colcon_core.package_identification:_identify(.) by extensions ['ros']
[0.249s] Level 1:colcon.colcon_core.package_identification:_identify(.) by extension 'ros'
[0.257s] Level 1:colcon.colcon_core.package_identification:_identify(.) by extensions ['cmake', 'python']
[0.257s] Level 1:colcon.colcon_core.package_identification:_identify(.) by extension 'cmake'
[0.257s] Level 1:colcon.colcon_core.package_identification:_identify(.) by extension 'python'
[0.257s] Level 1:colcon.colcon_core.package_identification:_identify(.) by extensions ['python_setup_py']
[0.257s] Level 1:colcon.colcon_core.package_identification:_identify(.) by extension 'python_setup_py'
[0.257s] Level 1:colcon.colcon_core.package_identification:_identify(build) by extensions ['ignore', 'ignore_ament_install']
[0.257s] Level 1:colcon.colcon_core.package_identification:_identify(build) by extension 'ignore'
[0.257s] Level 1:colcon.colcon_core.package_identification:_identify(build) ignored
[0.257s] Level 1:colcon.colcon_core.package_identification:_identify(install) by extensions ['ignore', 'ignore_ament_install']
[0.257s] Level 1:colcon.colcon_core.package_identification:_identify(install) by extension 'ignore'
[0.257s] Level 1:colcon.colcon_core.package_identification:_identify(install) ignored
[0.257s] Level 1:colcon.colcon_core.package_identification:_identify(log) by extensions ['ignore', 'ignore_ament_install']
[0.257s] Level 1:colcon.colcon_core.package_identification:_identify(log) by extension 'ignore'
[0.257s] Level 1:colcon.colcon_core.package_identification:_identify(log) ignored
[0.257s] Level 1:colcon.colcon_core.package_identification:_identify(src) by extensions ['ignore', 'ignore_ament_install']
[0.257s] Level 1:colcon.colcon_core.package_identification:_identify(src) by extension 'ignore'
[0.257s] Level 1:colcon.colcon_core.package_identification:_identify(src) by extension 'ignore_ament_install'
[0.257s] Level 1:colcon.colcon_core.package_identification:_identify(src) by extensions ['colcon_pkg']
[0.257s] Level 1:colcon.colcon_core.package_identification:_identify(src) by extension 'colcon_pkg'
[0.257s] Level 1:colcon.colcon_core.package_identification:_identify(src) by extensions ['colcon_meta']
[0.257s] Level 1:colcon.colcon_core.package_identification:_identify(src) by extension 'colcon_meta'
[0.257s] Level 1:colcon.colcon_core.package_identification:_identify(src) by extensions ['ros']
[0.257s] Level 1:colcon.colcon_core.package_identification:_identify(src) by extension 'ros'
[0.258s] Level 1:colcon.colcon_core.package_identification:_identify(src) by extensions ['cmake', 'python']
[0.258s] Level 1:colcon.colcon_core.package_identification:_identify(src) by extension 'cmake'
[0.258s] Level 1:colcon.colcon_core.package_identification:_identify(src) by extension 'python'
[0.258s] Level 1:colcon.colcon_core.package_identification:_identify(src) by extensions ['python_setup_py']
[0.258s] Level 1:colcon.colcon_core.package_identification:_identify(src) by extension 'python_setup_py'
[0.258s] Level 1:colcon.colcon_core.package_identification:_identify(src/joystick_pub) by extensions ['ignore', 'ignore_ament_install']
[0.258s] Level 1:colcon.colcon_core.package_identification:_identify(src/joystick_pub) by extension 'ignore'
[0.258s] Level 1:colcon.colcon_core.package_identification:_identify(src/joystick_pub) by extension 'ignore_ament_install'
[0.258s] Level 1:colcon.colcon_core.package_identification:_identify(src/joystick_pub) by extensions ['colcon_pkg']
[0.258s] Level 1:colcon.colcon_core.package_identification:_identify(src/joystick_pub) by extension 'colcon_pkg'
[0.258s] Level 1:colcon.colcon_core.package_identification:_identify(src/joystick_pub) by extensions ['colcon_meta']
[0.258s] Level 1:colcon.colcon_core.package_identification:_identify(src/joystick_pub) by extension 'colcon_meta'
[0.258s] Level 1:colcon.colcon_core.package_identification:_identify(src/joystick_pub) by extensions ['ros']
[0.258s] Level 1:colcon.colcon_core.package_identification:_identify(src/joystick_pub) by extension 'ros'
[0.259s] DEBUG:colcon.colcon_core.package_identification:Package 'src/joystick_pub' with type 'ros.ament_python' and name 'joystick_pub'
[0.259s] Level 1:colcon.colcon_core.package_identification:_identify(src/realtime_servo) by extensions ['ignore', 'ignore_ament_install']
[0.260s] Level 1:colcon.colcon_core.package_identification:_identify(src/realtime_servo) by extension 'ignore'
[0.260s] Level 1:colcon.colcon_core.package_identification:_identify(src/realtime_servo) by extension 'ignore_ament_install'
[0.260s] Level 1:colcon.colcon_core.package_identification:_identify(src/realtime_servo) by extensions ['colcon_pkg']
[0.260s] Level 1:colcon.colcon_core.package_identification:_identify(src/realtime_servo) by extension 'colcon_pkg'
[0.260s] Level 1:colcon.colcon_core.package_identification:_identify(src/realtime_servo) by extensions ['colcon_meta']
[0.260s] Level 1:colcon.colcon_core.package_identification:_identify(src/realtime_servo) by extension 'colcon_meta'
[0.260s] Level 1:colcon.colcon_core.package_identification:_identify(src/realtime_servo) by extensions ['ros']
[0.260s] Level 1:colcon.colcon_core.package_identification:_identify(src/realtime_servo) by extension 'ros'
[0.261s] DEBUG:colcon.colcon_core.package_identification:Package 'src/realtime_servo' with type 'ros.ament_cmake' and name 'realtime_servo'
[0.261s] Level 1:colcon.colcon_core.package_discovery:discover_packages(recursive) using defaults
[0.261s] Level 1:colcon.colcon_core.package_discovery:discover_packages(ignore) discover
[0.261s] Level 1:colcon.colcon_core.package_discovery:discover_packages(ignore) using defaults
[0.261s] Level 1:colcon.colcon_core.package_discovery:discover_packages(path) discover
[0.261s] Level 1:colcon.colcon_core.package_discovery:discover_packages(path) using defaults
[0.276s] Level 1:colcon.colcon_core.package_discovery:discover_packages(prefix_path) check parameters
[0.276s] Level 1:colcon.colcon_core.package_discovery:discover_packages(prefix_path) discover
[0.279s] DEBUG:colcon.colcon_installed_package_information.package_discovery:Found 4 installed packages in /home/bo/ws_joystickarm/install
[0.281s] DEBUG:colcon.colcon_installed_package_information.package_discovery:Found 56 installed packages in /home/bo/ws_moveit2/install
[0.282s] DEBUG:colcon.colcon_installed_package_information.package_discovery:Found 314 installed packages in /opt/ros/humble
[0.283s] Level 1:colcon.colcon_core.package_discovery:discover_packages(prefix_path) using defaults
[0.327s] Level 5:colcon.colcon_core.verb:set package 'joystick_pub' build argument 'cmake_args' from command line to '['-DCMAKE_BUILD_TYPE=Release']'
[0.327s] Level 5:colcon.colcon_core.verb:set package 'joystick_pub' build argument 'cmake_target' from command line to 'None'
[0.327s] Level 5:colcon.colcon_core.verb:set package 'joystick_pub' build argument 'cmake_target_skip_unavailable' from command line to 'False'
[0.327s] Level 5:colcon.colcon_core.verb:set package 'joystick_pub' build argument 'cmake_clean_cache' from command line to 'False'
[0.327s] Level 5:colcon.colcon_core.verb:set package 'joystick_pub' build argument 'cmake_clean_first' from command line to 'False'
[0.327s] Level 5:colcon.colcon_core.verb:set package 'joystick_pub' build argument 'cmake_force_configure' from command line to 'False'
[0.327s] Level 5:colcon.colcon_core.verb:set package 'joystick_pub' build argument 'ament_cmake_args' from command line to 'None'
[0.327s] Level 5:colcon.colcon_core.verb:set package 'joystick_pub' build argument 'catkin_cmake_args' from command line to 'None'
[0.327s] Level 5:colcon.colcon_core.verb:set package 'joystick_pub' build argument 'catkin_skip_building_tests' from command line to 'False'
[0.327s] DEBUG:colcon.colcon_core.verb:Building package 'joystick_pub' with the following arguments: {'ament_cmake_args': None, 'build_base': '/home/bo/ws_joystickarm/build/joystick_pub', 'catkin_cmake_args': None, 'catkin_skip_building_tests': False, 'cmake_args': ['-DCMAKE_BUILD_TYPE=Release'], 'cmake_clean_cache': False, 'cmake_clean_first': False, 'cmake_force_configure': False, 'cmake_target': None, 'cmake_target_skip_unavailable': False, 'install_base': '/home/bo/ws_joystickarm/install/joystick_pub', 'merge_install': False, 'path': '/home/bo/ws_joystickarm/src/joystick_pub', 'symlink_install': False, 'test_result_base': None}
[0.328s] Level 5:colcon.colcon_core.verb:set package 'realtime_servo' build argument 'cmake_args' from command line to '['-DCMAKE_BUILD_TYPE=Release']'
[0.328s] Level 5:colcon.colcon_core.verb:set package 'realtime_servo' build argument 'cmake_target' from command line to 'None'
[0.328s] Level 5:colcon.colcon_core.verb:set package 'realtime_servo' build argument 'cmake_target_skip_unavailable' from command line to 'False'
[0.328s] Level 5:colcon.colcon_core.verb:set package 'realtime_servo' build argument 'cmake_clean_cache' from command line to 'False'
[0.328s] Level 5:colcon.colcon_core.verb:set package 'realtime_servo' build argument 'cmake_clean_first' from command line to 'False'
[0.328s] Level 5:colcon.colcon_core.verb:set package 'realtime_servo' build argument 'cmake_force_configure' from command line to 'False'
[0.328s] Level 5:colcon.colcon_core.verb:set package 'realtime_servo' build argument 'ament_cmake_args' from command line to 'None'
[0.328s] Level 5:colcon.colcon_core.verb:set package 'realtime_servo' build argument 'catkin_cmake_args' from command line to 'None'
[0.328s] Level 5:colcon.colcon_core.verb:set package 'realtime_servo' build argument 'catkin_skip_building_tests' from command line to 'False'
[0.328s] DEBUG:colcon.colcon_core.verb:Building package 'realtime_servo' with the following arguments: {'ament_cmake_args': None, 'build_base': '/home/bo/ws_joystickarm/build/realtime_servo', 'catkin_cmake_args': None, 'catkin_skip_building_tests': False, 'cmake_args': ['-DCMAKE_BUILD_TYPE=Release'], 'cmake_clean_cache': False, 'cmake_clean_first': False, 'cmake_force_configure': False, 'cmake_target': None, 'cmake_target_skip_unavailable': False, 'install_base': '/home/bo/ws_joystickarm/install/realtime_servo', 'merge_install': False, 'path': '/home/bo/ws_joystickarm/src/realtime_servo', 'symlink_install': False, 'test_result_base': None}
[0.328s] INFO:colcon.colcon_core.executor:Executing jobs using 'parallel' executor
[0.330s] DEBUG:colcon.colcon_parallel_executor.executor.parallel:run_until_complete
[0.331s] INFO:colcon.colcon_ros.task.ament_python.build:Building ROS package in '/home/bo/ws_joystickarm/src/joystick_pub' with build type 'ament_python'
[0.331s] Level 1:colcon.colcon_core.shell:create_environment_hook('joystick_pub', 'ament_prefix_path')
[0.334s] INFO:colcon.colcon_core.plugin_system:Skipping extension 'colcon_core.shell.bat': Not used on non-Windows systems
[0.335s] INFO:colcon.colcon_core.shell:Creating environment hook '/home/bo/ws_joystickarm/install/joystick_pub/share/joystick_pub/hook/ament_prefix_path.ps1'
[0.335s] INFO:colcon.colcon_core.shell:Creating environment descriptor '/home/bo/ws_joystickarm/install/joystick_pub/share/joystick_pub/hook/ament_prefix_path.dsv'
[0.336s] INFO:colcon.colcon_core.shell:Creating environment hook '/home/bo/ws_joystickarm/install/joystick_pub/share/joystick_pub/hook/ament_prefix_path.sh'
[0.337s] INFO:colcon.colcon_core.shell:Skip shell extension 'powershell' for command environment: Not usable outside of PowerShell
[0.337s] DEBUG:colcon.colcon_core.shell:Skip shell extension 'dsv' for command environment
[0.346s] INFO:colcon.colcon_ros.task.ament_cmake.build:Building ROS package in '/home/bo/ws_joystickarm/src/realtime_servo' with build type 'ament_cmake'
[0.346s] INFO:colcon.colcon_cmake.task.cmake.build:Building CMake package in '/home/bo/ws_joystickarm/src/realtime_servo'
[0.347s] INFO:colcon.colcon_core.shell:Skip shell extension 'powershell' for command environment: Not usable outside of PowerShell
[0.347s] DEBUG:colcon.colcon_core.shell:Skip shell extension 'dsv' for command environment
[0.540s] INFO:colcon.colcon_core.task.python.build:Building Python package in '/home/bo/ws_joystickarm/src/joystick_pub'
[0.541s] INFO:colcon.colcon_core.shell:Skip shell extension 'powershell' for command environment: Not usable outside of PowerShell
[0.542s] DEBUG:colcon.colcon_core.shell:Skip shell extension 'dsv' for command environment
[0.552s] DEBUG:colcon.colcon_core.event_handler.log_command:Invoking command in '/home/bo/ws_joystickarm/build/realtime_servo': CMAKE_PREFIX_PATH=${CMAKE_PREFIX_PATH}:/home/bo/ws_joystickarm/install/joystick_pub:/home/bo/ws_moveit2/install/moveit_configs_utils:/home/bo/ws_moveit2/install/launch_param_builder:/opt/ros/humble /usr/bin/cmake --build /home/bo/ws_joystickarm/build/realtime_servo -- -j2 -l2
[0.690s] DEBUG:colcon.colcon_core.event_handler.log_command:Invoked command in '/home/bo/ws_joystickarm/build/realtime_servo' returned '0': CMAKE_PREFIX_PATH=${CMAKE_PREFIX_PATH}:/home/bo/ws_joystickarm/install/joystick_pub:/home/bo/ws_moveit2/install/moveit_configs_utils:/home/bo/ws_moveit2/install/launch_param_builder:/opt/ros/humble /usr/bin/cmake --build /home/bo/ws_joystickarm/build/realtime_servo -- -j2 -l2
[0.750s] DEBUG:colcon.colcon_core.event_handler.log_command:Invoking command in '/home/bo/ws_joystickarm/build/realtime_servo': CMAKE_PREFIX_PATH=${CMAKE_PREFIX_PATH}:/home/bo/ws_joystickarm/install/joystick_pub:/home/bo/ws_moveit2/install/moveit_configs_utils:/home/bo/ws_moveit2/install/launch_param_builder:/opt/ros/humble /usr/bin/cmake --install /home/bo/ws_joystickarm/build/realtime_servo
[0.774s] Level 1:colcon.colcon_core.environment:create_environment_scripts_only(realtime_servo)
[0.774s] DEBUG:colcon.colcon_core.event_handler.log_command:Invoked command in '/home/bo/ws_joystickarm/build/realtime_servo' returned '0': CMAKE_PREFIX_PATH=${CMAKE_PREFIX_PATH}:/home/bo/ws_joystickarm/install/joystick_pub:/home/bo/ws_moveit2/install/moveit_configs_utils:/home/bo/ws_moveit2/install/launch_param_builder:/opt/ros/humble /usr/bin/cmake --install /home/bo/ws_joystickarm/build/realtime_servo
[0.777s] Level 1:colcon.colcon_core.environment:checking '/home/bo/ws_joystickarm/install/realtime_servo' for CMake module files
[0.778s] Level 1:colcon.colcon_core.environment:checking '/home/bo/ws_joystickarm/install/realtime_servo' for CMake config files
[0.778s] Level 1:colcon.colcon_core.shell:create_environment_hook('realtime_servo', 'cmake_prefix_path')
[0.779s] INFO:colcon.colcon_core.shell:Creating environment hook '/home/bo/ws_joystickarm/install/realtime_servo/share/realtime_servo/hook/cmake_prefix_path.ps1'
[0.779s] INFO:colcon.colcon_core.shell:Creating environment descriptor '/home/bo/ws_joystickarm/install/realtime_servo/share/realtime_servo/hook/cmake_prefix_path.dsv'
[0.780s] INFO:colcon.colcon_core.shell:Creating environment hook '/home/bo/ws_joystickarm/install/realtime_servo/share/realtime_servo/hook/cmake_prefix_path.sh'
[0.781s] Level 1:colcon.colcon_core.environment:checking '/home/bo/ws_joystickarm/install/realtime_servo/lib'
[0.781s] Level 1:colcon.colcon_core.environment:checking '/home/bo/ws_joystickarm/install/realtime_servo/bin'
[0.781s] Level 1:colcon.colcon_core.environment:checking '/home/bo/ws_joystickarm/install/realtime_servo/lib/pkgconfig/realtime_servo.pc'
[0.781s] Level 1:colcon.colcon_core.environment:checking '/home/bo/ws_joystickarm/install/realtime_servo/lib/python3.10/site-packages'
[0.781s] Level 1:colcon.colcon_core.environment:checking '/home/bo/ws_joystickarm/install/realtime_servo/bin'
[0.782s] INFO:colcon.colcon_core.shell:Creating package script '/home/bo/ws_joystickarm/install/realtime_servo/share/realtime_servo/package.ps1'
[0.783s] INFO:colcon.colcon_core.shell:Creating package descriptor '/home/bo/ws_joystickarm/install/realtime_servo/share/realtime_servo/package.dsv'
[0.784s] INFO:colcon.colcon_core.shell:Creating package script '/home/bo/ws_joystickarm/install/realtime_servo/share/realtime_servo/package.sh'
[0.784s] INFO:colcon.colcon_core.shell:Creating package script '/home/bo/ws_joystickarm/install/realtime_servo/share/realtime_servo/package.bash'
[0.785s] INFO:colcon.colcon_core.shell:Creating package script '/home/bo/ws_joystickarm/install/realtime_servo/share/realtime_servo/package.zsh'
[0.786s] Level 1:colcon.colcon_core.environment:create_file_with_runtime_dependencies(/home/bo/ws_joystickarm/install/realtime_servo/share/colcon-core/packages/realtime_servo)
[0.861s] DEBUG:colcon.colcon_core.event_handler.log_command:Invoking command in '/home/bo/ws_joystickarm/src/joystick_pub': PYTHONPATH=/home/bo/ws_joystickarm/build/joystick_pub/prefix_override:/home/bo/ws_joystickarm/install/joystick_pub/lib/python3.10/site-packages:${PYTHONPATH} /usr/bin/python3 setup.py egg_info --egg-base ../../build/joystick_pub build --build-base /home/bo/ws_joystickarm/build/joystick_pub/build install --record /home/bo/ws_joystickarm/build/joystick_pub/install.log --single-version-externally-managed
[0.923s] Level 1:colcon.colcon_core.environment:create_environment_scripts_only(realtime_servo)
[0.924s] Level 1:colcon.colcon_core.environment:checking '/home/bo/ws_joystickarm/install/realtime_servo' for CMake module files
[0.925s] Level 1:colcon.colcon_core.environment:checking '/home/bo/ws_joystickarm/install/realtime_servo' for CMake config files
[0.925s] Level 1:colcon.colcon_core.shell:create_environment_hook('realtime_servo', 'cmake_prefix_path')
[0.926s] INFO:colcon.colcon_core.shell:Creating environment hook '/home/bo/ws_joystickarm/install/realtime_servo/share/realtime_servo/hook/cmake_prefix_path.ps1'
[0.927s] INFO:colcon.colcon_core.shell:Creating environment descriptor '/home/bo/ws_joystickarm/install/realtime_servo/share/realtime_servo/hook/cmake_prefix_path.dsv'
[0.928s] INFO:colcon.colcon_core.shell:Creating environment hook '/home/bo/ws_joystickarm/install/realtime_servo/share/realtime_servo/hook/cmake_prefix_path.sh'
[0.929s] Level 1:colcon.colcon_core.environment:checking '/home/bo/ws_joystickarm/install/realtime_servo/lib'
[0.929s] Level 1:colcon.colcon_core.environment:checking '/home/bo/ws_joystickarm/install/realtime_servo/bin'
[0.929s] Level 1:colcon.colcon_core.environment:checking '/home/bo/ws_joystickarm/install/realtime_servo/lib/pkgconfig/realtime_servo.pc'
[0.929s] Level 1:colcon.colcon_core.environment:checking '/home/bo/ws_joystickarm/install/realtime_servo/lib/python3.10/site-packages'
[0.930s] Level 1:colcon.colcon_core.environment:checking '/home/bo/ws_joystickarm/install/realtime_servo/bin'
[0.930s] INFO:colcon.colcon_core.shell:Creating package script '/home/bo/ws_joystickarm/install/realtime_servo/share/realtime_servo/package.ps1'
[0.937s] INFO:colcon.colcon_core.shell:Creating package descriptor '/home/bo/ws_joystickarm/install/realtime_servo/share/realtime_servo/package.dsv'
[0.938s] INFO:colcon.colcon_core.shell:Creating package script '/home/bo/ws_joystickarm/install/realtime_servo/share/realtime_servo/package.sh'
[0.939s] INFO:colcon.colcon_core.shell:Creating package script '/home/bo/ws_joystickarm/install/realtime_servo/share/realtime_servo/package.bash'
[0.939s] INFO:colcon.colcon_core.shell:Creating package script '/home/bo/ws_joystickarm/install/realtime_servo/share/realtime_servo/package.zsh'
[0.940s] Level 1:colcon.colcon_core.environment:create_file_with_runtime_dependencies(/home/bo/ws_joystickarm/install/realtime_servo/share/colcon-core/packages/realtime_servo)
[1.141s] Level 1:colcon.colcon_core.environment:checking '/home/bo/ws_joystickarm/install/joystick_pub' for CMake module files
[1.142s] Level 1:colcon.colcon_core.environment:checking '/home/bo/ws_joystickarm/install/joystick_pub' for CMake config files
[1.142s] DEBUG:colcon.colcon_core.event_handler.log_command:Invoked command in '/home/bo/ws_joystickarm/src/joystick_pub' returned '0': PYTHONPATH=/home/bo/ws_joystickarm/build/joystick_pub/prefix_override:/home/bo/ws_joystickarm/install/joystick_pub/lib/python3.10/site-packages:${PYTHONPATH} /usr/bin/python3 setup.py egg_info --egg-base ../../build/joystick_pub build --build-base /home/bo/ws_joystickarm/build/joystick_pub/build install --record /home/bo/ws_joystickarm/build/joystick_pub/install.log --single-version-externally-managed
[1.143s] Level 1:colcon.colcon_core.environment:checking '/home/bo/ws_joystickarm/install/joystick_pub/lib'
[1.143s] Level 1:colcon.colcon_core.environment:checking '/home/bo/ws_joystickarm/install/joystick_pub/bin'
[1.143s] Level 1:colcon.colcon_core.environment:checking '/home/bo/ws_joystickarm/install/joystick_pub/lib/pkgconfig/joystick_pub.pc'
[1.143s] Level 1:colcon.colcon_core.environment:checking '/home/bo/ws_joystickarm/install/joystick_pub/lib/python3.10/site-packages'
[1.143s] Level 1:colcon.colcon_core.shell:create_environment_hook('joystick_pub', 'pythonpath')
[1.144s] INFO:colcon.colcon_core.shell:Creating environment hook '/home/bo/ws_joystickarm/install/joystick_pub/share/joystick_pub/hook/pythonpath.ps1'
[1.145s] INFO:colcon.colcon_core.shell:Creating environment descriptor '/home/bo/ws_joystickarm/install/joystick_pub/share/joystick_pub/hook/pythonpath.dsv'
[1.145s] INFO:colcon.colcon_core.shell:Creating environment hook '/home/bo/ws_joystickarm/install/joystick_pub/share/joystick_pub/hook/pythonpath.sh'
[1.146s] Level 1:colcon.colcon_core.environment:checking '/home/bo/ws_joystickarm/install/joystick_pub/bin'
[1.146s] Level 1:colcon.colcon_core.environment:create_environment_scripts_only(joystick_pub)
[1.147s] INFO:colcon.colcon_core.shell:Creating package script '/home/bo/ws_joystickarm/install/joystick_pub/share/joystick_pub/package.ps1'
[1.148s] INFO:colcon.colcon_core.shell:Creating package descriptor '/home/bo/ws_joystickarm/install/joystick_pub/share/joystick_pub/package.dsv'
[1.148s] INFO:colcon.colcon_core.shell:Creating package script '/home/bo/ws_joystickarm/install/joystick_pub/share/joystick_pub/package.sh'
[1.148s] INFO:colcon.colcon_core.shell:Creating package script '/home/bo/ws_joystickarm/install/joystick_pub/share/joystick_pub/package.bash'
[1.149s] INFO:colcon.colcon_core.shell:Creating package script '/home/bo/ws_joystickarm/install/joystick_pub/share/joystick_pub/package.zsh'
[1.149s] Level 1:colcon.colcon_core.environment:create_file_with_runtime_dependencies(/home/bo/ws_joystickarm/install/joystick_pub/share/colcon-core/packages/joystick_pub)
[1.150s] DEBUG:colcon.colcon_parallel_executor.executor.parallel:closing loop
[1.150s] DEBUG:colcon.colcon_parallel_executor.executor.parallel:loop closed
[1.150s] DEBUG:colcon.colcon_parallel_executor.executor.parallel:run_until_complete finished with '0'
[1.150s] DEBUG:colcon.colcon_core.event_reactor:joining thread
[1.155s] INFO:colcon.colcon_core.plugin_system:Skipping extension 'colcon_notification.desktop_notification.terminal_notifier': Not used on non-Darwin systems
[1.155s] INFO:colcon.colcon_core.plugin_system:Skipping extension 'colcon_notification.desktop_notification.win32': Not used on non-Windows systems
[1.155s] INFO:colcon.colcon_notification.desktop_notification:Sending desktop notification using 'notify2'
[1.168s] DEBUG:colcon.colcon_core.event_reactor:joined thread
[1.169s] INFO:colcon.colcon_core.shell:Creating prefix script '/home/bo/ws_joystickarm/install/local_setup.ps1'
[1.170s] INFO:colcon.colcon_core.shell:Creating prefix util module '/home/bo/ws_joystickarm/install/_local_setup_util_ps1.py'
[1.171s] INFO:colcon.colcon_core.shell:Creating prefix chain script '/home/bo/ws_joystickarm/install/setup.ps1'
[1.175s] INFO:colcon.colcon_core.shell:Creating prefix script '/home/bo/ws_joystickarm/install/local_setup.sh'
[1.175s] INFO:colcon.colcon_core.shell:Creating prefix util module '/home/bo/ws_joystickarm/install/_local_setup_util_sh.py'
[1.176s] INFO:colcon.colcon_core.shell:Creating prefix chain script '/home/bo/ws_joystickarm/install/setup.sh'
[1.179s] INFO:colcon.colcon_core.shell:Creating prefix script '/home/bo/ws_joystickarm/install/local_setup.bash'
[1.180s] INFO:colcon.colcon_core.shell:Creating prefix chain script '/home/bo/ws_joystickarm/install/setup.bash'
[1.183s] INFO:colcon.colcon_core.shell:Creating prefix script '/home/bo/ws_joystickarm/install/local_setup.zsh'
[1.184s] INFO:colcon.colcon_core.shell:Creating prefix chain script '/home/bo/ws_joystickarm/install/setup.zsh'
