[2.001s] DEBUG:colcon:Command line arguments: ['/usr/bin/colcon', 'build', '--mixin', 'release', '--parallel-workers', '4']
[2.001s] DEBUG:colcon:Parsed command line arguments: Namespace(log_base=None, log_level=None, verb_name='build', build_base='build', install_base='install', merge_install=False, symlink_install=False, test_result_base=None, continue_on_error=False, executor='parallel', parallel_workers=4, event_handlers=None, ignore_user_meta=False, metas=['./colcon.meta'], base_paths=['.'], packages_ignore=None, packages_ignore_regex=None, paths=None, packages_up_to=None, packages_up_to_regex=None, packages_above=None, packages_above_and_dependencies=None, packages_above_depth=None, packages_select_by_dep=None, packages_skip_by_dep=None, packages_skip_up_to=None, packages_select_build_failed=False, packages_skip_build_finished=False, packages_select_test_failures=False, packages_skip_test_passed=False, packages_select=None, packages_skip=None, packages_select_regex=None, packages_skip_regex=None, packages_start=None, packages_end=None, allow_overriding=[], cmake_args=['-DCMAKE_BUILD_TYPE=Release'], cmake_target=None, cmake_target_skip_unavailable=False, cmake_clean_cache=False, cmake_clean_first=False, cmake_force_configure=False, ament_cmake_args=None, catkin_cmake_args=None, catkin_skip_building_tests=False, mixin_files=None, mixin=['release'], verb_parser=<colcon_mixin.mixin.mixin_argument.MixinArgumentDecorator object at 0x7fee5e547580>, verb_extension=<colcon_core.verb.build.BuildVerb object at 0x7fee5e546ef0>, main=<bound method BuildVerb.main of <colcon_core.verb.build.BuildVerb object at 0x7fee5e546ef0>>, mixin_verb=('build',))
[2.090s] Level 1:colcon.colcon_core.package_discovery:discover_packages(colcon_meta) check parameters
[2.090s] Level 1:colcon.colcon_core.package_discovery:discover_packages(recursive) check parameters
[2.090s] Level 1:colcon.colcon_core.package_discovery:discover_packages(ignore) check parameters
[2.090s] Level 1:colcon.colcon_core.package_discovery:discover_packages(path) check parameters
[2.090s] Level 1:colcon.colcon_core.package_discovery:discover_packages(colcon_meta) discover
[2.090s] Level 1:colcon.colcon_core.package_discovery:discover_packages(recursive) discover
[2.090s] INFO:colcon.colcon_core.package_discovery:Crawling recursively for packages in '/home/bo/ws_joystickarm'
[2.091s] Level 1:colcon.colcon_core.package_identification:_identify(.) by extensions ['ignore', 'ignore_ament_install']
[2.091s] Level 1:colcon.colcon_core.package_identification:_identify(.) by extension 'ignore'
[2.091s] Level 1:colcon.colcon_core.package_identification:_identify(.) by extension 'ignore_ament_install'
[2.091s] Level 1:colcon.colcon_core.package_identification:_identify(.) by extensions ['colcon_pkg']
[2.091s] Level 1:colcon.colcon_core.package_identification:_identify(.) by extension 'colcon_pkg'
[2.091s] Level 1:colcon.colcon_core.package_identification:_identify(.) by extensions ['colcon_meta']
[2.091s] Level 1:colcon.colcon_core.package_identification:_identify(.) by extension 'colcon_meta'
[2.091s] Level 1:colcon.colcon_core.package_identification:_identify(.) by extensions ['ros']
[2.091s] Level 1:colcon.colcon_core.package_identification:_identify(.) by extension 'ros'
[2.121s] Level 1:colcon.colcon_core.package_identification:_identify(.) by extensions ['cmake', 'python']
[2.122s] Level 1:colcon.colcon_core.package_identification:_identify(.) by extension 'cmake'
[2.122s] Level 1:colcon.colcon_core.package_identification:_identify(.) by extension 'python'
[2.122s] Level 1:colcon.colcon_core.package_identification:_identify(.) by extensions ['python_setup_py']
[2.122s] Level 1:colcon.colcon_core.package_identification:_identify(.) by extension 'python_setup_py'
[2.122s] Level 1:colcon.colcon_core.package_identification:_identify(build) by extensions ['ignore', 'ignore_ament_install']
[2.122s] Level 1:colcon.colcon_core.package_identification:_identify(build) by extension 'ignore'
[2.122s] Level 1:colcon.colcon_core.package_identification:_identify(build) ignored
[2.122s] Level 1:colcon.colcon_core.package_identification:_identify(install) by extensions ['ignore', 'ignore_ament_install']
[2.122s] Level 1:colcon.colcon_core.package_identification:_identify(install) by extension 'ignore'
[2.122s] Level 1:colcon.colcon_core.package_identification:_identify(install) ignored
[2.123s] Level 1:colcon.colcon_core.package_identification:_identify(log) by extensions ['ignore', 'ignore_ament_install']
[2.123s] Level 1:colcon.colcon_core.package_identification:_identify(log) by extension 'ignore'
[2.123s] Level 1:colcon.colcon_core.package_identification:_identify(log) ignored
[2.123s] Level 1:colcon.colcon_core.package_identification:_identify(src) by extensions ['ignore', 'ignore_ament_install']
[2.123s] Level 1:colcon.colcon_core.package_identification:_identify(src) by extension 'ignore'
[2.123s] Level 1:colcon.colcon_core.package_identification:_identify(src) by extension 'ignore_ament_install'
[2.123s] Level 1:colcon.colcon_core.package_identification:_identify(src) by extensions ['colcon_pkg']
[2.123s] Level 1:colcon.colcon_core.package_identification:_identify(src) by extension 'colcon_pkg'
[2.123s] Level 1:colcon.colcon_core.package_identification:_identify(src) by extensions ['colcon_meta']
[2.123s] Level 1:colcon.colcon_core.package_identification:_identify(src) by extension 'colcon_meta'
[2.123s] Level 1:colcon.colcon_core.package_identification:_identify(src) by extensions ['ros']
[2.123s] Level 1:colcon.colcon_core.package_identification:_identify(src) by extension 'ros'
[2.123s] Level 1:colcon.colcon_core.package_identification:_identify(src) by extensions ['cmake', 'python']
[2.124s] Level 1:colcon.colcon_core.package_identification:_identify(src) by extension 'cmake'
[2.124s] Level 1:colcon.colcon_core.package_identification:_identify(src) by extension 'python'
[2.124s] Level 1:colcon.colcon_core.package_identification:_identify(src) by extensions ['python_setup_py']
[2.124s] Level 1:colcon.colcon_core.package_identification:_identify(src) by extension 'python_setup_py'
[2.124s] Level 1:colcon.colcon_core.package_identification:_identify(src/joystick_pub) by extensions ['ignore', 'ignore_ament_install']
[2.124s] Level 1:colcon.colcon_core.package_identification:_identify(src/joystick_pub) by extension 'ignore'
[2.124s] Level 1:colcon.colcon_core.package_identification:_identify(src/joystick_pub) by extension 'ignore_ament_install'
[2.124s] Level 1:colcon.colcon_core.package_identification:_identify(src/joystick_pub) by extensions ['colcon_pkg']
[2.124s] Level 1:colcon.colcon_core.package_identification:_identify(src/joystick_pub) by extension 'colcon_pkg'
[2.124s] Level 1:colcon.colcon_core.package_identification:_identify(src/joystick_pub) by extensions ['colcon_meta']
[2.124s] Level 1:colcon.colcon_core.package_identification:_identify(src/joystick_pub) by extension 'colcon_meta'
[2.124s] Level 1:colcon.colcon_core.package_identification:_identify(src/joystick_pub) by extensions ['ros']
[2.124s] Level 1:colcon.colcon_core.package_identification:_identify(src/joystick_pub) by extension 'ros'
[2.139s] DEBUG:colcon.colcon_core.package_identification:Package 'src/joystick_pub' with type 'ros.ament_python' and name 'joystick_pub'
[2.139s] Level 1:colcon.colcon_core.package_identification:_identify(src/realtime_servo) by extensions ['ignore', 'ignore_ament_install']
[2.139s] Level 1:colcon.colcon_core.package_identification:_identify(src/realtime_servo) by extension 'ignore'
[2.139s] Level 1:colcon.colcon_core.package_identification:_identify(src/realtime_servo) by extension 'ignore_ament_install'
[2.140s] Level 1:colcon.colcon_core.package_identification:_identify(src/realtime_servo) by extensions ['colcon_pkg']
[2.140s] Level 1:colcon.colcon_core.package_identification:_identify(src/realtime_servo) by extension 'colcon_pkg'
[2.140s] Level 1:colcon.colcon_core.package_identification:_identify(src/realtime_servo) by extensions ['colcon_meta']
[2.140s] Level 1:colcon.colcon_core.package_identification:_identify(src/realtime_servo) by extension 'colcon_meta'
[2.140s] Level 1:colcon.colcon_core.package_identification:_identify(src/realtime_servo) by extensions ['ros']
[2.140s] Level 1:colcon.colcon_core.package_identification:_identify(src/realtime_servo) by extension 'ros'
[2.143s] DEBUG:colcon.colcon_core.package_identification:Package 'src/realtime_servo' with type 'ros.ament_cmake' and name 'realtime_servo'
[2.143s] Level 1:colcon.colcon_core.package_discovery:discover_packages(recursive) using defaults
[2.143s] Level 1:colcon.colcon_core.package_discovery:discover_packages(ignore) discover
[2.143s] Level 1:colcon.colcon_core.package_discovery:discover_packages(ignore) using defaults
[2.143s] Level 1:colcon.colcon_core.package_discovery:discover_packages(path) discover
[2.143s] Level 1:colcon.colcon_core.package_discovery:discover_packages(path) using defaults
[2.224s] Level 1:colcon.colcon_core.package_discovery:discover_packages(prefix_path) check parameters
[2.224s] Level 1:colcon.colcon_core.package_discovery:discover_packages(prefix_path) discover
[2.242s] DEBUG:colcon.colcon_installed_package_information.package_discovery:Found 56 installed packages in /home/bo/ws_moveit2/install
[2.245s] DEBUG:colcon.colcon_installed_package_information.package_discovery:Found 314 installed packages in /opt/ros/humble
[2.256s] Level 1:colcon.colcon_core.package_discovery:discover_packages(prefix_path) using defaults
[2.482s] Level 5:colcon.colcon_core.verb:set package 'joystick_pub' build argument 'cmake_args' from command line to '['-DCMAKE_BUILD_TYPE=Release']'
[2.482s] Level 5:colcon.colcon_core.verb:set package 'joystick_pub' build argument 'cmake_target' from command line to 'None'
[2.482s] Level 5:colcon.colcon_core.verb:set package 'joystick_pub' build argument 'cmake_target_skip_unavailable' from command line to 'False'
[2.482s] Level 5:colcon.colcon_core.verb:set package 'joystick_pub' build argument 'cmake_clean_cache' from command line to 'False'
[2.482s] Level 5:colcon.colcon_core.verb:set package 'joystick_pub' build argument 'cmake_clean_first' from command line to 'False'
[2.483s] Level 5:colcon.colcon_core.verb:set package 'joystick_pub' build argument 'cmake_force_configure' from command line to 'False'
[2.483s] Level 5:colcon.colcon_core.verb:set package 'joystick_pub' build argument 'ament_cmake_args' from command line to 'None'
[2.483s] Level 5:colcon.colcon_core.verb:set package 'joystick_pub' build argument 'catkin_cmake_args' from command line to 'None'
[2.483s] Level 5:colcon.colcon_core.verb:set package 'joystick_pub' build argument 'catkin_skip_building_tests' from command line to 'False'
[2.483s] DEBUG:colcon.colcon_core.verb:Building package 'joystick_pub' with the following arguments: {'ament_cmake_args': None, 'build_base': '/home/bo/ws_joystickarm/build/joystick_pub', 'catkin_cmake_args': None, 'catkin_skip_building_tests': False, 'cmake_args': ['-DCMAKE_BUILD_TYPE=Release'], 'cmake_clean_cache': False, 'cmake_clean_first': False, 'cmake_force_configure': False, 'cmake_target': None, 'cmake_target_skip_unavailable': False, 'install_base': '/home/bo/ws_joystickarm/install/joystick_pub', 'merge_install': False, 'path': '/home/bo/ws_joystickarm/src/joystick_pub', 'symlink_install': False, 'test_result_base': None}
[2.485s] Level 5:colcon.colcon_core.verb:set package 'realtime_servo' build argument 'cmake_args' from command line to '['-DCMAKE_BUILD_TYPE=Release']'
[2.485s] Level 5:colcon.colcon_core.verb:set package 'realtime_servo' build argument 'cmake_target' from command line to 'None'
[2.485s] Level 5:colcon.colcon_core.verb:set package 'realtime_servo' build argument 'cmake_target_skip_unavailable' from command line to 'False'
[2.485s] Level 5:colcon.colcon_core.verb:set package 'realtime_servo' build argument 'cmake_clean_cache' from command line to 'False'
[2.485s] Level 5:colcon.colcon_core.verb:set package 'realtime_servo' build argument 'cmake_clean_first' from command line to 'False'
[2.485s] Level 5:colcon.colcon_core.verb:set package 'realtime_servo' build argument 'cmake_force_configure' from command line to 'False'
[2.485s] Level 5:colcon.colcon_core.verb:set package 'realtime_servo' build argument 'ament_cmake_args' from command line to 'None'
[2.485s] Level 5:colcon.colcon_core.verb:set package 'realtime_servo' build argument 'catkin_cmake_args' from command line to 'None'
[2.485s] Level 5:colcon.colcon_core.verb:set package 'realtime_servo' build argument 'catkin_skip_building_tests' from command line to 'False'
[2.485s] DEBUG:colcon.colcon_core.verb:Building package 'realtime_servo' with the following arguments: {'ament_cmake_args': None, 'build_base': '/home/bo/ws_joystickarm/build/realtime_servo', 'catkin_cmake_args': None, 'catkin_skip_building_tests': False, 'cmake_args': ['-DCMAKE_BUILD_TYPE=Release'], 'cmake_clean_cache': False, 'cmake_clean_first': False, 'cmake_force_configure': False, 'cmake_target': None, 'cmake_target_skip_unavailable': False, 'install_base': '/home/bo/ws_joystickarm/install/realtime_servo', 'merge_install': False, 'path': '/home/bo/ws_joystickarm/src/realtime_servo', 'symlink_install': False, 'test_result_base': None}
[2.487s] INFO:colcon.colcon_core.executor:Executing jobs using 'parallel' executor
[2.493s] DEBUG:colcon.colcon_parallel_executor.executor.parallel:run_until_complete
[2.493s] INFO:colcon.colcon_ros.task.ament_python.build:Building ROS package in '/home/bo/ws_joystickarm/src/joystick_pub' with build type 'ament_python'
[2.493s] Level 1:colcon.colcon_core.shell:create_environment_hook('joystick_pub', 'ament_prefix_path')
[2.512s] INFO:colcon.colcon_core.plugin_system:Skipping extension 'colcon_core.shell.bat': Not used on non-Windows systems
[2.513s] INFO:colcon.colcon_core.shell:Creating environment hook '/home/bo/ws_joystickarm/install/joystick_pub/share/joystick_pub/hook/ament_prefix_path.ps1'
[2.514s] INFO:colcon.colcon_core.shell:Creating environment descriptor '/home/bo/ws_joystickarm/install/joystick_pub/share/joystick_pub/hook/ament_prefix_path.dsv'
[2.516s] INFO:colcon.colcon_core.shell:Creating environment hook '/home/bo/ws_joystickarm/install/joystick_pub/share/joystick_pub/hook/ament_prefix_path.sh'
[2.527s] INFO:colcon.colcon_core.shell:Skip shell extension 'powershell' for command environment: Not usable outside of PowerShell
[2.527s] DEBUG:colcon.colcon_core.shell:Skip shell extension 'dsv' for command environment
[2.562s] INFO:colcon.colcon_ros.task.ament_cmake.build:Building ROS package in '/home/bo/ws_joystickarm/src/realtime_servo' with build type 'ament_cmake'
[2.562s] INFO:colcon.colcon_cmake.task.cmake.build:Building CMake package in '/home/bo/ws_joystickarm/src/realtime_servo'
[2.564s] INFO:colcon.colcon_core.shell:Skip shell extension 'powershell' for command environment: Not usable outside of PowerShell
[2.565s] DEBUG:colcon.colcon_core.shell:Skip shell extension 'dsv' for command environment
[3.645s] INFO:colcon.colcon_core.task.python.build:Building Python package in '/home/bo/ws_joystickarm/src/joystick_pub'
[3.648s] INFO:colcon.colcon_core.shell:Skip shell extension 'powershell' for command environment: Not usable outside of PowerShell
[3.648s] DEBUG:colcon.colcon_core.shell:Skip shell extension 'dsv' for command environment
[3.722s] DEBUG:colcon.colcon_core.event_handler.log_command:Invoking command in '/home/bo/ws_joystickarm/build/realtime_servo': CMAKE_PREFIX_PATH=${CMAKE_PREFIX_PATH}:/home/bo/ws_moveit2/install/moveit_configs_utils:/home/bo/ws_moveit2/install/launch_param_builder:/opt/ros/humble /usr/bin/cmake --build /home/bo/ws_joystickarm/build/realtime_servo -- -j2 -l2
[5.389s] DEBUG:colcon.colcon_core.event_handler.log_command:Invoked command in '/home/bo/ws_joystickarm/build/realtime_servo' returned '0': CMAKE_PREFIX_PATH=${CMAKE_PREFIX_PATH}:/home/bo/ws_moveit2/install/moveit_configs_utils:/home/bo/ws_moveit2/install/launch_param_builder:/opt/ros/humble /usr/bin/cmake --build /home/bo/ws_joystickarm/build/realtime_servo -- -j2 -l2
[6.020s] DEBUG:colcon.colcon_core.event_handler.log_command:Invoking command in '/home/bo/ws_joystickarm/build/realtime_servo': CMAKE_PREFIX_PATH=${CMAKE_PREFIX_PATH}:/home/bo/ws_moveit2/install/moveit_configs_utils:/home/bo/ws_moveit2/install/launch_param_builder:/opt/ros/humble /usr/bin/cmake --install /home/bo/ws_joystickarm/build/realtime_servo
[6.214s] Level 1:colcon.colcon_core.environment:create_environment_scripts_only(realtime_servo)
[6.216s] DEBUG:colcon.colcon_core.event_handler.log_command:Invoked command in '/home/bo/ws_joystickarm/build/realtime_servo' returned '0': CMAKE_PREFIX_PATH=${CMAKE_PREFIX_PATH}:/home/bo/ws_moveit2/install/moveit_configs_utils:/home/bo/ws_moveit2/install/launch_param_builder:/opt/ros/humble /usr/bin/cmake --install /home/bo/ws_joystickarm/build/realtime_servo
[6.286s] Level 1:colcon.colcon_core.environment:checking '/home/bo/ws_joystickarm/install/realtime_servo' for CMake module files
[6.288s] Level 1:colcon.colcon_core.environment:checking '/home/bo/ws_joystickarm/install/realtime_servo' for CMake config files
[6.288s] Level 1:colcon.colcon_core.shell:create_environment_hook('realtime_servo', 'cmake_prefix_path')
[6.312s] INFO:colcon.colcon_core.shell:Creating environment hook '/home/bo/ws_joystickarm/install/realtime_servo/share/realtime_servo/hook/cmake_prefix_path.ps1'
[6.317s] INFO:colcon.colcon_core.shell:Creating environment descriptor '/home/bo/ws_joystickarm/install/realtime_servo/share/realtime_servo/hook/cmake_prefix_path.dsv'
[6.322s] INFO:colcon.colcon_core.shell:Creating environment hook '/home/bo/ws_joystickarm/install/realtime_servo/share/realtime_servo/hook/cmake_prefix_path.sh'
[6.334s] Level 1:colcon.colcon_core.environment:checking '/home/bo/ws_joystickarm/install/realtime_servo/lib'
[6.335s] Level 1:colcon.colcon_core.environment:checking '/home/bo/ws_joystickarm/install/realtime_servo/bin'
[6.335s] Level 1:colcon.colcon_core.environment:checking '/home/bo/ws_joystickarm/install/realtime_servo/lib/pkgconfig/realtime_servo.pc'
[6.335s] Level 1:colcon.colcon_core.environment:checking '/home/bo/ws_joystickarm/install/realtime_servo/lib/python3.10/site-packages'
[6.335s] Level 1:colcon.colcon_core.environment:checking '/home/bo/ws_joystickarm/install/realtime_servo/bin'
[6.337s] INFO:colcon.colcon_core.shell:Creating package script '/home/bo/ws_joystickarm/install/realtime_servo/share/realtime_servo/package.ps1'
[6.351s] INFO:colcon.colcon_core.shell:Creating package descriptor '/home/bo/ws_joystickarm/install/realtime_servo/share/realtime_servo/package.dsv'
[6.366s] INFO:colcon.colcon_core.shell:Creating package script '/home/bo/ws_joystickarm/install/realtime_servo/share/realtime_servo/package.sh'
[6.379s] INFO:colcon.colcon_core.shell:Creating package script '/home/bo/ws_joystickarm/install/realtime_servo/share/realtime_servo/package.bash'
[6.384s] INFO:colcon.colcon_core.shell:Creating package script '/home/bo/ws_joystickarm/install/realtime_servo/share/realtime_servo/package.zsh'
[6.393s] Level 1:colcon.colcon_core.environment:create_file_with_runtime_dependencies(/home/bo/ws_joystickarm/install/realtime_servo/share/colcon-core/packages/realtime_servo)
[6.767s] Level 1:colcon.colcon_core.environment:create_environment_scripts_only(realtime_servo)
[6.778s] Level 1:colcon.colcon_core.environment:checking '/home/bo/ws_joystickarm/install/realtime_servo' for CMake module files
[6.779s] Level 1:colcon.colcon_core.environment:checking '/home/bo/ws_joystickarm/install/realtime_servo' for CMake config files
[6.779s] Level 1:colcon.colcon_core.shell:create_environment_hook('realtime_servo', 'cmake_prefix_path')
[6.780s] INFO:colcon.colcon_core.shell:Creating environment hook '/home/bo/ws_joystickarm/install/realtime_servo/share/realtime_servo/hook/cmake_prefix_path.ps1'
[6.793s] INFO:colcon.colcon_core.shell:Creating environment descriptor '/home/bo/ws_joystickarm/install/realtime_servo/share/realtime_servo/hook/cmake_prefix_path.dsv'
[6.801s] INFO:colcon.colcon_core.shell:Creating environment hook '/home/bo/ws_joystickarm/install/realtime_servo/share/realtime_servo/hook/cmake_prefix_path.sh'
[6.805s] Level 1:colcon.colcon_core.environment:checking '/home/bo/ws_joystickarm/install/realtime_servo/lib'
[6.805s] Level 1:colcon.colcon_core.environment:checking '/home/bo/ws_joystickarm/install/realtime_servo/bin'
[6.805s] Level 1:colcon.colcon_core.environment:checking '/home/bo/ws_joystickarm/install/realtime_servo/lib/pkgconfig/realtime_servo.pc'
[6.805s] Level 1:colcon.colcon_core.environment:checking '/home/bo/ws_joystickarm/install/realtime_servo/lib/python3.10/site-packages'
[6.814s] Level 1:colcon.colcon_core.environment:checking '/home/bo/ws_joystickarm/install/realtime_servo/bin'
[6.827s] INFO:colcon.colcon_core.shell:Creating package script '/home/bo/ws_joystickarm/install/realtime_servo/share/realtime_servo/package.ps1'
[6.835s] INFO:colcon.colcon_core.shell:Creating package descriptor '/home/bo/ws_joystickarm/install/realtime_servo/share/realtime_servo/package.dsv'
[6.846s] INFO:colcon.colcon_core.shell:Creating package script '/home/bo/ws_joystickarm/install/realtime_servo/share/realtime_servo/package.sh'
[6.849s] INFO:colcon.colcon_core.shell:Creating package script '/home/bo/ws_joystickarm/install/realtime_servo/share/realtime_servo/package.bash'
[6.850s] INFO:colcon.colcon_core.shell:Creating package script '/home/bo/ws_joystickarm/install/realtime_servo/share/realtime_servo/package.zsh'
[6.855s] Level 1:colcon.colcon_core.environment:create_file_with_runtime_dependencies(/home/bo/ws_joystickarm/install/realtime_servo/share/colcon-core/packages/realtime_servo)
[7.100s] DEBUG:colcon.colcon_core.event_handler.log_command:Invoking command in '/home/bo/ws_joystickarm/src/joystick_pub': PYTHONPATH=/home/bo/ws_joystickarm/build/joystick_pub/prefix_override:/home/bo/ws_joystickarm/install/joystick_pub/lib/python3.10/site-packages:${PYTHONPATH} /usr/bin/python3 setup.py egg_info --egg-base ../../build/joystick_pub build --build-base /home/bo/ws_joystickarm/build/joystick_pub/build install --record /home/bo/ws_joystickarm/build/joystick_pub/install.log --single-version-externally-managed
[8.373s] Level 1:colcon.colcon_core.environment:checking '/home/bo/ws_joystickarm/install/joystick_pub' for CMake module files
[8.374s] DEBUG:colcon.colcon_core.event_handler.log_command:Invoked command in '/home/bo/ws_joystickarm/src/joystick_pub' returned '0': PYTHONPATH=/home/bo/ws_joystickarm/build/joystick_pub/prefix_override:/home/bo/ws_joystickarm/install/joystick_pub/lib/python3.10/site-packages:${PYTHONPATH} /usr/bin/python3 setup.py egg_info --egg-base ../../build/joystick_pub build --build-base /home/bo/ws_joystickarm/build/joystick_pub/build install --record /home/bo/ws_joystickarm/build/joystick_pub/install.log --single-version-externally-managed
[8.375s] Level 1:colcon.colcon_core.environment:checking '/home/bo/ws_joystickarm/install/joystick_pub' for CMake config files
[8.376s] Level 1:colcon.colcon_core.environment:checking '/home/bo/ws_joystickarm/install/joystick_pub/lib'
[8.376s] Level 1:colcon.colcon_core.environment:checking '/home/bo/ws_joystickarm/install/joystick_pub/bin'
[8.376s] Level 1:colcon.colcon_core.environment:checking '/home/bo/ws_joystickarm/install/joystick_pub/lib/pkgconfig/joystick_pub.pc'
[8.376s] Level 1:colcon.colcon_core.environment:checking '/home/bo/ws_joystickarm/install/joystick_pub/lib/python3.10/site-packages'
[8.376s] Level 1:colcon.colcon_core.shell:create_environment_hook('joystick_pub', 'pythonpath')
[8.378s] INFO:colcon.colcon_core.shell:Creating environment hook '/home/bo/ws_joystickarm/install/joystick_pub/share/joystick_pub/hook/pythonpath.ps1'
[8.378s] INFO:colcon.colcon_core.shell:Creating environment descriptor '/home/bo/ws_joystickarm/install/joystick_pub/share/joystick_pub/hook/pythonpath.dsv'
[8.386s] INFO:colcon.colcon_core.shell:Creating environment hook '/home/bo/ws_joystickarm/install/joystick_pub/share/joystick_pub/hook/pythonpath.sh'
[8.391s] Level 1:colcon.colcon_core.environment:checking '/home/bo/ws_joystickarm/install/joystick_pub/bin'
[8.391s] Level 1:colcon.colcon_core.environment:create_environment_scripts_only(joystick_pub)
[8.393s] INFO:colcon.colcon_core.shell:Creating package script '/home/bo/ws_joystickarm/install/joystick_pub/share/joystick_pub/package.ps1'
[8.403s] INFO:colcon.colcon_core.shell:Creating package descriptor '/home/bo/ws_joystickarm/install/joystick_pub/share/joystick_pub/package.dsv'
[8.404s] INFO:colcon.colcon_core.shell:Creating package script '/home/bo/ws_joystickarm/install/joystick_pub/share/joystick_pub/package.sh'
[8.407s] INFO:colcon.colcon_core.shell:Creating package script '/home/bo/ws_joystickarm/install/joystick_pub/share/joystick_pub/package.bash'
[8.409s] INFO:colcon.colcon_core.shell:Creating package script '/home/bo/ws_joystickarm/install/joystick_pub/share/joystick_pub/package.zsh'
[8.414s] Level 1:colcon.colcon_core.environment:create_file_with_runtime_dependencies(/home/bo/ws_joystickarm/install/joystick_pub/share/colcon-core/packages/joystick_pub)
[8.415s] DEBUG:colcon.colcon_parallel_executor.executor.parallel:closing loop
[8.422s] DEBUG:colcon.colcon_parallel_executor.executor.parallel:loop closed
[8.422s] DEBUG:colcon.colcon_parallel_executor.executor.parallel:run_until_complete finished with '0'
[8.422s] DEBUG:colcon.colcon_core.event_reactor:joining thread
[8.442s] INFO:colcon.colcon_core.plugin_system:Skipping extension 'colcon_notification.desktop_notification.terminal_notifier': Not used on non-Darwin systems
[8.442s] INFO:colcon.colcon_core.plugin_system:Skipping extension 'colcon_notification.desktop_notification.win32': Not used on non-Windows systems
[8.442s] INFO:colcon.colcon_notification.desktop_notification:Sending desktop notification using 'notify2'
[8.501s] DEBUG:colcon.colcon_core.event_reactor:joined thread
[8.504s] INFO:colcon.colcon_core.shell:Creating prefix script '/home/bo/ws_joystickarm/install/local_setup.ps1'
[8.506s] INFO:colcon.colcon_core.shell:Creating prefix util module '/home/bo/ws_joystickarm/install/_local_setup_util_ps1.py'
[8.517s] INFO:colcon.colcon_core.shell:Creating prefix chain script '/home/bo/ws_joystickarm/install/setup.ps1'
[8.542s] INFO:colcon.colcon_core.shell:Creating prefix script '/home/bo/ws_joystickarm/install/local_setup.sh'
[8.547s] INFO:colcon.colcon_core.shell:Creating prefix util module '/home/bo/ws_joystickarm/install/_local_setup_util_sh.py'
[8.548s] INFO:colcon.colcon_core.shell:Creating prefix chain script '/home/bo/ws_joystickarm/install/setup.sh'
[8.568s] INFO:colcon.colcon_core.shell:Creating prefix script '/home/bo/ws_joystickarm/install/local_setup.bash'
[8.569s] INFO:colcon.colcon_core.shell:Creating prefix chain script '/home/bo/ws_joystickarm/install/setup.bash'
[8.587s] INFO:colcon.colcon_core.shell:Creating prefix script '/home/bo/ws_joystickarm/install/local_setup.zsh'
[8.594s] INFO:colcon.colcon_core.shell:Creating prefix chain script '/home/bo/ws_joystickarm/install/setup.zsh'
