[0.029s] Invoking command in '/home/bo/ws_xianyu/build/hello_moveit': CMAKE_PREFIX_PATH=${CMAKE_PREFIX_PATH}:/home/bo/ws_moveit2/install/moveit_configs_utils:/home/bo/ws_moveit2/install/launch_param_builder:/opt/ros/humble /usr/bin/cmake --build /home/bo/ws_xianyu/build/hello_moveit -- -j2 -l2
[0.117s] [100%] Built target hello_moveit
[0.220s] Invoked command in '/home/bo/ws_xianyu/build/hello_moveit' returned '0': CMAKE_PREFIX_PATH=${CMAKE_PREFIX_PATH}:/home/bo/ws_moveit2/install/moveit_configs_utils:/home/bo/ws_moveit2/install/launch_param_builder:/opt/ros/humble /usr/bin/cmake --build /home/bo/ws_xianyu/build/hello_moveit -- -j2 -l2
[0.372s] Invoking command in '/home/bo/ws_xianyu/build/hello_moveit': CMAKE_PREFIX_PATH=${CMAKE_PREFIX_PATH}:/home/bo/ws_moveit2/install/moveit_configs_utils:/home/bo/ws_moveit2/install/launch_param_builder:/opt/ros/humble /usr/bin/cmake --install /home/bo/ws_xianyu/build/hello_moveit
[0.392s] -- Install configuration: "Release"
[0.393s] -- Up-to-date: /home/bo/ws_xianyu/install/hello_moveit/lib/hello_moveit/hello_moveit
[0.394s] -- Up-to-date: /home/bo/ws_xianyu/install/hello_moveit/share/ament_index/resource_index/package_run_dependencies/hello_moveit
[0.395s] -- Up-to-date: /home/bo/ws_xianyu/install/hello_moveit/share/ament_index/resource_index/parent_prefix_path/hello_moveit
[0.396s] -- Up-to-date: /home/bo/ws_xianyu/install/hello_moveit/share/hello_moveit/environment/ament_prefix_path.sh
[0.397s] -- Up-to-date: /home/bo/ws_xianyu/install/hello_moveit/share/hello_moveit/environment/ament_prefix_path.dsv
[0.398s] -- Up-to-date: /home/bo/ws_xianyu/install/hello_moveit/share/hello_moveit/environment/path.sh
[0.399s] -- Up-to-date: /home/bo/ws_xianyu/install/hello_moveit/share/hello_moveit/environment/path.dsv
[0.399s] -- Up-to-date: /home/bo/ws_xianyu/install/hello_moveit/share/hello_moveit/local_setup.bash
[0.400s] -- Up-to-date: /home/bo/ws_xianyu/install/hello_moveit/share/hello_moveit/local_setup.sh
[0.401s] -- Up-to-date: /home/bo/ws_xianyu/install/hello_moveit/share/hello_moveit/local_setup.zsh
[0.401s] -- Up-to-date: /home/bo/ws_xianyu/install/hello_moveit/share/hello_moveit/local_setup.dsv
[0.402s] -- Installing: /home/bo/ws_xianyu/install/hello_moveit/share/hello_moveit/package.dsv
[0.403s] -- Up-to-date: /home/bo/ws_xianyu/install/hello_moveit/share/ament_index/resource_index/packages/hello_moveit
[0.403s] -- Up-to-date: /home/bo/ws_xianyu/install/hello_moveit/share/hello_moveit/cmake/hello_moveitConfig.cmake
[0.404s] -- Up-to-date: /home/bo/ws_xianyu/install/hello_moveit/share/hello_moveit/cmake/hello_moveitConfig-version.cmake
[0.404s] -- Up-to-date: /home/bo/ws_xianyu/install/hello_moveit/share/hello_moveit/package.xml
[0.406s] Invoked command in '/home/bo/ws_xianyu/build/hello_moveit' returned '0': CMAKE_PREFIX_PATH=${CMAKE_PREFIX_PATH}:/home/bo/ws_moveit2/install/moveit_configs_utils:/home/bo/ws_moveit2/install/launch_param_builder:/opt/ros/humble /usr/bin/cmake --install /home/bo/ws_xianyu/build/hello_moveit
