[0.529s] Invoking command in '/home/bo/ws_joystickarm/src/joystick_pub': PYTHONPATH=/home/bo/ws_joystickarm/build/joystick_pub/prefix_override:/home/bo/ws_joystickarm/install/joystick_pub/lib/python3.10/site-packages:${PYTHONPATH} /usr/bin/python3 setup.py egg_info --egg-base ../../build/joystick_pub build --build-base /home/bo/ws_joystickarm/build/joystick_pub/build install --record /home/bo/ws_joystickarm/build/joystick_pub/install.log --single-version-externally-managed
[0.763s] running egg_info
[0.764s] writing ../../build/joystick_pub/joystick_pub.egg-info/PKG-INFO
[0.764s] writing dependency_links to ../../build/joystick_pub/joystick_pub.egg-info/dependency_links.txt
[0.765s] writing entry points to ../../build/joystick_pub/joystick_pub.egg-info/entry_points.txt
[0.766s] writing requirements to ../../build/joystick_pub/joystick_pub.egg-info/requires.txt
[0.766s] writing top-level names to ../../build/joystick_pub/joystick_pub.egg-info/top_level.txt
[0.767s] reading manifest file '../../build/joystick_pub/joystick_pub.egg-info/SOURCES.txt'
[0.768s] writing manifest file '../../build/joystick_pub/joystick_pub.egg-info/SOURCES.txt'
[0.769s] running build
[0.769s] running build_py
[0.769s] copying joystick_pub/joystick_driver.py -> /home/bo/ws_joystickarm/build/joystick_pub/build/lib/joystick_pub
[0.770s] copying joystick_pub/joystick_pub.py -> /home/bo/ws_joystickarm/build/joystick_pub/build/lib/joystick_pub
[0.771s] running install
[0.771s] running install_lib
[0.772s] copying /home/bo/ws_joystickarm/build/joystick_pub/build/lib/joystick_pub/joystick_driver.py -> /home/bo/ws_joystickarm/install/joystick_pub/lib/python3.10/site-packages/joystick_pub
[0.772s] copying /home/bo/ws_joystickarm/build/joystick_pub/build/lib/joystick_pub/joystick_pub.py -> /home/bo/ws_joystickarm/install/joystick_pub/lib/python3.10/site-packages/joystick_pub
[0.773s] byte-compiling /home/bo/ws_joystickarm/install/joystick_pub/lib/python3.10/site-packages/joystick_pub/joystick_driver.py to joystick_driver.cpython-310.pyc
[0.775s] byte-compiling /home/bo/ws_joystickarm/install/joystick_pub/lib/python3.10/site-packages/joystick_pub/joystick_pub.py to joystick_pub.cpython-310.pyc
[0.776s] running install_data
[0.776s] running install_egg_info
[0.777s] removing '/home/bo/ws_joystickarm/install/joystick_pub/lib/python3.10/site-packages/joystick_pub-0.0.0-py3.10.egg-info' (and everything under it)
[0.778s] Copying ../../build/joystick_pub/joystick_pub.egg-info to /home/bo/ws_joystickarm/install/joystick_pub/lib/python3.10/site-packages/joystick_pub-0.0.0-py3.10.egg-info
[0.778s] running install_scripts
[0.792s] Installing joystick_driver script to /home/bo/ws_joystickarm/install/joystick_pub/lib/joystick_pub
[0.792s] Installing joystick_pub script to /home/bo/ws_joystickarm/install/joystick_pub/lib/joystick_pub
[0.793s] writing list of installed files to '/home/bo/ws_joystickarm/build/joystick_pub/install.log'
[0.810s] Invoked command in '/home/bo/ws_joystickarm/src/joystick_pub' returned '0': PYTHONPATH=/home/bo/ws_joystickarm/build/joystick_pub/prefix_override:/home/bo/ws_joystickarm/install/joystick_pub/lib/python3.10/site-packages:${PYTHONPATH} /usr/bin/python3 setup.py egg_info --egg-base ../../build/joystick_pub build --build-base /home/bo/ws_joystickarm/build/joystick_pub/build install --record /home/bo/ws_joystickarm/build/joystick_pub/install.log --single-version-externally-managed
