[0.920s] Invoking command in '/home/bo/ws_joystickarm/src/joystick_pub': PYTHONPATH=/home/bo/ws_joystickarm/build/joystick_pub/prefix_override:/home/bo/ws_joystickarm/install/joystick_pub/lib/python3.10/site-packages:${PYTHONPATH} /usr/bin/python3 setup.py egg_info --egg-base ../../build/joystick_pub build --build-base /home/bo/ws_joystickarm/build/joystick_pub/build install --record /home/bo/ws_joystickarm/build/joystick_pub/install.log --single-version-externally-managed
[1.249s] running egg_info
[1.250s] writing ../../build/joystick_pub/joystick_pub.egg-info/PKG-INFO
[1.251s] writing dependency_links to ../../build/joystick_pub/joystick_pub.egg-info/dependency_links.txt
[1.251s] writing entry points to ../../build/joystick_pub/joystick_pub.egg-info/entry_points.txt
[1.251s] writing requirements to ../../build/joystick_pub/joystick_pub.egg-info/requires.txt
[1.252s] writing top-level names to ../../build/joystick_pub/joystick_pub.egg-info/top_level.txt
[1.254s] reading manifest file '../../build/joystick_pub/joystick_pub.egg-info/SOURCES.txt'
[1.255s] writing manifest file '../../build/joystick_pub/joystick_pub.egg-info/SOURCES.txt'
[1.255s] running build
[1.255s] running build_py
[1.256s] copying joystick_pub/joystick_pub.py -> /home/bo/ws_joystickarm/build/joystick_pub/build/lib/joystick_pub
[1.256s] running install
[1.256s] running install_lib
[1.257s] copying /home/bo/ws_joystickarm/build/joystick_pub/build/lib/joystick_pub/mine_joystick.py -> /home/bo/ws_joystickarm/install/joystick_pub/lib/python3.10/site-packages/joystick_pub
[1.258s] copying /home/bo/ws_joystickarm/build/joystick_pub/build/lib/joystick_pub/joystick_pub.py -> /home/bo/ws_joystickarm/install/joystick_pub/lib/python3.10/site-packages/joystick_pub
[1.258s] byte-compiling /home/bo/ws_joystickarm/install/joystick_pub/lib/python3.10/site-packages/joystick_pub/mine_joystick.py to mine_joystick.cpython-310.pyc
[1.260s] running install_data
[1.260s] running install_egg_info
[1.263s] removing '/home/bo/ws_joystickarm/install/joystick_pub/lib/python3.10/site-packages/joystick_pub-0.0.0-py3.10.egg-info' (and everything under it)
[1.264s] Copying ../../build/joystick_pub/joystick_pub.egg-info to /home/bo/ws_joystickarm/install/joystick_pub/lib/python3.10/site-packages/joystick_pub-0.0.0-py3.10.egg-info
[1.264s] running install_scripts
[1.289s] Installing joystick_driver script to /home/bo/ws_joystickarm/install/joystick_pub/lib/joystick_pub
[1.289s] Installing joystick_pub script to /home/bo/ws_joystickarm/install/joystick_pub/lib/joystick_pub
[1.290s] writing list of installed files to '/home/bo/ws_joystickarm/build/joystick_pub/install.log'
[1.320s] Invoked command in '/home/bo/ws_joystickarm/src/joystick_pub' returned '0': PYTHONPATH=/home/bo/ws_joystickarm/build/joystick_pub/prefix_override:/home/bo/ws_joystickarm/install/joystick_pub/lib/python3.10/site-packages:${PYTHONPATH} /usr/bin/python3 setup.py egg_info --egg-base ../../build/joystick_pub build --build-base /home/bo/ws_joystickarm/build/joystick_pub/build install --record /home/bo/ws_joystickarm/build/joystick_pub/install.log --single-version-externally-managed
