[1.084s] Invoking command in '/home/bo/ws_joystickarm/src/joystick_pub': PYTHONPATH=/home/bo/ws_joystickarm/build/joystick_pub/prefix_override:/home/bo/ws_joystickarm/install/joystick_pub/lib/python3.10/site-packages:${PYTHONPATH} /usr/bin/python3 setup.py egg_info --egg-base ../../build/joystick_pub build --build-base /home/bo/ws_joystickarm/build/joystick_pub/build install --record /home/bo/ws_joystickarm/build/joystick_pub/install.log --single-version-externally-managed
[1.470s] running egg_info
[1.471s] writing ../../build/joystick_pub/joystick_pub.egg-info/PKG-INFO
[1.471s] writing dependency_links to ../../build/joystick_pub/joystick_pub.egg-info/dependency_links.txt
[1.472s] writing entry points to ../../build/joystick_pub/joystick_pub.egg-info/entry_points.txt
[1.472s] writing requirements to ../../build/joystick_pub/joystick_pub.egg-info/requires.txt
[1.473s] writing top-level names to ../../build/joystick_pub/joystick_pub.egg-info/top_level.txt
[1.475s] reading manifest file '../../build/joystick_pub/joystick_pub.egg-info/SOURCES.txt'
[1.482s] writing manifest file '../../build/joystick_pub/joystick_pub.egg-info/SOURCES.txt'
[1.482s] running build
[1.482s] running build_py
[1.483s] running install
[1.483s] running install_lib
[1.485s] running install_data
[1.486s] running install_egg_info
[1.487s] removing '/home/bo/ws_joystickarm/install/joystick_pub/lib/python3.10/site-packages/joystick_pub-0.0.0-py3.10.egg-info' (and everything under it)
[1.488s] Copying ../../build/joystick_pub/joystick_pub.egg-info to /home/bo/ws_joystickarm/install/joystick_pub/lib/python3.10/site-packages/joystick_pub-0.0.0-py3.10.egg-info
[1.490s] running install_scripts
[1.511s] Installing joystick_driver script to /home/bo/ws_joystickarm/install/joystick_pub/lib/joystick_pub
[1.511s] Installing joystick_pub script to /home/bo/ws_joystickarm/install/joystick_pub/lib/joystick_pub
[1.512s] writing list of installed files to '/home/bo/ws_joystickarm/build/joystick_pub/install.log'
[1.549s] Invoked command in '/home/bo/ws_joystickarm/src/joystick_pub' returned '0': PYTHONPATH=/home/bo/ws_joystickarm/build/joystick_pub/prefix_override:/home/bo/ws_joystickarm/install/joystick_pub/lib/python3.10/site-packages:${PYTHONPATH} /usr/bin/python3 setup.py egg_info --egg-base ../../build/joystick_pub build --build-base /home/bo/ws_joystickarm/build/joystick_pub/build install --record /home/bo/ws_joystickarm/build/joystick_pub/install.log --single-version-externally-managed
