[0.033s] Invoking command in '/home/bo/ws_xianyu/build/hello_moveit': CMAKE_PREFIX_PATH=${CMAKE_PREFIX_PATH}:/home/bo/ws_moveit2/install/moveit_configs_utils:/home/bo/ws_moveit2/install/launch_param_builder:/opt/ros/humble /usr/bin/cmake /home/bo/ws_xianyu/src/hello_moveit -DCMAKE_BUILD_TYPE=Release -DCMAKE_INSTALL_PREFIX=/home/bo/ws_xianyu/install/hello_moveit
[0.054s] -- Found ament_cmake: 1.3.3 (/opt/ros/humble/share/ament_cmake/cmake)
[0.191s] -- Found moveit_ros_planning_interface: 2.5.4 (/home/bo/ws_moveit2/install/moveit_ros_planning_interface/share/moveit_ros_planning_interface/cmake)
[0.202s] -- Found Boost: /usr/lib/x86_64-linux-gnu/cmake/Boost-1.74.0/BoostConfig.cmake (found version "1.74.0") found components: date_time filesystem program_options system thread 
[0.227s] -- Found rosidl_generator_c: 3.1.4 (/opt/ros/humble/share/rosidl_generator_c/cmake)
[0.229s] -- Found rosidl_adapter: 3.1.4 (/opt/ros/humble/share/rosidl_adapter/cmake)
[0.233s] -- Found rosidl_generator_cpp: 3.1.4 (/opt/ros/humble/share/rosidl_generator_cpp/cmake)
[0.249s] -- Using all available rosidl_typesupport_c: rosidl_typesupport_fastrtps_c;rosidl_typesupport_introspection_c
[0.261s] -- Using all available rosidl_typesupport_cpp: rosidl_typesupport_fastrtps_cpp;rosidl_typesupport_introspection_cpp
[1.009s] -- Found Boost: /usr/lib/x86_64-linux-gnu/cmake/Boost-1.74.0/BoostConfig.cmake (found version "1.74.0") found components: chrono date_time filesystem iostreams program_options regex serialization system thread 
[1.019s] -- Found Boost: /usr/lib/x86_64-linux-gnu/cmake/Boost-1.74.0/BoostConfig.cmake (found version "1.74.0") found components: filesystem 
[1.074s] -- Found rmw_implementation_cmake: 6.1.1 (/opt/ros/humble/share/rmw_implementation_cmake/cmake)
[1.077s] -- Found rmw_cyclonedds_cpp: 1.3.4 (/opt/ros/humble/share/rmw_cyclonedds_cpp/cmake)
[1.098s] -- Using RMW implementation 'rmw_cyclonedds_cpp' as default
[1.225s] -- library: /usr/lib/x86_64-linux-gnu/libcurl.so
[1.345s] -- Ensuring Eigen3 include directory is part of orocos-kdl CMake target
[1.749s] -- Found Boost: /usr/lib/x86_64-linux-gnu/cmake/Boost-1.74.0/BoostConfig.cmake (found version "1.74.0") found components: system filesystem date_time program_options thread chrono 
[2.142s] -- Found Boost: /usr/lib/x86_64-linux-gnu/cmake/Boost-1.74.0/BoostConfig.cmake (found version "1.74.0") found components: thread system filesystem regex date_time program_options 
[2.311s] -- Found Boost: /usr/lib/x86_64-linux-gnu/cmake/Boost-1.74.0/BoostConfig.cmake (found version "1.74.0") found components: system filesystem date_time program_options thread 
[2.623s] -- Found ament_lint_auto: 0.12.5 (/opt/ros/humble/share/ament_lint_auto/cmake)
[2.696s] -- Added test 'cppcheck' to perform static code analysis on C / C++ code
[2.696s] -- Configured cppcheck include dirs: $<BUILD_INTERFACE:/home/bo/ws_xianyu/src/hello_moveit/include>
[2.696s] -- Configured cppcheck exclude dirs and/or files: 
[2.697s] -- Added test 'lint_cmake' to check CMake code style
[2.697s] -- Added test 'uncrustify' to check C / C++ code style
[2.697s] -- Configured uncrustify additional arguments: 
[2.699s] -- Added test 'xmllint' to check XML markup files
[2.701s] -- Configuring done
[2.751s] -- Generating done
[2.754s] -- Build files have been written to: /home/bo/ws_xianyu/build/hello_moveit
[2.762s] Invoked command in '/home/bo/ws_xianyu/build/hello_moveit' returned '0': CMAKE_PREFIX_PATH=${CMAKE_PREFIX_PATH}:/home/bo/ws_moveit2/install/moveit_configs_utils:/home/bo/ws_moveit2/install/launch_param_builder:/opt/ros/humble /usr/bin/cmake /home/bo/ws_xianyu/src/hello_moveit -DCMAKE_BUILD_TYPE=Release -DCMAKE_INSTALL_PREFIX=/home/bo/ws_xianyu/install/hello_moveit
[2.763s] Invoking command in '/home/bo/ws_xianyu/build/hello_moveit': CMAKE_PREFIX_PATH=${CMAKE_PREFIX_PATH}:/home/bo/ws_moveit2/install/moveit_configs_utils:/home/bo/ws_moveit2/install/launch_param_builder:/opt/ros/humble /usr/bin/cmake --build /home/bo/ws_xianyu/build/hello_moveit -- -j2 -l2
[2.827s] [35m[1mConsolidate compiler generated dependencies of target hello_moveit[0m
[2.853s] [ 50%] [32mBuilding CXX object CMakeFiles/hello_moveit.dir/src/hello_moveit.cpp.o[0m
[8.501s] [100%] [32m[1mLinking CXX executable hello_moveit[0m
[8.776s] [100%] Built target hello_moveit
