[1.720s] Invoking command in '/home/bo/ws_joystickarm/src/joystick_pub': PYTHONPATH=/home/bo/ws_joystickarm/build/joystick_pub/prefix_override:/home/bo/ws_joystickarm/install/joystick_pub/lib/python3.10/site-packages:${PYTHONPATH} /usr/bin/python3 setup.py egg_info --egg-base ../../build/joystick_pub build --build-base /home/bo/ws_joystickarm/build/joystick_pub/build install --record /home/bo/ws_joystickarm/build/joystick_pub/install.log --single-version-externally-managed
[2.142s] running egg_info
[2.143s] writing ../../build/joystick_pub/joystick_pub.egg-info/PKG-INFO
[2.150s] writing dependency_links to ../../build/joystick_pub/joystick_pub.egg-info/dependency_links.txt
[2.151s] writing entry points to ../../build/joystick_pub/joystick_pub.egg-info/entry_points.txt
[2.151s] writing requirements to ../../build/joystick_pub/joystick_pub.egg-info/requires.txt
[2.152s] writing top-level names to ../../build/joystick_pub/joystick_pub.egg-info/top_level.txt
[2.156s] reading manifest file '../../build/joystick_pub/joystick_pub.egg-info/SOURCES.txt'
[2.158s] writing manifest file '../../build/joystick_pub/joystick_pub.egg-info/SOURCES.txt'
[2.158s] running build
[2.158s] running build_py
[2.161s] running install
[2.162s] running install_lib
[2.167s] running install_data
[2.169s] running install_egg_info
[2.172s] removing '/home/bo/ws_joystickarm/install/joystick_pub/lib/python3.10/site-packages/joystick_pub-0.0.0-py3.10.egg-info' (and everything under it)
[2.173s] Copying ../../build/joystick_pub/joystick_pub.egg-info to /home/bo/ws_joystickarm/install/joystick_pub/lib/python3.10/site-packages/joystick_pub-0.0.0-py3.10.egg-info
[2.175s] running install_scripts
[2.203s] Installing joystick_driver script to /home/bo/ws_joystickarm/install/joystick_pub/lib/joystick_pub
[2.205s] Installing joystick_pub script to /home/bo/ws_joystickarm/install/joystick_pub/lib/joystick_pub
[2.206s] writing list of installed files to '/home/bo/ws_joystickarm/build/joystick_pub/install.log'
[2.243s] Invoked command in '/home/bo/ws_joystickarm/src/joystick_pub' returned '0': PYTHONPATH=/home/bo/ws_joystickarm/build/joystick_pub/prefix_override:/home/bo/ws_joystickarm/install/joystick_pub/lib/python3.10/site-packages:${PYTHONPATH} /usr/bin/python3 setup.py egg_info --egg-base ../../build/joystick_pub build --build-base /home/bo/ws_joystickarm/build/joystick_pub/build install --record /home/bo/ws_joystickarm/build/joystick_pub/install.log --single-version-externally-managed
