[0.213s] DEBUG:colcon:Command line arguments: ['/usr/bin/colcon', 'build', '--mixin', 'debug', '--parallel-workers', '6']
[0.213s] DEBUG:colcon:Parsed command line arguments: Namespace(log_base=None, log_level=None, verb_name='build', build_base='build', install_base='install', merge_install=False, symlink_install=False, test_result_base=None, continue_on_error=False, executor='parallel', parallel_workers=6, event_handlers=None, ignore_user_meta=False, metas=['./colcon.meta'], base_paths=['.'], packages_ignore=None, packages_ignore_regex=None, paths=None, packages_up_to=None, packages_up_to_regex=None, packages_above=None, packages_above_and_dependencies=None, packages_above_depth=None, packages_select_by_dep=None, packages_skip_by_dep=None, packages_skip_up_to=None, packages_select_build_failed=False, packages_skip_build_finished=False, packages_select_test_failures=False, packages_skip_test_passed=False, packages_select=None, packages_skip=None, packages_select_regex=None, packages_skip_regex=None, packages_start=None, packages_end=None, allow_overriding=[], cmake_args=['-DCMAKE_BUILD_TYPE=Debug'], cmake_target=None, cmake_target_skip_unavailable=False, cmake_clean_cache=False, cmake_clean_first=False, cmake_force_configure=False, ament_cmake_args=None, catkin_cmake_args=None, catkin_skip_building_tests=False, mixin_files=None, mixin=['debug'], verb_parser=<colcon_mixin.mixin.mixin_argument.MixinArgumentDecorator object at 0x7f5f977a4a00>, verb_extension=<colcon_core.verb.build.BuildVerb object at 0x7f5f9818ee90>, main=<bound method BuildVerb.main of <colcon_core.verb.build.BuildVerb object at 0x7f5f9818ee90>>, mixin_verb=('build',))
[0.229s] Level 1:colcon.colcon_core.package_discovery:discover_packages(colcon_meta) check parameters
[0.229s] Level 1:colcon.colcon_core.package_discovery:discover_packages(recursive) check parameters
[0.229s] Level 1:colcon.colcon_core.package_discovery:discover_packages(ignore) check parameters
[0.229s] Level 1:colcon.colcon_core.package_discovery:discover_packages(path) check parameters
[0.229s] Level 1:colcon.colcon_core.package_discovery:discover_packages(colcon_meta) discover
[0.229s] Level 1:colcon.colcon_core.package_discovery:discover_packages(recursive) discover
[0.229s] INFO:colcon.colcon_core.package_discovery:Crawling recursively for packages in '/home/bo/ws_xianyu'
[0.229s] Level 1:colcon.colcon_core.package_identification:_identify(.) by extensions ['ignore', 'ignore_ament_install']
[0.229s] Level 1:colcon.colcon_core.package_identification:_identify(.) by extension 'ignore'
[0.229s] Level 1:colcon.colcon_core.package_identification:_identify(.) by extension 'ignore_ament_install'
[0.229s] Level 1:colcon.colcon_core.package_identification:_identify(.) by extensions ['colcon_pkg']
[0.229s] Level 1:colcon.colcon_core.package_identification:_identify(.) by extension 'colcon_pkg'
[0.229s] Level 1:colcon.colcon_core.package_identification:_identify(.) by extensions ['colcon_meta']
[0.229s] Level 1:colcon.colcon_core.package_identification:_identify(.) by extension 'colcon_meta'
[0.229s] Level 1:colcon.colcon_core.package_identification:_identify(.) by extensions ['ros']
[0.229s] Level 1:colcon.colcon_core.package_identification:_identify(.) by extension 'ros'
[0.237s] Level 1:colcon.colcon_core.package_identification:_identify(.) by extensions ['cmake', 'python']
[0.237s] Level 1:colcon.colcon_core.package_identification:_identify(.) by extension 'cmake'
[0.237s] Level 1:colcon.colcon_core.package_identification:_identify(.) by extension 'python'
[0.237s] Level 1:colcon.colcon_core.package_identification:_identify(.) by extensions ['python_setup_py']
[0.237s] Level 1:colcon.colcon_core.package_identification:_identify(.) by extension 'python_setup_py'
[0.237s] Level 1:colcon.colcon_core.package_identification:_identify(build) by extensions ['ignore', 'ignore_ament_install']
[0.237s] Level 1:colcon.colcon_core.package_identification:_identify(build) by extension 'ignore'
[0.237s] Level 1:colcon.colcon_core.package_identification:_identify(build) ignored
[0.237s] Level 1:colcon.colcon_core.package_identification:_identify(install) by extensions ['ignore', 'ignore_ament_install']
[0.237s] Level 1:colcon.colcon_core.package_identification:_identify(install) by extension 'ignore'
[0.237s] Level 1:colcon.colcon_core.package_identification:_identify(install) ignored
[0.237s] Level 1:colcon.colcon_core.package_identification:_identify(log) by extensions ['ignore', 'ignore_ament_install']
[0.237s] Level 1:colcon.colcon_core.package_identification:_identify(log) by extension 'ignore'
[0.237s] Level 1:colcon.colcon_core.package_identification:_identify(log) ignored
[0.237s] Level 1:colcon.colcon_core.package_identification:_identify(src) by extensions ['ignore', 'ignore_ament_install']
[0.238s] Level 1:colcon.colcon_core.package_identification:_identify(src) by extension 'ignore'
[0.238s] Level 1:colcon.colcon_core.package_identification:_identify(src) by extension 'ignore_ament_install'
[0.238s] Level 1:colcon.colcon_core.package_identification:_identify(src) by extensions ['colcon_pkg']
[0.238s] Level 1:colcon.colcon_core.package_identification:_identify(src) by extension 'colcon_pkg'
[0.238s] Level 1:colcon.colcon_core.package_identification:_identify(src) by extensions ['colcon_meta']
[0.238s] Level 1:colcon.colcon_core.package_identification:_identify(src) by extension 'colcon_meta'
[0.238s] Level 1:colcon.colcon_core.package_identification:_identify(src) by extensions ['ros']
[0.238s] Level 1:colcon.colcon_core.package_identification:_identify(src) by extension 'ros'
[0.238s] Level 1:colcon.colcon_core.package_identification:_identify(src) by extensions ['cmake', 'python']
[0.238s] Level 1:colcon.colcon_core.package_identification:_identify(src) by extension 'cmake'
[0.238s] Level 1:colcon.colcon_core.package_identification:_identify(src) by extension 'python'
[0.238s] Level 1:colcon.colcon_core.package_identification:_identify(src) by extensions ['python_setup_py']
[0.238s] Level 1:colcon.colcon_core.package_identification:_identify(src) by extension 'python_setup_py'
[0.238s] Level 1:colcon.colcon_core.package_identification:_identify(src/hello_moveit) by extensions ['ignore', 'ignore_ament_install']
[0.238s] Level 1:colcon.colcon_core.package_identification:_identify(src/hello_moveit) by extension 'ignore'
[0.238s] Level 1:colcon.colcon_core.package_identification:_identify(src/hello_moveit) by extension 'ignore_ament_install'
[0.238s] Level 1:colcon.colcon_core.package_identification:_identify(src/hello_moveit) by extensions ['colcon_pkg']
[0.238s] Level 1:colcon.colcon_core.package_identification:_identify(src/hello_moveit) by extension 'colcon_pkg'
[0.238s] Level 1:colcon.colcon_core.package_identification:_identify(src/hello_moveit) by extensions ['colcon_meta']
[0.238s] Level 1:colcon.colcon_core.package_identification:_identify(src/hello_moveit) by extension 'colcon_meta'
[0.238s] Level 1:colcon.colcon_core.package_identification:_identify(src/hello_moveit) by extensions ['ros']
[0.238s] Level 1:colcon.colcon_core.package_identification:_identify(src/hello_moveit) by extension 'ros'
[0.240s] DEBUG:colcon.colcon_core.package_identification:Package 'src/hello_moveit' with type 'ros.ament_cmake' and name 'hello_moveit'
[0.240s] Level 1:colcon.colcon_core.package_discovery:discover_packages(recursive) using defaults
[0.240s] Level 1:colcon.colcon_core.package_discovery:discover_packages(ignore) discover
[0.240s] Level 1:colcon.colcon_core.package_discovery:discover_packages(ignore) using defaults
[0.240s] Level 1:colcon.colcon_core.package_discovery:discover_packages(path) discover
[0.240s] Level 1:colcon.colcon_core.package_discovery:discover_packages(path) using defaults
[0.254s] Level 1:colcon.colcon_core.package_discovery:discover_packages(prefix_path) check parameters
[0.254s] Level 1:colcon.colcon_core.package_discovery:discover_packages(prefix_path) discover
[0.258s] DEBUG:colcon.colcon_installed_package_information.package_discovery:Found 56 installed packages in /home/bo/ws_moveit2/install
[0.260s] DEBUG:colcon.colcon_installed_package_information.package_discovery:Found 314 installed packages in /opt/ros/humble
[0.260s] Level 1:colcon.colcon_core.package_discovery:discover_packages(prefix_path) using defaults
[0.303s] Level 5:colcon.colcon_core.verb:set package 'hello_moveit' build argument 'cmake_args' from command line to '['-DCMAKE_BUILD_TYPE=Debug']'
[0.303s] Level 5:colcon.colcon_core.verb:set package 'hello_moveit' build argument 'cmake_target' from command line to 'None'
[0.303s] Level 5:colcon.colcon_core.verb:set package 'hello_moveit' build argument 'cmake_target_skip_unavailable' from command line to 'False'
[0.303s] Level 5:colcon.colcon_core.verb:set package 'hello_moveit' build argument 'cmake_clean_cache' from command line to 'False'
[0.303s] Level 5:colcon.colcon_core.verb:set package 'hello_moveit' build argument 'cmake_clean_first' from command line to 'False'
[0.303s] Level 5:colcon.colcon_core.verb:set package 'hello_moveit' build argument 'cmake_force_configure' from command line to 'False'
[0.303s] Level 5:colcon.colcon_core.verb:set package 'hello_moveit' build argument 'ament_cmake_args' from command line to 'None'
[0.303s] Level 5:colcon.colcon_core.verb:set package 'hello_moveit' build argument 'catkin_cmake_args' from command line to 'None'
[0.303s] Level 5:colcon.colcon_core.verb:set package 'hello_moveit' build argument 'catkin_skip_building_tests' from command line to 'False'
[0.303s] DEBUG:colcon.colcon_core.verb:Building package 'hello_moveit' with the following arguments: {'ament_cmake_args': None, 'build_base': '/home/bo/ws_xianyu/build/hello_moveit', 'catkin_cmake_args': None, 'catkin_skip_building_tests': False, 'cmake_args': ['-DCMAKE_BUILD_TYPE=Debug'], 'cmake_clean_cache': False, 'cmake_clean_first': False, 'cmake_force_configure': False, 'cmake_target': None, 'cmake_target_skip_unavailable': False, 'install_base': '/home/bo/ws_xianyu/install/hello_moveit', 'merge_install': False, 'path': '/home/bo/ws_xianyu/src/hello_moveit', 'symlink_install': False, 'test_result_base': None}
[0.303s] INFO:colcon.colcon_core.executor:Executing jobs using 'parallel' executor
[0.305s] DEBUG:colcon.colcon_parallel_executor.executor.parallel:run_until_complete
[0.305s] INFO:colcon.colcon_ros.task.ament_cmake.build:Building ROS package in '/home/bo/ws_xianyu/src/hello_moveit' with build type 'ament_cmake'
[0.306s] INFO:colcon.colcon_cmake.task.cmake.build:Building CMake package in '/home/bo/ws_xianyu/src/hello_moveit'
[0.308s] INFO:colcon.colcon_core.plugin_system:Skipping extension 'colcon_core.shell.bat': Not used on non-Windows systems
[0.308s] INFO:colcon.colcon_core.shell:Skip shell extension 'powershell' for command environment: Not usable outside of PowerShell
[0.309s] DEBUG:colcon.colcon_core.shell:Skip shell extension 'dsv' for command environment
[0.323s] DEBUG:colcon.colcon_core.event_handler.log_command:Invoking command in '/home/bo/ws_xianyu/build/hello_moveit': CMAKE_PREFIX_PATH=${CMAKE_PREFIX_PATH}:/home/bo/ws_moveit2/install/moveit_configs_utils:/home/bo/ws_moveit2/install/launch_param_builder:/opt/ros/humble /usr/bin/cmake --build /home/bo/ws_xianyu/build/hello_moveit -- -j2 -l2
[0.403s] DEBUG:colcon.colcon_core.event_handler.log_command:Invoked command in '/home/bo/ws_xianyu/build/hello_moveit' returned '0': CMAKE_PREFIX_PATH=${CMAKE_PREFIX_PATH}:/home/bo/ws_moveit2/install/moveit_configs_utils:/home/bo/ws_moveit2/install/launch_param_builder:/opt/ros/humble /usr/bin/cmake --build /home/bo/ws_xianyu/build/hello_moveit -- -j2 -l2
[0.466s] DEBUG:colcon.colcon_core.event_handler.log_command:Invoking command in '/home/bo/ws_xianyu/build/hello_moveit': CMAKE_PREFIX_PATH=${CMAKE_PREFIX_PATH}:/home/bo/ws_moveit2/install/moveit_configs_utils:/home/bo/ws_moveit2/install/launch_param_builder:/opt/ros/humble /usr/bin/cmake --install /home/bo/ws_xianyu/build/hello_moveit
[0.476s] Level 1:colcon.colcon_core.environment:create_environment_scripts_only(hello_moveit)
[0.479s] DEBUG:colcon.colcon_core.event_handler.log_command:Invoked command in '/home/bo/ws_xianyu/build/hello_moveit' returned '0': CMAKE_PREFIX_PATH=${CMAKE_PREFIX_PATH}:/home/bo/ws_moveit2/install/moveit_configs_utils:/home/bo/ws_moveit2/install/launch_param_builder:/opt/ros/humble /usr/bin/cmake --install /home/bo/ws_xianyu/build/hello_moveit
[0.480s] Level 1:colcon.colcon_core.environment:checking '/home/bo/ws_xianyu/install/hello_moveit' for CMake module files
[0.480s] Level 1:colcon.colcon_core.environment:checking '/home/bo/ws_xianyu/install/hello_moveit' for CMake config files
[0.480s] Level 1:colcon.colcon_core.shell:create_environment_hook('hello_moveit', 'cmake_prefix_path')
[0.481s] INFO:colcon.colcon_core.shell:Creating environment hook '/home/bo/ws_xianyu/install/hello_moveit/share/hello_moveit/hook/cmake_prefix_path.ps1'
[0.482s] INFO:colcon.colcon_core.shell:Creating environment descriptor '/home/bo/ws_xianyu/install/hello_moveit/share/hello_moveit/hook/cmake_prefix_path.dsv'
[0.482s] INFO:colcon.colcon_core.shell:Creating environment hook '/home/bo/ws_xianyu/install/hello_moveit/share/hello_moveit/hook/cmake_prefix_path.sh'
[0.483s] Level 1:colcon.colcon_core.environment:checking '/home/bo/ws_xianyu/install/hello_moveit/lib'
[0.483s] Level 1:colcon.colcon_core.environment:checking '/home/bo/ws_xianyu/install/hello_moveit/bin'
[0.483s] Level 1:colcon.colcon_core.environment:checking '/home/bo/ws_xianyu/install/hello_moveit/lib/pkgconfig/hello_moveit.pc'
[0.483s] Level 1:colcon.colcon_core.environment:checking '/home/bo/ws_xianyu/install/hello_moveit/lib/python3.10/site-packages'
[0.483s] Level 1:colcon.colcon_core.environment:checking '/home/bo/ws_xianyu/install/hello_moveit/bin'
[0.484s] INFO:colcon.colcon_core.shell:Creating package script '/home/bo/ws_xianyu/install/hello_moveit/share/hello_moveit/package.ps1'
[0.485s] INFO:colcon.colcon_core.shell:Creating package descriptor '/home/bo/ws_xianyu/install/hello_moveit/share/hello_moveit/package.dsv'
[0.486s] INFO:colcon.colcon_core.shell:Creating package script '/home/bo/ws_xianyu/install/hello_moveit/share/hello_moveit/package.sh'
[0.486s] INFO:colcon.colcon_core.shell:Creating package script '/home/bo/ws_xianyu/install/hello_moveit/share/hello_moveit/package.bash'
[0.487s] INFO:colcon.colcon_core.shell:Creating package script '/home/bo/ws_xianyu/install/hello_moveit/share/hello_moveit/package.zsh'
[0.487s] Level 1:colcon.colcon_core.environment:create_file_with_runtime_dependencies(/home/bo/ws_xianyu/install/hello_moveit/share/colcon-core/packages/hello_moveit)
[0.527s] Level 1:colcon.colcon_core.environment:create_environment_scripts_only(hello_moveit)
[0.528s] Level 1:colcon.colcon_core.environment:checking '/home/bo/ws_xianyu/install/hello_moveit' for CMake module files
[0.529s] Level 1:colcon.colcon_core.environment:checking '/home/bo/ws_xianyu/install/hello_moveit' for CMake config files
[0.529s] Level 1:colcon.colcon_core.shell:create_environment_hook('hello_moveit', 'cmake_prefix_path')
[0.529s] INFO:colcon.colcon_core.shell:Creating environment hook '/home/bo/ws_xianyu/install/hello_moveit/share/hello_moveit/hook/cmake_prefix_path.ps1'
[0.530s] INFO:colcon.colcon_core.shell:Creating environment descriptor '/home/bo/ws_xianyu/install/hello_moveit/share/hello_moveit/hook/cmake_prefix_path.dsv'
[0.530s] INFO:colcon.colcon_core.shell:Creating environment hook '/home/bo/ws_xianyu/install/hello_moveit/share/hello_moveit/hook/cmake_prefix_path.sh'
[0.532s] Level 1:colcon.colcon_core.environment:checking '/home/bo/ws_xianyu/install/hello_moveit/lib'
[0.532s] Level 1:colcon.colcon_core.environment:checking '/home/bo/ws_xianyu/install/hello_moveit/bin'
[0.532s] Level 1:colcon.colcon_core.environment:checking '/home/bo/ws_xianyu/install/hello_moveit/lib/pkgconfig/hello_moveit.pc'
[0.533s] Level 1:colcon.colcon_core.environment:checking '/home/bo/ws_xianyu/install/hello_moveit/lib/python3.10/site-packages'
[0.533s] Level 1:colcon.colcon_core.environment:checking '/home/bo/ws_xianyu/install/hello_moveit/bin'
[0.534s] INFO:colcon.colcon_core.shell:Creating package script '/home/bo/ws_xianyu/install/hello_moveit/share/hello_moveit/package.ps1'
[0.534s] INFO:colcon.colcon_core.shell:Creating package descriptor '/home/bo/ws_xianyu/install/hello_moveit/share/hello_moveit/package.dsv'
[0.535s] INFO:colcon.colcon_core.shell:Creating package script '/home/bo/ws_xianyu/install/hello_moveit/share/hello_moveit/package.sh'
[0.535s] INFO:colcon.colcon_core.shell:Creating package script '/home/bo/ws_xianyu/install/hello_moveit/share/hello_moveit/package.bash'
[0.535s] INFO:colcon.colcon_core.shell:Creating package script '/home/bo/ws_xianyu/install/hello_moveit/share/hello_moveit/package.zsh'
[0.536s] Level 1:colcon.colcon_core.environment:create_file_with_runtime_dependencies(/home/bo/ws_xianyu/install/hello_moveit/share/colcon-core/packages/hello_moveit)
[0.536s] DEBUG:colcon.colcon_parallel_executor.executor.parallel:closing loop
[0.537s] DEBUG:colcon.colcon_parallel_executor.executor.parallel:loop closed
[0.537s] DEBUG:colcon.colcon_parallel_executor.executor.parallel:run_until_complete finished with '0'
[0.537s] DEBUG:colcon.colcon_core.event_reactor:joining thread
[0.544s] INFO:colcon.colcon_core.plugin_system:Skipping extension 'colcon_notification.desktop_notification.terminal_notifier': Not used on non-Darwin systems
[0.544s] INFO:colcon.colcon_core.plugin_system:Skipping extension 'colcon_notification.desktop_notification.win32': Not used on non-Windows systems
[0.545s] INFO:colcon.colcon_notification.desktop_notification:Sending desktop notification using 'notify2'
[0.554s] DEBUG:colcon.colcon_core.event_reactor:joined thread
[0.555s] INFO:colcon.colcon_core.shell:Creating prefix script '/home/bo/ws_xianyu/install/local_setup.ps1'
[0.556s] INFO:colcon.colcon_core.shell:Creating prefix util module '/home/bo/ws_xianyu/install/_local_setup_util_ps1.py'
[0.557s] INFO:colcon.colcon_core.shell:Creating prefix chain script '/home/bo/ws_xianyu/install/setup.ps1'
[0.560s] INFO:colcon.colcon_core.shell:Creating prefix script '/home/bo/ws_xianyu/install/local_setup.sh'
[0.561s] INFO:colcon.colcon_core.shell:Creating prefix util module '/home/bo/ws_xianyu/install/_local_setup_util_sh.py'
[0.564s] INFO:colcon.colcon_core.shell:Creating prefix chain script '/home/bo/ws_xianyu/install/setup.sh'
[0.566s] INFO:colcon.colcon_core.shell:Creating prefix script '/home/bo/ws_xianyu/install/local_setup.bash'
[0.567s] INFO:colcon.colcon_core.shell:Creating prefix chain script '/home/bo/ws_xianyu/install/setup.bash'
[0.569s] INFO:colcon.colcon_core.shell:Creating prefix script '/home/bo/ws_xianyu/install/local_setup.zsh'
[0.569s] INFO:colcon.colcon_core.shell:Creating prefix chain script '/home/bo/ws_xianyu/install/setup.zsh'
