[0.816s] DEBUG:colcon:Command line arguments: ['/usr/bin/colcon', 'build', '--mixin', 'release', '--parallel-workers', '4']
[0.817s] DEBUG:colcon:Parsed command line arguments: Namespace(log_base=None, log_level=None, verb_name='build', build_base='build', install_base='install', merge_install=False, symlink_install=False, test_result_base=None, continue_on_error=False, executor='parallel', parallel_workers=4, event_handlers=None, ignore_user_meta=False, metas=['./colcon.meta'], base_paths=['.'], packages_ignore=None, packages_ignore_regex=None, paths=None, packages_up_to=None, packages_up_to_regex=None, packages_above=None, packages_above_and_dependencies=None, packages_above_depth=None, packages_select_by_dep=None, packages_skip_by_dep=None, packages_skip_up_to=None, packages_select_build_failed=False, packages_skip_build_finished=False, packages_select_test_failures=False, packages_skip_test_passed=False, packages_select=None, packages_skip=None, packages_select_regex=None, packages_skip_regex=None, packages_start=None, packages_end=None, allow_overriding=[], cmake_args=['-DCMAKE_BUILD_TYPE=Release'], cmake_target=None, cmake_target_skip_unavailable=False, cmake_clean_cache=False, cmake_clean_first=False, cmake_force_configure=False, ament_cmake_args=None, catkin_cmake_args=None, catkin_skip_building_tests=False, mixin_files=None, mixin=['release'], verb_parser=<colcon_mixin.mixin.mixin_argument.MixinArgumentDecorator object at 0x7f93ee78f6d0>, verb_extension=<colcon_core.verb.build.BuildVerb object at 0x7f93ee78f040>, main=<bound method BuildVerb.main of <colcon_core.verb.build.BuildVerb object at 0x7f93ee78f040>>, mixin_verb=('build',))
[0.869s] Level 1:colcon.colcon_core.package_discovery:discover_packages(colcon_meta) check parameters
[0.870s] Level 1:colcon.colcon_core.package_discovery:discover_packages(recursive) check parameters
[0.870s] Level 1:colcon.colcon_core.package_discovery:discover_packages(ignore) check parameters
[0.870s] Level 1:colcon.colcon_core.package_discovery:discover_packages(path) check parameters
[0.870s] Level 1:colcon.colcon_core.package_discovery:discover_packages(colcon_meta) discover
[0.870s] Level 1:colcon.colcon_core.package_discovery:discover_packages(recursive) discover
[0.870s] INFO:colcon.colcon_core.package_discovery:Crawling recursively for packages in '/home/bo/ws_joystickarm'
[0.870s] Level 1:colcon.colcon_core.package_identification:_identify(.) by extensions ['ignore', 'ignore_ament_install']
[0.871s] Level 1:colcon.colcon_core.package_identification:_identify(.) by extension 'ignore'
[0.871s] Level 1:colcon.colcon_core.package_identification:_identify(.) by extension 'ignore_ament_install'
[0.871s] Level 1:colcon.colcon_core.package_identification:_identify(.) by extensions ['colcon_pkg']
[0.871s] Level 1:colcon.colcon_core.package_identification:_identify(.) by extension 'colcon_pkg'
[0.871s] Level 1:colcon.colcon_core.package_identification:_identify(.) by extensions ['colcon_meta']
[0.871s] Level 1:colcon.colcon_core.package_identification:_identify(.) by extension 'colcon_meta'
[0.871s] Level 1:colcon.colcon_core.package_identification:_identify(.) by extensions ['ros']
[0.871s] Level 1:colcon.colcon_core.package_identification:_identify(.) by extension 'ros'
[0.900s] Level 1:colcon.colcon_core.package_identification:_identify(.) by extensions ['cmake', 'python']
[0.900s] Level 1:colcon.colcon_core.package_identification:_identify(.) by extension 'cmake'
[0.900s] Level 1:colcon.colcon_core.package_identification:_identify(.) by extension 'python'
[0.900s] Level 1:colcon.colcon_core.package_identification:_identify(.) by extensions ['python_setup_py']
[0.900s] Level 1:colcon.colcon_core.package_identification:_identify(.) by extension 'python_setup_py'
[0.901s] Level 1:colcon.colcon_core.package_identification:_identify(build) by extensions ['ignore', 'ignore_ament_install']
[0.901s] Level 1:colcon.colcon_core.package_identification:_identify(build) by extension 'ignore'
[0.901s] Level 1:colcon.colcon_core.package_identification:_identify(build) ignored
[0.901s] Level 1:colcon.colcon_core.package_identification:_identify(install) by extensions ['ignore', 'ignore_ament_install']
[0.902s] Level 1:colcon.colcon_core.package_identification:_identify(install) by extension 'ignore'
[0.902s] Level 1:colcon.colcon_core.package_identification:_identify(install) ignored
[0.902s] Level 1:colcon.colcon_core.package_identification:_identify(log) by extensions ['ignore', 'ignore_ament_install']
[0.902s] Level 1:colcon.colcon_core.package_identification:_identify(log) by extension 'ignore'
[0.902s] Level 1:colcon.colcon_core.package_identification:_identify(log) ignored
[0.903s] Level 1:colcon.colcon_core.package_identification:_identify(src) by extensions ['ignore', 'ignore_ament_install']
[0.903s] Level 1:colcon.colcon_core.package_identification:_identify(src) by extension 'ignore'
[0.903s] Level 1:colcon.colcon_core.package_identification:_identify(src) by extension 'ignore_ament_install'
[0.903s] Level 1:colcon.colcon_core.package_identification:_identify(src) by extensions ['colcon_pkg']
[0.903s] Level 1:colcon.colcon_core.package_identification:_identify(src) by extension 'colcon_pkg'
[0.903s] Level 1:colcon.colcon_core.package_identification:_identify(src) by extensions ['colcon_meta']
[0.903s] Level 1:colcon.colcon_core.package_identification:_identify(src) by extension 'colcon_meta'
[0.903s] Level 1:colcon.colcon_core.package_identification:_identify(src) by extensions ['ros']
[0.903s] Level 1:colcon.colcon_core.package_identification:_identify(src) by extension 'ros'
[0.904s] Level 1:colcon.colcon_core.package_identification:_identify(src) by extensions ['cmake', 'python']
[0.904s] Level 1:colcon.colcon_core.package_identification:_identify(src) by extension 'cmake'
[0.904s] Level 1:colcon.colcon_core.package_identification:_identify(src) by extension 'python'
[0.904s] Level 1:colcon.colcon_core.package_identification:_identify(src) by extensions ['python_setup_py']
[0.904s] Level 1:colcon.colcon_core.package_identification:_identify(src) by extension 'python_setup_py'
[0.904s] Level 1:colcon.colcon_core.package_identification:_identify(src/joystick_pub) by extensions ['ignore', 'ignore_ament_install']
[0.904s] Level 1:colcon.colcon_core.package_identification:_identify(src/joystick_pub) by extension 'ignore'
[0.904s] Level 1:colcon.colcon_core.package_identification:_identify(src/joystick_pub) by extension 'ignore_ament_install'
[0.904s] Level 1:colcon.colcon_core.package_identification:_identify(src/joystick_pub) by extensions ['colcon_pkg']
[0.904s] Level 1:colcon.colcon_core.package_identification:_identify(src/joystick_pub) by extension 'colcon_pkg'
[0.904s] Level 1:colcon.colcon_core.package_identification:_identify(src/joystick_pub) by extensions ['colcon_meta']
[0.904s] Level 1:colcon.colcon_core.package_identification:_identify(src/joystick_pub) by extension 'colcon_meta'
[0.904s] Level 1:colcon.colcon_core.package_identification:_identify(src/joystick_pub) by extensions ['ros']
[0.905s] Level 1:colcon.colcon_core.package_identification:_identify(src/joystick_pub) by extension 'ros'
[0.908s] DEBUG:colcon.colcon_core.package_identification:Package 'src/joystick_pub' with type 'ros.ament_python' and name 'joystick_pub'
[0.909s] Level 1:colcon.colcon_core.package_identification:_identify(src/realtime_servo) by extensions ['ignore', 'ignore_ament_install']
[0.909s] Level 1:colcon.colcon_core.package_identification:_identify(src/realtime_servo) by extension 'ignore'
[0.909s] Level 1:colcon.colcon_core.package_identification:_identify(src/realtime_servo) by extension 'ignore_ament_install'
[0.909s] Level 1:colcon.colcon_core.package_identification:_identify(src/realtime_servo) by extensions ['colcon_pkg']
[0.909s] Level 1:colcon.colcon_core.package_identification:_identify(src/realtime_servo) by extension 'colcon_pkg'
[0.910s] Level 1:colcon.colcon_core.package_identification:_identify(src/realtime_servo) by extensions ['colcon_meta']
[0.910s] Level 1:colcon.colcon_core.package_identification:_identify(src/realtime_servo) by extension 'colcon_meta'
[0.910s] Level 1:colcon.colcon_core.package_identification:_identify(src/realtime_servo) by extensions ['ros']
[0.910s] Level 1:colcon.colcon_core.package_identification:_identify(src/realtime_servo) by extension 'ros'
[0.912s] DEBUG:colcon.colcon_core.package_identification:Package 'src/realtime_servo' with type 'ros.ament_cmake' and name 'realtime_servo'
[0.912s] Level 1:colcon.colcon_core.package_discovery:discover_packages(recursive) using defaults
[0.913s] Level 1:colcon.colcon_core.package_discovery:discover_packages(ignore) discover
[0.913s] Level 1:colcon.colcon_core.package_discovery:discover_packages(ignore) using defaults
[0.913s] Level 1:colcon.colcon_core.package_discovery:discover_packages(path) discover
[0.913s] Level 1:colcon.colcon_core.package_discovery:discover_packages(path) using defaults
[0.957s] Level 1:colcon.colcon_core.package_discovery:discover_packages(prefix_path) check parameters
[0.957s] Level 1:colcon.colcon_core.package_discovery:discover_packages(prefix_path) discover
[0.959s] WARNING:colcon.colcon_ros.prefix_path.ament:The path '/home/bo/ws_joystickarm/install/hello_moveit' in the environment variable AMENT_PREFIX_PATH doesn't exist
[0.974s] WARNING:colcon.colcon_ros.prefix_path.catkin:The path '/home/bo/ws_joystickarm/install/hello_moveit' in the environment variable CMAKE_PREFIX_PATH doesn't exist
[0.977s] DEBUG:colcon.colcon_installed_package_information.package_discovery:Found 2 installed packages in /home/bo/ws_joystickarm/install
[1.014s] DEBUG:colcon.colcon_installed_package_information.package_discovery:Found 56 installed packages in /home/bo/ws_moveit2/install
[1.021s] DEBUG:colcon.colcon_installed_package_information.package_discovery:Found 314 installed packages in /opt/ros/humble
[1.024s] Level 1:colcon.colcon_core.package_discovery:discover_packages(prefix_path) using defaults
[1.236s] Level 5:colcon.colcon_core.verb:set package 'joystick_pub' build argument 'cmake_args' from command line to '['-DCMAKE_BUILD_TYPE=Release']'
[1.237s] Level 5:colcon.colcon_core.verb:set package 'joystick_pub' build argument 'cmake_target' from command line to 'None'
[1.237s] Level 5:colcon.colcon_core.verb:set package 'joystick_pub' build argument 'cmake_target_skip_unavailable' from command line to 'False'
[1.237s] Level 5:colcon.colcon_core.verb:set package 'joystick_pub' build argument 'cmake_clean_cache' from command line to 'False'
[1.237s] Level 5:colcon.colcon_core.verb:set package 'joystick_pub' build argument 'cmake_clean_first' from command line to 'False'
[1.237s] Level 5:colcon.colcon_core.verb:set package 'joystick_pub' build argument 'cmake_force_configure' from command line to 'False'
[1.237s] Level 5:colcon.colcon_core.verb:set package 'joystick_pub' build argument 'ament_cmake_args' from command line to 'None'
[1.237s] Level 5:colcon.colcon_core.verb:set package 'joystick_pub' build argument 'catkin_cmake_args' from command line to 'None'
[1.237s] Level 5:colcon.colcon_core.verb:set package 'joystick_pub' build argument 'catkin_skip_building_tests' from command line to 'False'
[1.237s] DEBUG:colcon.colcon_core.verb:Building package 'joystick_pub' with the following arguments: {'ament_cmake_args': None, 'build_base': '/home/bo/ws_joystickarm/build/joystick_pub', 'catkin_cmake_args': None, 'catkin_skip_building_tests': False, 'cmake_args': ['-DCMAKE_BUILD_TYPE=Release'], 'cmake_clean_cache': False, 'cmake_clean_first': False, 'cmake_force_configure': False, 'cmake_target': None, 'cmake_target_skip_unavailable': False, 'install_base': '/home/bo/ws_joystickarm/install/joystick_pub', 'merge_install': False, 'path': '/home/bo/ws_joystickarm/src/joystick_pub', 'symlink_install': False, 'test_result_base': None}
[1.239s] Level 5:colcon.colcon_core.verb:set package 'realtime_servo' build argument 'cmake_args' from command line to '['-DCMAKE_BUILD_TYPE=Release']'
[1.239s] Level 5:colcon.colcon_core.verb:set package 'realtime_servo' build argument 'cmake_target' from command line to 'None'
[1.239s] Level 5:colcon.colcon_core.verb:set package 'realtime_servo' build argument 'cmake_target_skip_unavailable' from command line to 'False'
[1.239s] Level 5:colcon.colcon_core.verb:set package 'realtime_servo' build argument 'cmake_clean_cache' from command line to 'False'
[1.239s] Level 5:colcon.colcon_core.verb:set package 'realtime_servo' build argument 'cmake_clean_first' from command line to 'False'
[1.239s] Level 5:colcon.colcon_core.verb:set package 'realtime_servo' build argument 'cmake_force_configure' from command line to 'False'
[1.240s] Level 5:colcon.colcon_core.verb:set package 'realtime_servo' build argument 'ament_cmake_args' from command line to 'None'
[1.240s] Level 5:colcon.colcon_core.verb:set package 'realtime_servo' build argument 'catkin_cmake_args' from command line to 'None'
[1.240s] Level 5:colcon.colcon_core.verb:set package 'realtime_servo' build argument 'catkin_skip_building_tests' from command line to 'False'
[1.240s] DEBUG:colcon.colcon_core.verb:Building package 'realtime_servo' with the following arguments: {'ament_cmake_args': None, 'build_base': '/home/bo/ws_joystickarm/build/realtime_servo', 'catkin_cmake_args': None, 'catkin_skip_building_tests': False, 'cmake_args': ['-DCMAKE_BUILD_TYPE=Release'], 'cmake_clean_cache': False, 'cmake_clean_first': False, 'cmake_force_configure': False, 'cmake_target': None, 'cmake_target_skip_unavailable': False, 'install_base': '/home/bo/ws_joystickarm/install/realtime_servo', 'merge_install': False, 'path': '/home/bo/ws_joystickarm/src/realtime_servo', 'symlink_install': False, 'test_result_base': None}
[1.241s] INFO:colcon.colcon_core.executor:Executing jobs using 'parallel' executor
[1.245s] DEBUG:colcon.colcon_parallel_executor.executor.parallel:run_until_complete
[1.246s] INFO:colcon.colcon_ros.task.ament_python.build:Building ROS package in '/home/bo/ws_joystickarm/src/joystick_pub' with build type 'ament_python'
[1.246s] Level 1:colcon.colcon_core.shell:create_environment_hook('joystick_pub', 'ament_prefix_path')
[1.254s] INFO:colcon.colcon_core.plugin_system:Skipping extension 'colcon_core.shell.bat': Not used on non-Windows systems
[1.255s] INFO:colcon.colcon_core.shell:Creating environment hook '/home/bo/ws_joystickarm/install/joystick_pub/share/joystick_pub/hook/ament_prefix_path.ps1'
[1.256s] INFO:colcon.colcon_core.shell:Creating environment descriptor '/home/bo/ws_joystickarm/install/joystick_pub/share/joystick_pub/hook/ament_prefix_path.dsv'
[1.258s] INFO:colcon.colcon_core.shell:Creating environment hook '/home/bo/ws_joystickarm/install/joystick_pub/share/joystick_pub/hook/ament_prefix_path.sh'
[1.261s] INFO:colcon.colcon_core.shell:Skip shell extension 'powershell' for command environment: Not usable outside of PowerShell
[1.261s] DEBUG:colcon.colcon_core.shell:Skip shell extension 'dsv' for command environment
[1.290s] INFO:colcon.colcon_ros.task.ament_cmake.build:Building ROS package in '/home/bo/ws_joystickarm/src/realtime_servo' with build type 'ament_cmake'
[1.291s] INFO:colcon.colcon_cmake.task.cmake.build:Building CMake package in '/home/bo/ws_joystickarm/src/realtime_servo'
[1.295s] INFO:colcon.colcon_core.shell:Skip shell extension 'powershell' for command environment: Not usable outside of PowerShell
[1.295s] DEBUG:colcon.colcon_core.shell:Skip shell extension 'dsv' for command environment
[2.111s] INFO:colcon.colcon_core.task.python.build:Building Python package in '/home/bo/ws_joystickarm/src/joystick_pub'
[2.113s] INFO:colcon.colcon_core.shell:Skip shell extension 'powershell' for command environment: Not usable outside of PowerShell
[2.113s] DEBUG:colcon.colcon_core.shell:Skip shell extension 'dsv' for command environment
[2.141s] DEBUG:colcon.colcon_core.event_handler.log_command:Invoking command in '/home/bo/ws_joystickarm/build/realtime_servo': CMAKE_PREFIX_PATH=${CMAKE_PREFIX_PATH}:/home/bo/ws_joystickarm/install/joystick_pub:/home/bo/ws_moveit2/install/moveit_configs_utils:/home/bo/ws_moveit2/install/launch_param_builder:/opt/ros/humble /usr/bin/cmake --build /home/bo/ws_joystickarm/build/realtime_servo -- -j2 -l2
[2.888s] DEBUG:colcon.colcon_core.event_handler.log_command:Invoked command in '/home/bo/ws_joystickarm/build/realtime_servo' returned '0': CMAKE_PREFIX_PATH=${CMAKE_PREFIX_PATH}:/home/bo/ws_joystickarm/install/joystick_pub:/home/bo/ws_moveit2/install/moveit_configs_utils:/home/bo/ws_moveit2/install/launch_param_builder:/opt/ros/humble /usr/bin/cmake --build /home/bo/ws_joystickarm/build/realtime_servo -- -j2 -l2
[3.221s] DEBUG:colcon.colcon_core.event_handler.log_command:Invoking command in '/home/bo/ws_joystickarm/build/realtime_servo': CMAKE_PREFIX_PATH=${CMAKE_PREFIX_PATH}:/home/bo/ws_joystickarm/install/joystick_pub:/home/bo/ws_moveit2/install/moveit_configs_utils:/home/bo/ws_moveit2/install/launch_param_builder:/opt/ros/humble /usr/bin/cmake --install /home/bo/ws_joystickarm/build/realtime_servo
[3.283s] Level 1:colcon.colcon_core.environment:create_environment_scripts_only(realtime_servo)
[3.288s] DEBUG:colcon.colcon_core.event_handler.log_command:Invoked command in '/home/bo/ws_joystickarm/build/realtime_servo' returned '0': CMAKE_PREFIX_PATH=${CMAKE_PREFIX_PATH}:/home/bo/ws_joystickarm/install/joystick_pub:/home/bo/ws_moveit2/install/moveit_configs_utils:/home/bo/ws_moveit2/install/launch_param_builder:/opt/ros/humble /usr/bin/cmake --install /home/bo/ws_joystickarm/build/realtime_servo
[3.304s] Level 1:colcon.colcon_core.environment:checking '/home/bo/ws_joystickarm/install/realtime_servo' for CMake module files
[3.309s] Level 1:colcon.colcon_core.environment:checking '/home/bo/ws_joystickarm/install/realtime_servo' for CMake config files
[3.309s] Level 1:colcon.colcon_core.shell:create_environment_hook('realtime_servo', 'cmake_prefix_path')
[3.315s] INFO:colcon.colcon_core.shell:Creating environment hook '/home/bo/ws_joystickarm/install/realtime_servo/share/realtime_servo/hook/cmake_prefix_path.ps1'
[3.317s] INFO:colcon.colcon_core.shell:Creating environment descriptor '/home/bo/ws_joystickarm/install/realtime_servo/share/realtime_servo/hook/cmake_prefix_path.dsv'
[3.319s] INFO:colcon.colcon_core.shell:Creating environment hook '/home/bo/ws_joystickarm/install/realtime_servo/share/realtime_servo/hook/cmake_prefix_path.sh'
[3.323s] Level 1:colcon.colcon_core.environment:checking '/home/bo/ws_joystickarm/install/realtime_servo/lib'
[3.326s] Level 1:colcon.colcon_core.environment:checking '/home/bo/ws_joystickarm/install/realtime_servo/bin'
[3.327s] Level 1:colcon.colcon_core.environment:checking '/home/bo/ws_joystickarm/install/realtime_servo/lib/pkgconfig/realtime_servo.pc'
[3.330s] Level 1:colcon.colcon_core.environment:checking '/home/bo/ws_joystickarm/install/realtime_servo/lib/python3.10/site-packages'
[3.331s] Level 1:colcon.colcon_core.environment:checking '/home/bo/ws_joystickarm/install/realtime_servo/bin'
[3.335s] INFO:colcon.colcon_core.shell:Creating package script '/home/bo/ws_joystickarm/install/realtime_servo/share/realtime_servo/package.ps1'
[3.340s] INFO:colcon.colcon_core.shell:Creating package descriptor '/home/bo/ws_joystickarm/install/realtime_servo/share/realtime_servo/package.dsv'
[3.343s] INFO:colcon.colcon_core.shell:Creating package script '/home/bo/ws_joystickarm/install/realtime_servo/share/realtime_servo/package.sh'
[3.349s] INFO:colcon.colcon_core.shell:Creating package script '/home/bo/ws_joystickarm/install/realtime_servo/share/realtime_servo/package.bash'
[3.353s] INFO:colcon.colcon_core.shell:Creating package script '/home/bo/ws_joystickarm/install/realtime_servo/share/realtime_servo/package.zsh'
[3.356s] Level 1:colcon.colcon_core.environment:create_file_with_runtime_dependencies(/home/bo/ws_joystickarm/install/realtime_servo/share/colcon-core/packages/realtime_servo)
[3.560s] DEBUG:colcon.colcon_core.event_handler.log_command:Invoking command in '/home/bo/ws_joystickarm/src/joystick_pub': PYTHONPATH=/home/bo/ws_joystickarm/build/joystick_pub/prefix_override:/home/bo/ws_joystickarm/install/joystick_pub/lib/python3.10/site-packages:${PYTHONPATH} /usr/bin/python3 setup.py egg_info --egg-base ../../build/joystick_pub build --build-base /home/bo/ws_joystickarm/build/joystick_pub/build install --record /home/bo/ws_joystickarm/build/joystick_pub/install.log --single-version-externally-managed
[3.614s] Level 1:colcon.colcon_core.environment:create_environment_scripts_only(realtime_servo)
[3.620s] Level 1:colcon.colcon_core.environment:checking '/home/bo/ws_joystickarm/install/realtime_servo' for CMake module files
[3.622s] Level 1:colcon.colcon_core.environment:checking '/home/bo/ws_joystickarm/install/realtime_servo' for CMake config files
[3.622s] Level 1:colcon.colcon_core.shell:create_environment_hook('realtime_servo', 'cmake_prefix_path')
[3.628s] INFO:colcon.colcon_core.shell:Creating environment hook '/home/bo/ws_joystickarm/install/realtime_servo/share/realtime_servo/hook/cmake_prefix_path.ps1'
[3.632s] INFO:colcon.colcon_core.shell:Creating environment descriptor '/home/bo/ws_joystickarm/install/realtime_servo/share/realtime_servo/hook/cmake_prefix_path.dsv'
[3.634s] INFO:colcon.colcon_core.shell:Creating environment hook '/home/bo/ws_joystickarm/install/realtime_servo/share/realtime_servo/hook/cmake_prefix_path.sh'
[3.639s] Level 1:colcon.colcon_core.environment:checking '/home/bo/ws_joystickarm/install/realtime_servo/lib'
[3.640s] Level 1:colcon.colcon_core.environment:checking '/home/bo/ws_joystickarm/install/realtime_servo/bin'
[3.640s] Level 1:colcon.colcon_core.environment:checking '/home/bo/ws_joystickarm/install/realtime_servo/lib/pkgconfig/realtime_servo.pc'
[3.641s] Level 1:colcon.colcon_core.environment:checking '/home/bo/ws_joystickarm/install/realtime_servo/lib/python3.10/site-packages'
[3.642s] Level 1:colcon.colcon_core.environment:checking '/home/bo/ws_joystickarm/install/realtime_servo/bin'
[3.648s] INFO:colcon.colcon_core.shell:Creating package script '/home/bo/ws_joystickarm/install/realtime_servo/share/realtime_servo/package.ps1'
[3.650s] INFO:colcon.colcon_core.shell:Creating package descriptor '/home/bo/ws_joystickarm/install/realtime_servo/share/realtime_servo/package.dsv'
[3.653s] INFO:colcon.colcon_core.shell:Creating package script '/home/bo/ws_joystickarm/install/realtime_servo/share/realtime_servo/package.sh'
[3.654s] INFO:colcon.colcon_core.shell:Creating package script '/home/bo/ws_joystickarm/install/realtime_servo/share/realtime_servo/package.bash'
[3.656s] INFO:colcon.colcon_core.shell:Creating package script '/home/bo/ws_joystickarm/install/realtime_servo/share/realtime_servo/package.zsh'
[3.658s] Level 1:colcon.colcon_core.environment:create_file_with_runtime_dependencies(/home/bo/ws_joystickarm/install/realtime_servo/share/colcon-core/packages/realtime_servo)
[4.293s] Level 1:colcon.colcon_core.environment:checking '/home/bo/ws_joystickarm/install/joystick_pub' for CMake module files
[4.295s] DEBUG:colcon.colcon_core.event_handler.log_command:Invoked command in '/home/bo/ws_joystickarm/src/joystick_pub' returned '0': PYTHONPATH=/home/bo/ws_joystickarm/build/joystick_pub/prefix_override:/home/bo/ws_joystickarm/install/joystick_pub/lib/python3.10/site-packages:${PYTHONPATH} /usr/bin/python3 setup.py egg_info --egg-base ../../build/joystick_pub build --build-base /home/bo/ws_joystickarm/build/joystick_pub/build install --record /home/bo/ws_joystickarm/build/joystick_pub/install.log --single-version-externally-managed
[4.295s] Level 1:colcon.colcon_core.environment:checking '/home/bo/ws_joystickarm/install/joystick_pub' for CMake config files
[4.297s] Level 1:colcon.colcon_core.environment:checking '/home/bo/ws_joystickarm/install/joystick_pub/lib'
[4.298s] Level 1:colcon.colcon_core.environment:checking '/home/bo/ws_joystickarm/install/joystick_pub/bin'
[4.298s] Level 1:colcon.colcon_core.environment:checking '/home/bo/ws_joystickarm/install/joystick_pub/lib/pkgconfig/joystick_pub.pc'
[4.298s] Level 1:colcon.colcon_core.environment:checking '/home/bo/ws_joystickarm/install/joystick_pub/lib/python3.10/site-packages'
[4.298s] Level 1:colcon.colcon_core.shell:create_environment_hook('joystick_pub', 'pythonpath')
[4.300s] INFO:colcon.colcon_core.shell:Creating environment hook '/home/bo/ws_joystickarm/install/joystick_pub/share/joystick_pub/hook/pythonpath.ps1'
[4.304s] INFO:colcon.colcon_core.shell:Creating environment descriptor '/home/bo/ws_joystickarm/install/joystick_pub/share/joystick_pub/hook/pythonpath.dsv'
[4.306s] INFO:colcon.colcon_core.shell:Creating environment hook '/home/bo/ws_joystickarm/install/joystick_pub/share/joystick_pub/hook/pythonpath.sh'
[4.309s] Level 1:colcon.colcon_core.environment:checking '/home/bo/ws_joystickarm/install/joystick_pub/bin'
[4.309s] Level 1:colcon.colcon_core.environment:create_environment_scripts_only(joystick_pub)
[4.312s] INFO:colcon.colcon_core.shell:Creating package script '/home/bo/ws_joystickarm/install/joystick_pub/share/joystick_pub/package.ps1'
[4.317s] INFO:colcon.colcon_core.shell:Creating package descriptor '/home/bo/ws_joystickarm/install/joystick_pub/share/joystick_pub/package.dsv'
[4.319s] INFO:colcon.colcon_core.shell:Creating package script '/home/bo/ws_joystickarm/install/joystick_pub/share/joystick_pub/package.sh'
[4.322s] INFO:colcon.colcon_core.shell:Creating package script '/home/bo/ws_joystickarm/install/joystick_pub/share/joystick_pub/package.bash'
[4.324s] INFO:colcon.colcon_core.shell:Creating package script '/home/bo/ws_joystickarm/install/joystick_pub/share/joystick_pub/package.zsh'
[4.327s] Level 1:colcon.colcon_core.environment:create_file_with_runtime_dependencies(/home/bo/ws_joystickarm/install/joystick_pub/share/colcon-core/packages/joystick_pub)
[4.329s] DEBUG:colcon.colcon_parallel_executor.executor.parallel:closing loop
[4.330s] DEBUG:colcon.colcon_parallel_executor.executor.parallel:loop closed
[4.330s] DEBUG:colcon.colcon_parallel_executor.executor.parallel:run_until_complete finished with '0'
[4.330s] DEBUG:colcon.colcon_core.event_reactor:joining thread
[4.371s] INFO:colcon.colcon_core.plugin_system:Skipping extension 'colcon_notification.desktop_notification.terminal_notifier': Not used on non-Darwin systems
[4.373s] INFO:colcon.colcon_core.plugin_system:Skipping extension 'colcon_notification.desktop_notification.win32': Not used on non-Windows systems
[4.373s] INFO:colcon.colcon_notification.desktop_notification:Sending desktop notification using 'notify2'
[4.408s] DEBUG:colcon.colcon_core.event_reactor:joined thread
[4.409s] INFO:colcon.colcon_core.shell:Creating prefix script '/home/bo/ws_joystickarm/install/local_setup.ps1'
[4.411s] INFO:colcon.colcon_core.shell:Creating prefix util module '/home/bo/ws_joystickarm/install/_local_setup_util_ps1.py'
[4.421s] INFO:colcon.colcon_core.shell:Creating prefix chain script '/home/bo/ws_joystickarm/install/setup.ps1'
[4.439s] INFO:colcon.colcon_core.shell:Creating prefix script '/home/bo/ws_joystickarm/install/local_setup.sh'
[4.445s] INFO:colcon.colcon_core.shell:Creating prefix util module '/home/bo/ws_joystickarm/install/_local_setup_util_sh.py'
[4.448s] INFO:colcon.colcon_core.shell:Creating prefix chain script '/home/bo/ws_joystickarm/install/setup.sh'
[4.455s] INFO:colcon.colcon_core.shell:Creating prefix script '/home/bo/ws_joystickarm/install/local_setup.bash'
[4.458s] INFO:colcon.colcon_core.shell:Creating prefix chain script '/home/bo/ws_joystickarm/install/setup.bash'
[4.493s] INFO:colcon.colcon_core.shell:Creating prefix script '/home/bo/ws_joystickarm/install/local_setup.zsh'
[4.497s] INFO:colcon.colcon_core.shell:Creating prefix chain script '/home/bo/ws_joystickarm/install/setup.zsh'
