[1.048s] Invoking command in '/home/bo/ws_joystickarm/src/joystick_pub': PYTHONPATH=/home/bo/ws_joystickarm/build/joystick_pub/prefix_override:/home/bo/ws_joystickarm/install/joystick_pub/lib/python3.10/site-packages:${PYTHONPATH} /usr/bin/python3 setup.py egg_info --egg-base ../../build/joystick_pub build --build-base /home/bo/ws_joystickarm/build/joystick_pub/build install --record /home/bo/ws_joystickarm/build/joystick_pub/install.log --single-version-externally-managed
[1.333s] running egg_info
[1.335s] writing ../../build/joystick_pub/joystick_pub.egg-info/PKG-INFO
[1.336s] writing dependency_links to ../../build/joystick_pub/joystick_pub.egg-info/dependency_links.txt
[1.336s] writing entry points to ../../build/joystick_pub/joystick_pub.egg-info/entry_points.txt
[1.337s] writing requirements to ../../build/joystick_pub/joystick_pub.egg-info/requires.txt
[1.337s] writing top-level names to ../../build/joystick_pub/joystick_pub.egg-info/top_level.txt
[1.339s] reading manifest file '../../build/joystick_pub/joystick_pub.egg-info/SOURCES.txt'
[1.341s] writing manifest file '../../build/joystick_pub/joystick_pub.egg-info/SOURCES.txt'
[1.341s] running build
[1.341s] running build_py
[1.344s] copying joystick_pub/joystick_tcp.py -> /home/bo/ws_joystickarm/build/joystick_pub/build/lib/joystick_pub
[1.344s] running install
[1.345s] running install_lib
[1.346s] copying /home/bo/ws_joystickarm/build/joystick_pub/build/lib/joystick_pub/joystick_tcp.py -> /home/bo/ws_joystickarm/install/joystick_pub/lib/python3.10/site-packages/joystick_pub
[1.347s] byte-compiling /home/bo/ws_joystickarm/install/joystick_pub/lib/python3.10/site-packages/joystick_pub/joystick_tcp.py to joystick_tcp.cpython-310.pyc
[1.348s]   File "/home/bo/ws_joystickarm/install/joystick_pub/lib/python3.10/site-packages/joystick_pub/joystick_tcp.py", line 4
[1.348s]     import
[1.348s]           ^
[1.348s] SyntaxError: invalid syntax
[1.348s] 
[1.348s] running install_data
[1.349s] running install_egg_info
[1.351s] removing '/home/bo/ws_joystickarm/install/joystick_pub/lib/python3.10/site-packages/joystick_pub-0.0.0-py3.10.egg-info' (and everything under it)
[1.352s] Copying ../../build/joystick_pub/joystick_pub.egg-info to /home/bo/ws_joystickarm/install/joystick_pub/lib/python3.10/site-packages/joystick_pub-0.0.0-py3.10.egg-info
[1.353s] running install_scripts
[1.380s] Installing joystick_driver script to /home/bo/ws_joystickarm/install/joystick_pub/lib/joystick_pub
[1.381s] Installing joystick_pub script to /home/bo/ws_joystickarm/install/joystick_pub/lib/joystick_pub
[1.382s] writing list of installed files to '/home/bo/ws_joystickarm/build/joystick_pub/install.log'
[1.410s] Invoked command in '/home/bo/ws_joystickarm/src/joystick_pub' returned '0': PYTHONPATH=/home/bo/ws_joystickarm/build/joystick_pub/prefix_override:/home/bo/ws_joystickarm/install/joystick_pub/lib/python3.10/site-packages:${PYTHONPATH} /usr/bin/python3 setup.py egg_info --egg-base ../../build/joystick_pub build --build-base /home/bo/ws_joystickarm/build/joystick_pub/build install --record /home/bo/ws_joystickarm/build/joystick_pub/install.log --single-version-externally-managed
