[0.628s] DEBUG:colcon:Command line arguments: ['/usr/bin/colcon', 'build', '--mixin', 'release', '--parallel-workers', '4']
[0.628s] DEBUG:colcon:Parsed command line arguments: Namespace(log_base=None, log_level=None, verb_name='build', build_base='build', install_base='install', merge_install=False, symlink_install=False, test_result_base=None, continue_on_error=False, executor='parallel', parallel_workers=4, event_handlers=None, ignore_user_meta=False, metas=['./colcon.meta'], base_paths=['.'], packages_ignore=None, packages_ignore_regex=None, paths=None, packages_up_to=None, packages_up_to_regex=None, packages_above=None, packages_above_and_dependencies=None, packages_above_depth=None, packages_select_by_dep=None, packages_skip_by_dep=None, packages_skip_up_to=None, packages_select_build_failed=False, packages_skip_build_finished=False, packages_select_test_failures=False, packages_skip_test_passed=False, packages_select=None, packages_skip=None, packages_select_regex=None, packages_skip_regex=None, packages_start=None, packages_end=None, allow_overriding=[], cmake_args=['-DCMAKE_BUILD_TYPE=Release'], cmake_target=None, cmake_target_skip_unavailable=False, cmake_clean_cache=False, cmake_clean_first=False, cmake_force_configure=False, ament_cmake_args=None, catkin_cmake_args=None, catkin_skip_building_tests=False, mixin_files=None, mixin=['release'], verb_parser=<colcon_mixin.mixin.mixin_argument.MixinArgumentDecorator object at 0x7fee9a69f5b0>, verb_extension=<colcon_core.verb.build.BuildVerb object at 0x7fee9a69ef20>, main=<bound method BuildVerb.main of <colcon_core.verb.build.BuildVerb object at 0x7fee9a69ef20>>, mixin_verb=('build',))
[0.681s] Level 1:colcon.colcon_core.package_discovery:discover_packages(colcon_meta) check parameters
[0.681s] Level 1:colcon.colcon_core.package_discovery:discover_packages(recursive) check parameters
[0.681s] Level 1:colcon.colcon_core.package_discovery:discover_packages(ignore) check parameters
[0.681s] Level 1:colcon.colcon_core.package_discovery:discover_packages(path) check parameters
[0.681s] Level 1:colcon.colcon_core.package_discovery:discover_packages(colcon_meta) discover
[0.681s] Level 1:colcon.colcon_core.package_discovery:discover_packages(recursive) discover
[0.681s] INFO:colcon.colcon_core.package_discovery:Crawling recursively for packages in '/home/bo/ws_joystickarm'
[0.681s] Level 1:colcon.colcon_core.package_identification:_identify(.) by extensions ['ignore', 'ignore_ament_install']
[0.681s] Level 1:colcon.colcon_core.package_identification:_identify(.) by extension 'ignore'
[0.682s] Level 1:colcon.colcon_core.package_identification:_identify(.) by extension 'ignore_ament_install'
[0.682s] Level 1:colcon.colcon_core.package_identification:_identify(.) by extensions ['colcon_pkg']
[0.682s] Level 1:colcon.colcon_core.package_identification:_identify(.) by extension 'colcon_pkg'
[0.682s] Level 1:colcon.colcon_core.package_identification:_identify(.) by extensions ['colcon_meta']
[0.682s] Level 1:colcon.colcon_core.package_identification:_identify(.) by extension 'colcon_meta'
[0.682s] Level 1:colcon.colcon_core.package_identification:_identify(.) by extensions ['ros']
[0.682s] Level 1:colcon.colcon_core.package_identification:_identify(.) by extension 'ros'
[0.699s] Level 1:colcon.colcon_core.package_identification:_identify(.) by extensions ['cmake', 'python']
[0.699s] Level 1:colcon.colcon_core.package_identification:_identify(.) by extension 'cmake'
[0.699s] Level 1:colcon.colcon_core.package_identification:_identify(.) by extension 'python'
[0.699s] Level 1:colcon.colcon_core.package_identification:_identify(.) by extensions ['python_setup_py']
[0.699s] Level 1:colcon.colcon_core.package_identification:_identify(.) by extension 'python_setup_py'
[0.699s] Level 1:colcon.colcon_core.package_identification:_identify(build) by extensions ['ignore', 'ignore_ament_install']
[0.699s] Level 1:colcon.colcon_core.package_identification:_identify(build) by extension 'ignore'
[0.699s] Level 1:colcon.colcon_core.package_identification:_identify(build) ignored
[0.700s] Level 1:colcon.colcon_core.package_identification:_identify(install) by extensions ['ignore', 'ignore_ament_install']
[0.700s] Level 1:colcon.colcon_core.package_identification:_identify(install) by extension 'ignore'
[0.700s] Level 1:colcon.colcon_core.package_identification:_identify(install) ignored
[0.700s] Level 1:colcon.colcon_core.package_identification:_identify(log) by extensions ['ignore', 'ignore_ament_install']
[0.700s] Level 1:colcon.colcon_core.package_identification:_identify(log) by extension 'ignore'
[0.700s] Level 1:colcon.colcon_core.package_identification:_identify(log) ignored
[0.700s] Level 1:colcon.colcon_core.package_identification:_identify(src) by extensions ['ignore', 'ignore_ament_install']
[0.700s] Level 1:colcon.colcon_core.package_identification:_identify(src) by extension 'ignore'
[0.700s] Level 1:colcon.colcon_core.package_identification:_identify(src) by extension 'ignore_ament_install'
[0.700s] Level 1:colcon.colcon_core.package_identification:_identify(src) by extensions ['colcon_pkg']
[0.700s] Level 1:colcon.colcon_core.package_identification:_identify(src) by extension 'colcon_pkg'
[0.701s] Level 1:colcon.colcon_core.package_identification:_identify(src) by extensions ['colcon_meta']
[0.701s] Level 1:colcon.colcon_core.package_identification:_identify(src) by extension 'colcon_meta'
[0.701s] Level 1:colcon.colcon_core.package_identification:_identify(src) by extensions ['ros']
[0.701s] Level 1:colcon.colcon_core.package_identification:_identify(src) by extension 'ros'
[0.701s] Level 1:colcon.colcon_core.package_identification:_identify(src) by extensions ['cmake', 'python']
[0.701s] Level 1:colcon.colcon_core.package_identification:_identify(src) by extension 'cmake'
[0.701s] Level 1:colcon.colcon_core.package_identification:_identify(src) by extension 'python'
[0.701s] Level 1:colcon.colcon_core.package_identification:_identify(src) by extensions ['python_setup_py']
[0.701s] Level 1:colcon.colcon_core.package_identification:_identify(src) by extension 'python_setup_py'
[0.701s] Level 1:colcon.colcon_core.package_identification:_identify(src/joystick_pub) by extensions ['ignore', 'ignore_ament_install']
[0.701s] Level 1:colcon.colcon_core.package_identification:_identify(src/joystick_pub) by extension 'ignore'
[0.701s] Level 1:colcon.colcon_core.package_identification:_identify(src/joystick_pub) by extension 'ignore_ament_install'
[0.701s] Level 1:colcon.colcon_core.package_identification:_identify(src/joystick_pub) by extensions ['colcon_pkg']
[0.701s] Level 1:colcon.colcon_core.package_identification:_identify(src/joystick_pub) by extension 'colcon_pkg'
[0.702s] Level 1:colcon.colcon_core.package_identification:_identify(src/joystick_pub) by extensions ['colcon_meta']
[0.702s] Level 1:colcon.colcon_core.package_identification:_identify(src/joystick_pub) by extension 'colcon_meta'
[0.702s] Level 1:colcon.colcon_core.package_identification:_identify(src/joystick_pub) by extensions ['ros']
[0.702s] Level 1:colcon.colcon_core.package_identification:_identify(src/joystick_pub) by extension 'ros'
[0.707s] DEBUG:colcon.colcon_core.package_identification:Package 'src/joystick_pub' with type 'ros.ament_python' and name 'joystick_pub'
[0.708s] Level 1:colcon.colcon_core.package_identification:_identify(src/realtime_servo) by extensions ['ignore', 'ignore_ament_install']
[0.708s] Level 1:colcon.colcon_core.package_identification:_identify(src/realtime_servo) by extension 'ignore'
[0.708s] Level 1:colcon.colcon_core.package_identification:_identify(src/realtime_servo) by extension 'ignore_ament_install'
[0.708s] Level 1:colcon.colcon_core.package_identification:_identify(src/realtime_servo) by extensions ['colcon_pkg']
[0.708s] Level 1:colcon.colcon_core.package_identification:_identify(src/realtime_servo) by extension 'colcon_pkg'
[0.708s] Level 1:colcon.colcon_core.package_identification:_identify(src/realtime_servo) by extensions ['colcon_meta']
[0.708s] Level 1:colcon.colcon_core.package_identification:_identify(src/realtime_servo) by extension 'colcon_meta'
[0.708s] Level 1:colcon.colcon_core.package_identification:_identify(src/realtime_servo) by extensions ['ros']
[0.708s] Level 1:colcon.colcon_core.package_identification:_identify(src/realtime_servo) by extension 'ros'
[0.711s] DEBUG:colcon.colcon_core.package_identification:Package 'src/realtime_servo' with type 'ros.ament_cmake' and name 'realtime_servo'
[0.711s] Level 1:colcon.colcon_core.package_discovery:discover_packages(recursive) using defaults
[0.711s] Level 1:colcon.colcon_core.package_discovery:discover_packages(ignore) discover
[0.711s] Level 1:colcon.colcon_core.package_discovery:discover_packages(ignore) using defaults
[0.711s] Level 1:colcon.colcon_core.package_discovery:discover_packages(path) discover
[0.711s] Level 1:colcon.colcon_core.package_discovery:discover_packages(path) using defaults
[0.751s] Level 1:colcon.colcon_core.package_discovery:discover_packages(prefix_path) check parameters
[0.752s] Level 1:colcon.colcon_core.package_discovery:discover_packages(prefix_path) discover
[0.767s] DEBUG:colcon.colcon_installed_package_information.package_discovery:Found 56 installed packages in /home/bo/ws_moveit2/install
[0.770s] DEBUG:colcon.colcon_installed_package_information.package_discovery:Found 314 installed packages in /opt/ros/humble
[0.771s] Level 1:colcon.colcon_core.package_discovery:discover_packages(prefix_path) using defaults
[0.924s] Level 5:colcon.colcon_core.verb:set package 'joystick_pub' build argument 'cmake_args' from command line to '['-DCMAKE_BUILD_TYPE=Release']'
[0.924s] Level 5:colcon.colcon_core.verb:set package 'joystick_pub' build argument 'cmake_target' from command line to 'None'
[0.924s] Level 5:colcon.colcon_core.verb:set package 'joystick_pub' build argument 'cmake_target_skip_unavailable' from command line to 'False'
[0.924s] Level 5:colcon.colcon_core.verb:set package 'joystick_pub' build argument 'cmake_clean_cache' from command line to 'False'
[0.924s] Level 5:colcon.colcon_core.verb:set package 'joystick_pub' build argument 'cmake_clean_first' from command line to 'False'
[0.924s] Level 5:colcon.colcon_core.verb:set package 'joystick_pub' build argument 'cmake_force_configure' from command line to 'False'
[0.924s] Level 5:colcon.colcon_core.verb:set package 'joystick_pub' build argument 'ament_cmake_args' from command line to 'None'
[0.924s] Level 5:colcon.colcon_core.verb:set package 'joystick_pub' build argument 'catkin_cmake_args' from command line to 'None'
[0.924s] Level 5:colcon.colcon_core.verb:set package 'joystick_pub' build argument 'catkin_skip_building_tests' from command line to 'False'
[0.924s] DEBUG:colcon.colcon_core.verb:Building package 'joystick_pub' with the following arguments: {'ament_cmake_args': None, 'build_base': '/home/bo/ws_joystickarm/build/joystick_pub', 'catkin_cmake_args': None, 'catkin_skip_building_tests': False, 'cmake_args': ['-DCMAKE_BUILD_TYPE=Release'], 'cmake_clean_cache': False, 'cmake_clean_first': False, 'cmake_force_configure': False, 'cmake_target': None, 'cmake_target_skip_unavailable': False, 'install_base': '/home/bo/ws_joystickarm/install/joystick_pub', 'merge_install': False, 'path': '/home/bo/ws_joystickarm/src/joystick_pub', 'symlink_install': False, 'test_result_base': None}
[0.925s] Level 5:colcon.colcon_core.verb:set package 'realtime_servo' build argument 'cmake_args' from command line to '['-DCMAKE_BUILD_TYPE=Release']'
[0.926s] Level 5:colcon.colcon_core.verb:set package 'realtime_servo' build argument 'cmake_target' from command line to 'None'
[0.926s] Level 5:colcon.colcon_core.verb:set package 'realtime_servo' build argument 'cmake_target_skip_unavailable' from command line to 'False'
[0.926s] Level 5:colcon.colcon_core.verb:set package 'realtime_servo' build argument 'cmake_clean_cache' from command line to 'False'
[0.926s] Level 5:colcon.colcon_core.verb:set package 'realtime_servo' build argument 'cmake_clean_first' from command line to 'False'
[0.926s] Level 5:colcon.colcon_core.verb:set package 'realtime_servo' build argument 'cmake_force_configure' from command line to 'False'
[0.926s] Level 5:colcon.colcon_core.verb:set package 'realtime_servo' build argument 'ament_cmake_args' from command line to 'None'
[0.926s] Level 5:colcon.colcon_core.verb:set package 'realtime_servo' build argument 'catkin_cmake_args' from command line to 'None'
[0.926s] Level 5:colcon.colcon_core.verb:set package 'realtime_servo' build argument 'catkin_skip_building_tests' from command line to 'False'
[0.926s] DEBUG:colcon.colcon_core.verb:Building package 'realtime_servo' with the following arguments: {'ament_cmake_args': None, 'build_base': '/home/bo/ws_joystickarm/build/realtime_servo', 'catkin_cmake_args': None, 'catkin_skip_building_tests': False, 'cmake_args': ['-DCMAKE_BUILD_TYPE=Release'], 'cmake_clean_cache': False, 'cmake_clean_first': False, 'cmake_force_configure': False, 'cmake_target': None, 'cmake_target_skip_unavailable': False, 'install_base': '/home/bo/ws_joystickarm/install/realtime_servo', 'merge_install': False, 'path': '/home/bo/ws_joystickarm/src/realtime_servo', 'symlink_install': False, 'test_result_base': None}
[0.927s] INFO:colcon.colcon_core.executor:Executing jobs using 'parallel' executor
[0.930s] DEBUG:colcon.colcon_parallel_executor.executor.parallel:run_until_complete
[0.931s] INFO:colcon.colcon_ros.task.ament_python.build:Building ROS package in '/home/bo/ws_joystickarm/src/joystick_pub' with build type 'ament_python'
[0.931s] Level 1:colcon.colcon_core.shell:create_environment_hook('joystick_pub', 'ament_prefix_path')
[0.941s] INFO:colcon.colcon_core.plugin_system:Skipping extension 'colcon_core.shell.bat': Not used on non-Windows systems
[0.941s] INFO:colcon.colcon_core.shell:Creating environment hook '/home/bo/ws_joystickarm/install/joystick_pub/share/joystick_pub/hook/ament_prefix_path.ps1'
[0.943s] INFO:colcon.colcon_core.shell:Creating environment descriptor '/home/bo/ws_joystickarm/install/joystick_pub/share/joystick_pub/hook/ament_prefix_path.dsv'
[0.944s] INFO:colcon.colcon_core.shell:Creating environment hook '/home/bo/ws_joystickarm/install/joystick_pub/share/joystick_pub/hook/ament_prefix_path.sh'
[0.947s] INFO:colcon.colcon_core.shell:Skip shell extension 'powershell' for command environment: Not usable outside of PowerShell
[0.947s] DEBUG:colcon.colcon_core.shell:Skip shell extension 'dsv' for command environment
[0.960s] INFO:colcon.colcon_ros.task.ament_cmake.build:Building ROS package in '/home/bo/ws_joystickarm/src/realtime_servo' with build type 'ament_cmake'
[0.960s] INFO:colcon.colcon_cmake.task.cmake.build:Building CMake package in '/home/bo/ws_joystickarm/src/realtime_servo'
[0.962s] INFO:colcon.colcon_core.shell:Skip shell extension 'powershell' for command environment: Not usable outside of PowerShell
[0.962s] DEBUG:colcon.colcon_core.shell:Skip shell extension 'dsv' for command environment
[1.392s] INFO:colcon.colcon_core.task.python.build:Building Python package in '/home/bo/ws_joystickarm/src/joystick_pub'
[1.393s] INFO:colcon.colcon_core.shell:Skip shell extension 'powershell' for command environment: Not usable outside of PowerShell
[1.393s] DEBUG:colcon.colcon_core.shell:Skip shell extension 'dsv' for command environment
[1.416s] DEBUG:colcon.colcon_core.event_handler.log_command:Invoking command in '/home/bo/ws_joystickarm/build/realtime_servo': CMAKE_PREFIX_PATH=${CMAKE_PREFIX_PATH}:/home/bo/ws_moveit2/install/moveit_configs_utils:/home/bo/ws_moveit2/install/launch_param_builder:/opt/ros/humble /usr/bin/cmake --build /home/bo/ws_joystickarm/build/realtime_servo -- -j2 -l2
[1.947s] DEBUG:colcon.colcon_core.event_handler.log_command:Invoked command in '/home/bo/ws_joystickarm/build/realtime_servo' returned '0': CMAKE_PREFIX_PATH=${CMAKE_PREFIX_PATH}:/home/bo/ws_moveit2/install/moveit_configs_utils:/home/bo/ws_moveit2/install/launch_param_builder:/opt/ros/humble /usr/bin/cmake --build /home/bo/ws_joystickarm/build/realtime_servo -- -j2 -l2
[2.057s] DEBUG:colcon.colcon_core.event_handler.log_command:Invoking command in '/home/bo/ws_joystickarm/build/realtime_servo': CMAKE_PREFIX_PATH=${CMAKE_PREFIX_PATH}:/home/bo/ws_moveit2/install/moveit_configs_utils:/home/bo/ws_moveit2/install/launch_param_builder:/opt/ros/humble /usr/bin/cmake --install /home/bo/ws_joystickarm/build/realtime_servo
[2.089s] Level 1:colcon.colcon_core.environment:create_environment_scripts_only(realtime_servo)
[2.090s] DEBUG:colcon.colcon_core.event_handler.log_command:Invoked command in '/home/bo/ws_joystickarm/build/realtime_servo' returned '0': CMAKE_PREFIX_PATH=${CMAKE_PREFIX_PATH}:/home/bo/ws_moveit2/install/moveit_configs_utils:/home/bo/ws_moveit2/install/launch_param_builder:/opt/ros/humble /usr/bin/cmake --install /home/bo/ws_joystickarm/build/realtime_servo
[2.100s] Level 1:colcon.colcon_core.environment:checking '/home/bo/ws_joystickarm/install/realtime_servo' for CMake module files
[2.101s] Level 1:colcon.colcon_core.environment:checking '/home/bo/ws_joystickarm/install/realtime_servo' for CMake config files
[2.101s] Level 1:colcon.colcon_core.shell:create_environment_hook('realtime_servo', 'cmake_prefix_path')
[2.103s] INFO:colcon.colcon_core.shell:Creating environment hook '/home/bo/ws_joystickarm/install/realtime_servo/share/realtime_servo/hook/cmake_prefix_path.ps1'
[2.103s] INFO:colcon.colcon_core.shell:Creating environment descriptor '/home/bo/ws_joystickarm/install/realtime_servo/share/realtime_servo/hook/cmake_prefix_path.dsv'
[2.104s] INFO:colcon.colcon_core.shell:Creating environment hook '/home/bo/ws_joystickarm/install/realtime_servo/share/realtime_servo/hook/cmake_prefix_path.sh'
[2.105s] Level 1:colcon.colcon_core.environment:checking '/home/bo/ws_joystickarm/install/realtime_servo/lib'
[2.105s] Level 1:colcon.colcon_core.environment:checking '/home/bo/ws_joystickarm/install/realtime_servo/bin'
[2.105s] Level 1:colcon.colcon_core.environment:checking '/home/bo/ws_joystickarm/install/realtime_servo/lib/pkgconfig/realtime_servo.pc'
[2.105s] Level 1:colcon.colcon_core.environment:checking '/home/bo/ws_joystickarm/install/realtime_servo/lib/python3.10/site-packages'
[2.105s] Level 1:colcon.colcon_core.environment:checking '/home/bo/ws_joystickarm/install/realtime_servo/bin'
[2.107s] INFO:colcon.colcon_core.shell:Creating package script '/home/bo/ws_joystickarm/install/realtime_servo/share/realtime_servo/package.ps1'
[2.109s] INFO:colcon.colcon_core.shell:Creating package descriptor '/home/bo/ws_joystickarm/install/realtime_servo/share/realtime_servo/package.dsv'
[2.110s] INFO:colcon.colcon_core.shell:Creating package script '/home/bo/ws_joystickarm/install/realtime_servo/share/realtime_servo/package.sh'
[2.111s] INFO:colcon.colcon_core.shell:Creating package script '/home/bo/ws_joystickarm/install/realtime_servo/share/realtime_servo/package.bash'
[2.112s] INFO:colcon.colcon_core.shell:Creating package script '/home/bo/ws_joystickarm/install/realtime_servo/share/realtime_servo/package.zsh'
[2.113s] Level 1:colcon.colcon_core.environment:create_file_with_runtime_dependencies(/home/bo/ws_joystickarm/install/realtime_servo/share/colcon-core/packages/realtime_servo)
[2.162s] DEBUG:colcon.colcon_core.event_handler.log_command:Invoking command in '/home/bo/ws_joystickarm/src/joystick_pub': PYTHONPATH=/home/bo/ws_joystickarm/build/joystick_pub/prefix_override:/home/bo/ws_joystickarm/install/joystick_pub/lib/python3.10/site-packages:${PYTHONPATH} /usr/bin/python3 setup.py egg_info --egg-base ../../build/joystick_pub build --build-base /home/bo/ws_joystickarm/build/joystick_pub/build install --record /home/bo/ws_joystickarm/build/joystick_pub/install.log --single-version-externally-managed
[2.206s] Level 1:colcon.colcon_core.environment:create_environment_scripts_only(realtime_servo)
[2.208s] Level 1:colcon.colcon_core.environment:checking '/home/bo/ws_joystickarm/install/realtime_servo' for CMake module files
[2.208s] Level 1:colcon.colcon_core.environment:checking '/home/bo/ws_joystickarm/install/realtime_servo' for CMake config files
[2.209s] Level 1:colcon.colcon_core.shell:create_environment_hook('realtime_servo', 'cmake_prefix_path')
[2.211s] INFO:colcon.colcon_core.shell:Creating environment hook '/home/bo/ws_joystickarm/install/realtime_servo/share/realtime_servo/hook/cmake_prefix_path.ps1'
[2.211s] INFO:colcon.colcon_core.shell:Creating environment descriptor '/home/bo/ws_joystickarm/install/realtime_servo/share/realtime_servo/hook/cmake_prefix_path.dsv'
[2.212s] INFO:colcon.colcon_core.shell:Creating environment hook '/home/bo/ws_joystickarm/install/realtime_servo/share/realtime_servo/hook/cmake_prefix_path.sh'
[2.213s] Level 1:colcon.colcon_core.environment:checking '/home/bo/ws_joystickarm/install/realtime_servo/lib'
[2.213s] Level 1:colcon.colcon_core.environment:checking '/home/bo/ws_joystickarm/install/realtime_servo/bin'
[2.213s] Level 1:colcon.colcon_core.environment:checking '/home/bo/ws_joystickarm/install/realtime_servo/lib/pkgconfig/realtime_servo.pc'
[2.213s] Level 1:colcon.colcon_core.environment:checking '/home/bo/ws_joystickarm/install/realtime_servo/lib/python3.10/site-packages'
[2.213s] Level 1:colcon.colcon_core.environment:checking '/home/bo/ws_joystickarm/install/realtime_servo/bin'
[2.215s] INFO:colcon.colcon_core.shell:Creating package script '/home/bo/ws_joystickarm/install/realtime_servo/share/realtime_servo/package.ps1'
[2.216s] INFO:colcon.colcon_core.shell:Creating package descriptor '/home/bo/ws_joystickarm/install/realtime_servo/share/realtime_servo/package.dsv'
[2.216s] INFO:colcon.colcon_core.shell:Creating package script '/home/bo/ws_joystickarm/install/realtime_servo/share/realtime_servo/package.sh'
[2.217s] INFO:colcon.colcon_core.shell:Creating package script '/home/bo/ws_joystickarm/install/realtime_servo/share/realtime_servo/package.bash'
[2.217s] INFO:colcon.colcon_core.shell:Creating package script '/home/bo/ws_joystickarm/install/realtime_servo/share/realtime_servo/package.zsh'
[2.218s] Level 1:colcon.colcon_core.environment:create_file_with_runtime_dependencies(/home/bo/ws_joystickarm/install/realtime_servo/share/colcon-core/packages/realtime_servo)
[2.633s] Level 1:colcon.colcon_core.environment:checking '/home/bo/ws_joystickarm/install/joystick_pub' for CMake module files
[2.634s] DEBUG:colcon.colcon_core.event_handler.log_command:Invoked command in '/home/bo/ws_joystickarm/src/joystick_pub' returned '0': PYTHONPATH=/home/bo/ws_joystickarm/build/joystick_pub/prefix_override:/home/bo/ws_joystickarm/install/joystick_pub/lib/python3.10/site-packages:${PYTHONPATH} /usr/bin/python3 setup.py egg_info --egg-base ../../build/joystick_pub build --build-base /home/bo/ws_joystickarm/build/joystick_pub/build install --record /home/bo/ws_joystickarm/build/joystick_pub/install.log --single-version-externally-managed
[2.634s] Level 1:colcon.colcon_core.environment:checking '/home/bo/ws_joystickarm/install/joystick_pub' for CMake config files
[2.635s] Level 1:colcon.colcon_core.environment:checking '/home/bo/ws_joystickarm/install/joystick_pub/lib'
[2.635s] Level 1:colcon.colcon_core.environment:checking '/home/bo/ws_joystickarm/install/joystick_pub/bin'
[2.635s] Level 1:colcon.colcon_core.environment:checking '/home/bo/ws_joystickarm/install/joystick_pub/lib/pkgconfig/joystick_pub.pc'
[2.636s] Level 1:colcon.colcon_core.environment:checking '/home/bo/ws_joystickarm/install/joystick_pub/lib/python3.10/site-packages'
[2.636s] Level 1:colcon.colcon_core.shell:create_environment_hook('joystick_pub', 'pythonpath')
[2.639s] INFO:colcon.colcon_core.shell:Creating environment hook '/home/bo/ws_joystickarm/install/joystick_pub/share/joystick_pub/hook/pythonpath.ps1'
[2.640s] INFO:colcon.colcon_core.shell:Creating environment descriptor '/home/bo/ws_joystickarm/install/joystick_pub/share/joystick_pub/hook/pythonpath.dsv'
[2.640s] INFO:colcon.colcon_core.shell:Creating environment hook '/home/bo/ws_joystickarm/install/joystick_pub/share/joystick_pub/hook/pythonpath.sh'
[2.641s] Level 1:colcon.colcon_core.environment:checking '/home/bo/ws_joystickarm/install/joystick_pub/bin'
[2.641s] Level 1:colcon.colcon_core.environment:create_environment_scripts_only(joystick_pub)
[2.644s] INFO:colcon.colcon_core.shell:Creating package script '/home/bo/ws_joystickarm/install/joystick_pub/share/joystick_pub/package.ps1'
[2.645s] INFO:colcon.colcon_core.shell:Creating package descriptor '/home/bo/ws_joystickarm/install/joystick_pub/share/joystick_pub/package.dsv'
[2.646s] INFO:colcon.colcon_core.shell:Creating package script '/home/bo/ws_joystickarm/install/joystick_pub/share/joystick_pub/package.sh'
[2.646s] INFO:colcon.colcon_core.shell:Creating package script '/home/bo/ws_joystickarm/install/joystick_pub/share/joystick_pub/package.bash'
[2.647s] INFO:colcon.colcon_core.shell:Creating package script '/home/bo/ws_joystickarm/install/joystick_pub/share/joystick_pub/package.zsh'
[2.647s] Level 1:colcon.colcon_core.environment:create_file_with_runtime_dependencies(/home/bo/ws_joystickarm/install/joystick_pub/share/colcon-core/packages/joystick_pub)
[2.648s] DEBUG:colcon.colcon_parallel_executor.executor.parallel:closing loop
[2.648s] DEBUG:colcon.colcon_parallel_executor.executor.parallel:loop closed
[2.649s] DEBUG:colcon.colcon_parallel_executor.executor.parallel:run_until_complete finished with '0'
[2.649s] DEBUG:colcon.colcon_core.event_reactor:joining thread
[2.662s] INFO:colcon.colcon_core.plugin_system:Skipping extension 'colcon_notification.desktop_notification.terminal_notifier': Not used on non-Darwin systems
[2.662s] INFO:colcon.colcon_core.plugin_system:Skipping extension 'colcon_notification.desktop_notification.win32': Not used on non-Windows systems
[2.662s] INFO:colcon.colcon_notification.desktop_notification:Sending desktop notification using 'notify2'
[2.837s] DEBUG:colcon.colcon_core.event_reactor:joined thread
[2.839s] INFO:colcon.colcon_core.shell:Creating prefix script '/home/bo/ws_joystickarm/install/local_setup.ps1'
[2.841s] INFO:colcon.colcon_core.shell:Creating prefix util module '/home/bo/ws_joystickarm/install/_local_setup_util_ps1.py'
[2.843s] INFO:colcon.colcon_core.shell:Creating prefix chain script '/home/bo/ws_joystickarm/install/setup.ps1'
[2.848s] INFO:colcon.colcon_core.shell:Creating prefix script '/home/bo/ws_joystickarm/install/local_setup.sh'
[2.849s] INFO:colcon.colcon_core.shell:Creating prefix util module '/home/bo/ws_joystickarm/install/_local_setup_util_sh.py'
[2.850s] INFO:colcon.colcon_core.shell:Creating prefix chain script '/home/bo/ws_joystickarm/install/setup.sh'
[2.855s] INFO:colcon.colcon_core.shell:Creating prefix script '/home/bo/ws_joystickarm/install/local_setup.bash'
[2.856s] INFO:colcon.colcon_core.shell:Creating prefix chain script '/home/bo/ws_joystickarm/install/setup.bash'
[2.860s] INFO:colcon.colcon_core.shell:Creating prefix script '/home/bo/ws_joystickarm/install/local_setup.zsh'
[2.861s] INFO:colcon.colcon_core.shell:Creating prefix chain script '/home/bo/ws_joystickarm/install/setup.zsh'
