[0mCMake Error: File /home/bo/ws_xianyu/src/realtime_servo/package.xml does not exist.[0m
[31mCMake Error at /opt/ros/humble/share/ament_cmake_core/cmake/core/stamp.cmake:24 (configure_file):
  configure_file Problem configuring file
Call Stack (most recent call first):
  /opt/ros/humble/share/ament_cmake_core/cmake/core/ament_package_xml.cmake:73 (stamp)
  /opt/ros/humble/share/ament_cmake_core/cmake/core/ament_package_xml.cmake:49 (_ament_package_xml)
  /home/bo/ws_moveit2/install/moveit_common/share/moveit_common/cmake/moveit_package.cmake:33 (ament_package_xml)
  CMakeLists.txt:6 (moveit_package)

[0m
[0mCMake Error: File /home/bo/ws_xianyu/src/realtime_servo/package.xml does not exist.[0m
[31mCMake Error at /opt/ros/humble/share/ament_cmake_core/cmake/core/stamp.cmake:24 (configure_file):
  configure_file Problem configuring file
Call Stack (most recent call first):
  /opt/ros/humble/share/ament_cmake_core/cmake/core/ament_package_xml.cmake:73 (stamp)
  /opt/ros/humble/share/ament_cmake_core/cmake/core/ament_package_xml.cmake:49 (_ament_package_xml)
  /opt/ros/humble/share/ament_cmake_core/cmake/core/ament_package.cmake:63 (ament_package_xml)
  CMakeLists.txt:66 (ament_package)

[0m
[31mCMake Error at /opt/ros/humble/share/ament_cmake_target_dependencies/cmake/ament_target_dependencies.cmake:77 (message):
  ament_target_dependencies() the passed package name 'interactive_markers'
  was not found before
Call Stack (most recent call first):
  CMakeLists.txt:72 (ament_target_dependencies)

[0m
