[0.038s] Invoking command in '/home/bo/ws_xianyu/build/moveit2_tutorials': /usr/bin/cmake /home/bo/ws_xianyu/src/realtime_servo -DCMAKE_BUILD_TYPE=Release -DCMAKE_INSTALL_PREFIX=/home/bo/ws_xianyu/install/moveit2_tutorials
[0.105s] -- The C compiler identification is GNU 11.3.0
[0.187s] -- The CXX compiler identification is GNU 11.3.0
[0.194s] -- Detecting C compiler ABI info
[0.310s] -- Detecting C compiler ABI info - done
[0.312s] -- Check for working C compiler: /usr/bin/cc - skipped
[0.313s] -- Detecting C compile features
[0.313s] -- Detecting C compile features - done
[0.314s] -- Detecting CXX compiler ABI info
[0.414s] -- Detecting CXX compiler ABI info - done
[0.418s] -- Check for working CXX compiler: /usr/bin/c++ - skipped
[0.419s] -- Detecting CXX compile features
[0.419s] -- Detecting CXX compile features - done
[0.423s] -- Found moveit_common: 2.5.4 (/home/bo/ws_moveit2/install/moveit_common/share/moveit_common/cmake)
[0.433s] -- Found ament_cmake: 1.3.3 (/opt/ros/humble/share/ament_cmake/cmake)
[0.596s] -- Found Python3: /usr/bin/python3.10 (found version "3.10.6") found components: Interpreter 
[0.725s] [0mCMake Error: File /home/bo/ws_xianyu/src/realtime_servo/package.xml does not exist.[0m
[0.725s] [31mCMake Error at /opt/ros/humble/share/ament_cmake_core/cmake/core/stamp.cmake:24 (configure_file):
[0.726s]   configure_file Problem configuring file
[0.726s] Call Stack (most recent call first):
[0.726s]   /opt/ros/humble/share/ament_cmake_core/cmake/core/ament_package_xml.cmake:73 (stamp)
[0.726s]   /opt/ros/humble/share/ament_cmake_core/cmake/core/ament_package_xml.cmake:49 (_ament_package_xml)
[0.727s]   /home/bo/ws_moveit2/install/moveit_common/share/moveit_common/cmake/moveit_package.cmake:33 (ament_package_xml)
[0.727s]   CMakeLists.txt:6 (moveit_package)
[0.731s] 
[0.731s] [0m
[0.971s] -- Found Boost: /usr/lib/x86_64-linux-gnu/cmake/Boost-1.74.0/BoostConfig.cmake (found version "1.74.0") found components: system filesystem date_time thread 
[0.977s] -- Found control_msgs: 4.1.1 (/opt/ros/humble/share/control_msgs/cmake)
[1.065s] -- Found rosidl_generator_c: 3.1.4 (/opt/ros/humble/share/rosidl_generator_c/cmake)
[1.075s] -- Found rosidl_adapter: 3.1.4 (/opt/ros/humble/share/rosidl_adapter/cmake)
[1.089s] -- Found rosidl_generator_cpp: 3.1.4 (/opt/ros/humble/share/rosidl_generator_cpp/cmake)
[1.107s] -- Using all available rosidl_typesupport_c: rosidl_typesupport_fastrtps_c;rosidl_typesupport_introspection_c
[1.141s] -- Using all available rosidl_typesupport_cpp: rosidl_typesupport_fastrtps_cpp;rosidl_typesupport_introspection_cpp
[1.602s] -- Found moveit_core: 2.5.4 (/home/bo/ws_moveit2/install/moveit_core/share/moveit_core/cmake)
[1.644s] -- Found Boost: /usr/lib/x86_64-linux-gnu/cmake/Boost-1.74.0/BoostConfig.cmake (found version "1.74.0") found components: chrono date_time filesystem iostreams program_options regex serialization system thread 
[1.665s] -- Found Boost: /usr/lib/x86_64-linux-gnu/cmake/Boost-1.74.0/BoostConfig.cmake (found version "1.74.0") found components: filesystem 
[1.809s] -- Found rmw_implementation_cmake: 6.1.1 (/opt/ros/humble/share/rmw_implementation_cmake/cmake)
[1.815s] -- Found rmw_cyclonedds_cpp: 1.3.4 (/opt/ros/humble/share/rmw_cyclonedds_cpp/cmake)
[1.884s] -- Using RMW implementation 'rmw_cyclonedds_cpp' as default
[1.905s] -- Found Threads: TRUE  
[2.122s] -- library: /usr/lib/x86_64-linux-gnu/libcurl.so
[2.304s] -- Found Eigen3: TRUE (found version "3.4.0") 
[2.304s] -- Ensuring Eigen3 include directory is part of orocos-kdl CMake target
[3.240s] -- Found moveit_task_constructor_core: 0.1.0 (/home/bo/ws_moveit2/install/moveit_task_constructor_core/share/moveit_task_constructor_core/cmake)
[3.298s] -- Found Boost: /usr/lib/x86_64-linux-gnu/cmake/Boost-1.74.0/BoostConfig.cmake (found version "1.74.0") found components: system filesystem date_time program_options thread chrono 
[3.719s] -- Found Boost: /usr/lib/x86_64-linux-gnu/cmake/Boost-1.74.0/BoostConfig.cmake (found version "1.74.0") found components: date_time filesystem program_options system thread 
[3.877s] -- Found Boost: /usr/lib/x86_64-linux-gnu/cmake/Boost-1.74.0/BoostConfig.cmake (found version "1.74.0") found components: thread system filesystem regex date_time program_options 
[4.138s] -- Found Boost: /usr/lib/x86_64-linux-gnu/cmake/Boost-1.74.0/BoostConfig.cmake (found version "1.74.0") found components: system filesystem date_time program_options thread 
[4.845s] -- Found moveit_ros_perception: 2.5.4 (/home/bo/ws_moveit2/install/moveit_ros_perception/share/moveit_ros_perception/cmake)
[4.849s] -- Found Boost: /usr/lib/x86_64-linux-gnu/cmake/Boost-1.74.0/BoostConfig.cmake (found version "1.74.0") found components: thread 
[5.092s] -- Found moveit_servo: 2.5.4 (/home/bo/ws_moveit2/install/moveit_servo/share/moveit_servo/cmake)
[5.523s] [0mCMake Error: File /home/bo/ws_xianyu/src/realtime_servo/package.xml does not exist.[0m
[5.524s] [31mCMake Error at /opt/ros/humble/share/ament_cmake_core/cmake/core/stamp.cmake:24 (configure_file):
[5.524s]   configure_file Problem configuring file
[5.524s] Call Stack (most recent call first):
[5.525s]   /opt/ros/humble/share/ament_cmake_core/cmake/core/ament_package_xml.cmake:73 (stamp)
[5.525s]   /opt/ros/humble/share/ament_cmake_core/cmake/core/ament_package_xml.cmake:49 (_ament_package_xml)
[5.526s]   /opt/ros/humble/share/ament_cmake_core/cmake/core/ament_package.cmake:63 (ament_package_xml)
[5.526s]   CMakeLists.txt:66 (ament_package)
[5.527s] 
[5.527s] [0m
[5.542s] [31mCMake Error at /opt/ros/humble/share/ament_cmake_target_dependencies/cmake/ament_target_dependencies.cmake:77 (message):
[5.542s]   ament_target_dependencies() the passed package name 'interactive_markers'
[5.542s]   was not found before
[5.542s] Call Stack (most recent call first):
[5.546s]   CMakeLists.txt:72 (ament_target_dependencies)
[5.547s] 
[5.547s] [0m
[5.547s] -- Configuring incomplete, errors occurred!
[5.548s] See also "/home/bo/ws_xianyu/build/moveit2_tutorials/CMakeFiles/CMakeOutput.log".
[5.560s] Invoked command in '/home/bo/ws_xianyu/build/moveit2_tutorials' returned '1': /usr/bin/cmake /home/bo/ws_xianyu/src/realtime_servo -DCMAKE_BUILD_TYPE=Release -DCMAKE_INSTALL_PREFIX=/home/bo/ws_xianyu/install/moveit2_tutorials
