[1.136s] DEBUG:colcon:Command line arguments: ['/usr/bin/colcon', 'build', '--mixin', 'release', '--parallel-workers', '4']
[1.137s] DEBUG:colcon:Parsed command line arguments: Namespace(log_base=None, log_level=None, verb_name='build', build_base='build', install_base='install', merge_install=False, symlink_install=False, test_result_base=None, continue_on_error=False, executor='parallel', parallel_workers=4, event_handlers=None, ignore_user_meta=False, metas=['./colcon.meta'], base_paths=['.'], packages_ignore=None, packages_ignore_regex=None, paths=None, packages_up_to=None, packages_up_to_regex=None, packages_above=None, packages_above_and_dependencies=None, packages_above_depth=None, packages_select_by_dep=None, packages_skip_by_dep=None, packages_skip_up_to=None, packages_select_build_failed=False, packages_skip_build_finished=False, packages_select_test_failures=False, packages_skip_test_passed=False, packages_select=None, packages_skip=None, packages_select_regex=None, packages_skip_regex=None, packages_start=None, packages_end=None, allow_overriding=[], cmake_args=['-DCMAKE_BUILD_TYPE=Release'], cmake_target=None, cmake_target_skip_unavailable=False, cmake_clean_cache=False, cmake_clean_first=False, cmake_force_configure=False, ament_cmake_args=None, catkin_cmake_args=None, catkin_skip_building_tests=False, mixin_files=None, mixin=['release'], verb_parser=<colcon_mixin.mixin.mixin_argument.MixinArgumentDecorator object at 0x7efc05dbb9a0>, verb_extension=<colcon_core.verb.build.BuildVerb object at 0x7efc05dbb310>, main=<bound method BuildVerb.main of <colcon_core.verb.build.BuildVerb object at 0x7efc05dbb310>>, mixin_verb=('build',))
[1.222s] Level 1:colcon.colcon_core.package_discovery:discover_packages(colcon_meta) check parameters
[1.222s] Level 1:colcon.colcon_core.package_discovery:discover_packages(recursive) check parameters
[1.222s] Level 1:colcon.colcon_core.package_discovery:discover_packages(ignore) check parameters
[1.222s] Level 1:colcon.colcon_core.package_discovery:discover_packages(path) check parameters
[1.223s] Level 1:colcon.colcon_core.package_discovery:discover_packages(colcon_meta) discover
[1.227s] Level 1:colcon.colcon_core.package_discovery:discover_packages(recursive) discover
[1.228s] INFO:colcon.colcon_core.package_discovery:Crawling recursively for packages in '/home/bo/ws_joystickarm'
[1.228s] Level 1:colcon.colcon_core.package_identification:_identify(.) by extensions ['ignore', 'ignore_ament_install']
[1.228s] Level 1:colcon.colcon_core.package_identification:_identify(.) by extension 'ignore'
[1.229s] Level 1:colcon.colcon_core.package_identification:_identify(.) by extension 'ignore_ament_install'
[1.229s] Level 1:colcon.colcon_core.package_identification:_identify(.) by extensions ['colcon_pkg']
[1.229s] Level 1:colcon.colcon_core.package_identification:_identify(.) by extension 'colcon_pkg'
[1.229s] Level 1:colcon.colcon_core.package_identification:_identify(.) by extensions ['colcon_meta']
[1.229s] Level 1:colcon.colcon_core.package_identification:_identify(.) by extension 'colcon_meta'
[1.229s] Level 1:colcon.colcon_core.package_identification:_identify(.) by extensions ['ros']
[1.230s] Level 1:colcon.colcon_core.package_identification:_identify(.) by extension 'ros'
[1.252s] Level 1:colcon.colcon_core.package_identification:_identify(.) by extensions ['cmake', 'python']
[1.252s] Level 1:colcon.colcon_core.package_identification:_identify(.) by extension 'cmake'
[1.252s] Level 1:colcon.colcon_core.package_identification:_identify(.) by extension 'python'
[1.252s] Level 1:colcon.colcon_core.package_identification:_identify(.) by extensions ['python_setup_py']
[1.253s] Level 1:colcon.colcon_core.package_identification:_identify(.) by extension 'python_setup_py'
[1.253s] Level 1:colcon.colcon_core.package_identification:_identify(build) by extensions ['ignore', 'ignore_ament_install']
[1.258s] Level 1:colcon.colcon_core.package_identification:_identify(build) by extension 'ignore'
[1.258s] Level 1:colcon.colcon_core.package_identification:_identify(build) ignored
[1.258s] Level 1:colcon.colcon_core.package_identification:_identify(install) by extensions ['ignore', 'ignore_ament_install']
[1.259s] Level 1:colcon.colcon_core.package_identification:_identify(install) by extension 'ignore'
[1.259s] Level 1:colcon.colcon_core.package_identification:_identify(install) ignored
[1.259s] Level 1:colcon.colcon_core.package_identification:_identify(log) by extensions ['ignore', 'ignore_ament_install']
[1.259s] Level 1:colcon.colcon_core.package_identification:_identify(log) by extension 'ignore'
[1.260s] Level 1:colcon.colcon_core.package_identification:_identify(log) ignored
[1.260s] Level 1:colcon.colcon_core.package_identification:_identify(src) by extensions ['ignore', 'ignore_ament_install']
[1.260s] Level 1:colcon.colcon_core.package_identification:_identify(src) by extension 'ignore'
[1.260s] Level 1:colcon.colcon_core.package_identification:_identify(src) by extension 'ignore_ament_install'
[1.261s] Level 1:colcon.colcon_core.package_identification:_identify(src) by extensions ['colcon_pkg']
[1.261s] Level 1:colcon.colcon_core.package_identification:_identify(src) by extension 'colcon_pkg'
[1.261s] Level 1:colcon.colcon_core.package_identification:_identify(src) by extensions ['colcon_meta']
[1.261s] Level 1:colcon.colcon_core.package_identification:_identify(src) by extension 'colcon_meta'
[1.262s] Level 1:colcon.colcon_core.package_identification:_identify(src) by extensions ['ros']
[1.262s] Level 1:colcon.colcon_core.package_identification:_identify(src) by extension 'ros'
[1.263s] Level 1:colcon.colcon_core.package_identification:_identify(src) by extensions ['cmake', 'python']
[1.263s] Level 1:colcon.colcon_core.package_identification:_identify(src) by extension 'cmake'
[1.264s] Level 1:colcon.colcon_core.package_identification:_identify(src) by extension 'python'
[1.265s] Level 1:colcon.colcon_core.package_identification:_identify(src) by extensions ['python_setup_py']
[1.266s] Level 1:colcon.colcon_core.package_identification:_identify(src) by extension 'python_setup_py'
[1.267s] Level 1:colcon.colcon_core.package_identification:_identify(src/joystick_pub) by extensions ['ignore', 'ignore_ament_install']
[1.267s] Level 1:colcon.colcon_core.package_identification:_identify(src/joystick_pub) by extension 'ignore'
[1.267s] Level 1:colcon.colcon_core.package_identification:_identify(src/joystick_pub) by extension 'ignore_ament_install'
[1.268s] Level 1:colcon.colcon_core.package_identification:_identify(src/joystick_pub) by extensions ['colcon_pkg']
[1.268s] Level 1:colcon.colcon_core.package_identification:_identify(src/joystick_pub) by extension 'colcon_pkg'
[1.269s] Level 1:colcon.colcon_core.package_identification:_identify(src/joystick_pub) by extensions ['colcon_meta']
[1.269s] Level 1:colcon.colcon_core.package_identification:_identify(src/joystick_pub) by extension 'colcon_meta'
[1.269s] Level 1:colcon.colcon_core.package_identification:_identify(src/joystick_pub) by extensions ['ros']
[1.270s] Level 1:colcon.colcon_core.package_identification:_identify(src/joystick_pub) by extension 'ros'
[1.276s] DEBUG:colcon.colcon_core.package_identification:Package 'src/joystick_pub' with type 'ros.ament_python' and name 'joystick_pub'
[1.276s] Level 1:colcon.colcon_core.package_identification:_identify(src/realtime_servo) by extensions ['ignore', 'ignore_ament_install']
[1.277s] Level 1:colcon.colcon_core.package_identification:_identify(src/realtime_servo) by extension 'ignore'
[1.277s] Level 1:colcon.colcon_core.package_identification:_identify(src/realtime_servo) by extension 'ignore_ament_install'
[1.278s] Level 1:colcon.colcon_core.package_identification:_identify(src/realtime_servo) by extensions ['colcon_pkg']
[1.278s] Level 1:colcon.colcon_core.package_identification:_identify(src/realtime_servo) by extension 'colcon_pkg'
[1.278s] Level 1:colcon.colcon_core.package_identification:_identify(src/realtime_servo) by extensions ['colcon_meta']
[1.278s] Level 1:colcon.colcon_core.package_identification:_identify(src/realtime_servo) by extension 'colcon_meta'
[1.279s] Level 1:colcon.colcon_core.package_identification:_identify(src/realtime_servo) by extensions ['ros']
[1.279s] Level 1:colcon.colcon_core.package_identification:_identify(src/realtime_servo) by extension 'ros'
[1.281s] DEBUG:colcon.colcon_core.package_identification:Package 'src/realtime_servo' with type 'ros.ament_cmake' and name 'realtime_servo'
[1.282s] Level 1:colcon.colcon_core.package_discovery:discover_packages(recursive) using defaults
[1.283s] Level 1:colcon.colcon_core.package_discovery:discover_packages(ignore) discover
[1.283s] Level 1:colcon.colcon_core.package_discovery:discover_packages(ignore) using defaults
[1.283s] Level 1:colcon.colcon_core.package_discovery:discover_packages(path) discover
[1.285s] Level 1:colcon.colcon_core.package_discovery:discover_packages(path) using defaults
[1.337s] Level 1:colcon.colcon_core.package_discovery:discover_packages(prefix_path) check parameters
[1.337s] Level 1:colcon.colcon_core.package_discovery:discover_packages(prefix_path) discover
[1.341s] WARNING:colcon.colcon_ros.prefix_path.ament:The path '/home/bo/ws_joystickarm/install/hello_moveit' in the environment variable AMENT_PREFIX_PATH doesn't exist
[1.346s] WARNING:colcon.colcon_ros.prefix_path.catkin:The path '/home/bo/ws_joystickarm/install/hello_moveit' in the environment variable CMAKE_PREFIX_PATH doesn't exist
[1.351s] DEBUG:colcon.colcon_installed_package_information.package_discovery:Found 2 installed packages in /home/bo/ws_joystickarm/install
[1.361s] DEBUG:colcon.colcon_installed_package_information.package_discovery:Found 56 installed packages in /home/bo/ws_moveit2/install
[1.365s] DEBUG:colcon.colcon_installed_package_information.package_discovery:Found 314 installed packages in /opt/ros/humble
[1.369s] Level 1:colcon.colcon_core.package_discovery:discover_packages(prefix_path) using defaults
[1.599s] Level 5:colcon.colcon_core.verb:set package 'joystick_pub' build argument 'cmake_args' from command line to '['-DCMAKE_BUILD_TYPE=Release']'
[1.600s] Level 5:colcon.colcon_core.verb:set package 'joystick_pub' build argument 'cmake_target' from command line to 'None'
[1.600s] Level 5:colcon.colcon_core.verb:set package 'joystick_pub' build argument 'cmake_target_skip_unavailable' from command line to 'False'
[1.600s] Level 5:colcon.colcon_core.verb:set package 'joystick_pub' build argument 'cmake_clean_cache' from command line to 'False'
[1.600s] Level 5:colcon.colcon_core.verb:set package 'joystick_pub' build argument 'cmake_clean_first' from command line to 'False'
[1.600s] Level 5:colcon.colcon_core.verb:set package 'joystick_pub' build argument 'cmake_force_configure' from command line to 'False'
[1.600s] Level 5:colcon.colcon_core.verb:set package 'joystick_pub' build argument 'ament_cmake_args' from command line to 'None'
[1.601s] Level 5:colcon.colcon_core.verb:set package 'joystick_pub' build argument 'catkin_cmake_args' from command line to 'None'
[1.601s] Level 5:colcon.colcon_core.verb:set package 'joystick_pub' build argument 'catkin_skip_building_tests' from command line to 'False'
[1.601s] DEBUG:colcon.colcon_core.verb:Building package 'joystick_pub' with the following arguments: {'ament_cmake_args': None, 'build_base': '/home/bo/ws_joystickarm/build/joystick_pub', 'catkin_cmake_args': None, 'catkin_skip_building_tests': False, 'cmake_args': ['-DCMAKE_BUILD_TYPE=Release'], 'cmake_clean_cache': False, 'cmake_clean_first': False, 'cmake_force_configure': False, 'cmake_target': None, 'cmake_target_skip_unavailable': False, 'install_base': '/home/bo/ws_joystickarm/install/joystick_pub', 'merge_install': False, 'path': '/home/bo/ws_joystickarm/src/joystick_pub', 'symlink_install': False, 'test_result_base': None}
[1.603s] Level 5:colcon.colcon_core.verb:set package 'realtime_servo' build argument 'cmake_args' from command line to '['-DCMAKE_BUILD_TYPE=Release']'
[1.603s] Level 5:colcon.colcon_core.verb:set package 'realtime_servo' build argument 'cmake_target' from command line to 'None'
[1.603s] Level 5:colcon.colcon_core.verb:set package 'realtime_servo' build argument 'cmake_target_skip_unavailable' from command line to 'False'
[1.604s] Level 5:colcon.colcon_core.verb:set package 'realtime_servo' build argument 'cmake_clean_cache' from command line to 'False'
[1.604s] Level 5:colcon.colcon_core.verb:set package 'realtime_servo' build argument 'cmake_clean_first' from command line to 'False'
[1.604s] Level 5:colcon.colcon_core.verb:set package 'realtime_servo' build argument 'cmake_force_configure' from command line to 'False'
[1.605s] Level 5:colcon.colcon_core.verb:set package 'realtime_servo' build argument 'ament_cmake_args' from command line to 'None'
[1.605s] Level 5:colcon.colcon_core.verb:set package 'realtime_servo' build argument 'catkin_cmake_args' from command line to 'None'
[1.605s] Level 5:colcon.colcon_core.verb:set package 'realtime_servo' build argument 'catkin_skip_building_tests' from command line to 'False'
[1.605s] DEBUG:colcon.colcon_core.verb:Building package 'realtime_servo' with the following arguments: {'ament_cmake_args': None, 'build_base': '/home/bo/ws_joystickarm/build/realtime_servo', 'catkin_cmake_args': None, 'catkin_skip_building_tests': False, 'cmake_args': ['-DCMAKE_BUILD_TYPE=Release'], 'cmake_clean_cache': False, 'cmake_clean_first': False, 'cmake_force_configure': False, 'cmake_target': None, 'cmake_target_skip_unavailable': False, 'install_base': '/home/bo/ws_joystickarm/install/realtime_servo', 'merge_install': False, 'path': '/home/bo/ws_joystickarm/src/realtime_servo', 'symlink_install': False, 'test_result_base': None}
[1.606s] INFO:colcon.colcon_core.executor:Executing jobs using 'parallel' executor
[1.613s] DEBUG:colcon.colcon_parallel_executor.executor.parallel:run_until_complete
[1.613s] INFO:colcon.colcon_ros.task.ament_python.build:Building ROS package in '/home/bo/ws_joystickarm/src/joystick_pub' with build type 'ament_python'
[1.614s] Level 1:colcon.colcon_core.shell:create_environment_hook('joystick_pub', 'ament_prefix_path')
[1.622s] INFO:colcon.colcon_core.plugin_system:Skipping extension 'colcon_core.shell.bat': Not used on non-Windows systems
[1.623s] INFO:colcon.colcon_core.shell:Creating environment hook '/home/bo/ws_joystickarm/install/joystick_pub/share/joystick_pub/hook/ament_prefix_path.ps1'
[1.626s] INFO:colcon.colcon_core.shell:Creating environment descriptor '/home/bo/ws_joystickarm/install/joystick_pub/share/joystick_pub/hook/ament_prefix_path.dsv'
[1.628s] INFO:colcon.colcon_core.shell:Creating environment hook '/home/bo/ws_joystickarm/install/joystick_pub/share/joystick_pub/hook/ament_prefix_path.sh'
[1.631s] INFO:colcon.colcon_core.shell:Skip shell extension 'powershell' for command environment: Not usable outside of PowerShell
[1.631s] DEBUG:colcon.colcon_core.shell:Skip shell extension 'dsv' for command environment
[1.659s] INFO:colcon.colcon_ros.task.ament_cmake.build:Building ROS package in '/home/bo/ws_joystickarm/src/realtime_servo' with build type 'ament_cmake'
[1.660s] INFO:colcon.colcon_cmake.task.cmake.build:Building CMake package in '/home/bo/ws_joystickarm/src/realtime_servo'
[1.662s] INFO:colcon.colcon_core.shell:Skip shell extension 'powershell' for command environment: Not usable outside of PowerShell
[1.662s] DEBUG:colcon.colcon_core.shell:Skip shell extension 'dsv' for command environment
[2.357s] INFO:colcon.colcon_core.task.python.build:Building Python package in '/home/bo/ws_joystickarm/src/joystick_pub'
[2.359s] INFO:colcon.colcon_core.shell:Skip shell extension 'powershell' for command environment: Not usable outside of PowerShell
[2.359s] DEBUG:colcon.colcon_core.shell:Skip shell extension 'dsv' for command environment
[2.394s] DEBUG:colcon.colcon_core.event_handler.log_command:Invoking command in '/home/bo/ws_joystickarm/build/realtime_servo': CMAKE_PREFIX_PATH=${CMAKE_PREFIX_PATH}:/home/bo/ws_joystickarm/install/joystick_pub:/home/bo/ws_moveit2/install/moveit_configs_utils:/home/bo/ws_moveit2/install/launch_param_builder:/opt/ros/humble /usr/bin/cmake --build /home/bo/ws_joystickarm/build/realtime_servo -- -j2 -l2
[2.863s] DEBUG:colcon.colcon_core.event_handler.log_command:Invoked command in '/home/bo/ws_joystickarm/build/realtime_servo' returned '0': CMAKE_PREFIX_PATH=${CMAKE_PREFIX_PATH}:/home/bo/ws_joystickarm/install/joystick_pub:/home/bo/ws_moveit2/install/moveit_configs_utils:/home/bo/ws_moveit2/install/launch_param_builder:/opt/ros/humble /usr/bin/cmake --build /home/bo/ws_joystickarm/build/realtime_servo -- -j2 -l2
[3.020s] DEBUG:colcon.colcon_core.event_handler.log_command:Invoking command in '/home/bo/ws_joystickarm/build/realtime_servo': CMAKE_PREFIX_PATH=${CMAKE_PREFIX_PATH}:/home/bo/ws_joystickarm/install/joystick_pub:/home/bo/ws_moveit2/install/moveit_configs_utils:/home/bo/ws_moveit2/install/launch_param_builder:/opt/ros/humble /usr/bin/cmake --install /home/bo/ws_joystickarm/build/realtime_servo
[3.043s] Level 1:colcon.colcon_core.environment:create_environment_scripts_only(realtime_servo)
[3.067s] DEBUG:colcon.colcon_core.event_handler.log_command:Invoked command in '/home/bo/ws_joystickarm/build/realtime_servo' returned '0': CMAKE_PREFIX_PATH=${CMAKE_PREFIX_PATH}:/home/bo/ws_joystickarm/install/joystick_pub:/home/bo/ws_moveit2/install/moveit_configs_utils:/home/bo/ws_moveit2/install/launch_param_builder:/opt/ros/humble /usr/bin/cmake --install /home/bo/ws_joystickarm/build/realtime_servo
[3.072s] Level 1:colcon.colcon_core.environment:checking '/home/bo/ws_joystickarm/install/realtime_servo' for CMake module files
[3.073s] Level 1:colcon.colcon_core.environment:checking '/home/bo/ws_joystickarm/install/realtime_servo' for CMake config files
[3.075s] Level 1:colcon.colcon_core.shell:create_environment_hook('realtime_servo', 'cmake_prefix_path')
[3.077s] INFO:colcon.colcon_core.shell:Creating environment hook '/home/bo/ws_joystickarm/install/realtime_servo/share/realtime_servo/hook/cmake_prefix_path.ps1'
[3.079s] INFO:colcon.colcon_core.shell:Creating environment descriptor '/home/bo/ws_joystickarm/install/realtime_servo/share/realtime_servo/hook/cmake_prefix_path.dsv'
[3.080s] INFO:colcon.colcon_core.shell:Creating environment hook '/home/bo/ws_joystickarm/install/realtime_servo/share/realtime_servo/hook/cmake_prefix_path.sh'
[3.082s] Level 1:colcon.colcon_core.environment:checking '/home/bo/ws_joystickarm/install/realtime_servo/lib'
[3.083s] Level 1:colcon.colcon_core.environment:checking '/home/bo/ws_joystickarm/install/realtime_servo/bin'
[3.083s] Level 1:colcon.colcon_core.environment:checking '/home/bo/ws_joystickarm/install/realtime_servo/lib/pkgconfig/realtime_servo.pc'
[3.084s] Level 1:colcon.colcon_core.environment:checking '/home/bo/ws_joystickarm/install/realtime_servo/lib/python3.10/site-packages'
[3.085s] Level 1:colcon.colcon_core.environment:checking '/home/bo/ws_joystickarm/install/realtime_servo/bin'
[3.088s] INFO:colcon.colcon_core.shell:Creating package script '/home/bo/ws_joystickarm/install/realtime_servo/share/realtime_servo/package.ps1'
[3.090s] INFO:colcon.colcon_core.shell:Creating package descriptor '/home/bo/ws_joystickarm/install/realtime_servo/share/realtime_servo/package.dsv'
[3.094s] INFO:colcon.colcon_core.shell:Creating package script '/home/bo/ws_joystickarm/install/realtime_servo/share/realtime_servo/package.sh'
[3.097s] INFO:colcon.colcon_core.shell:Creating package script '/home/bo/ws_joystickarm/install/realtime_servo/share/realtime_servo/package.bash'
[3.099s] INFO:colcon.colcon_core.shell:Creating package script '/home/bo/ws_joystickarm/install/realtime_servo/share/realtime_servo/package.zsh'
[3.101s] Level 1:colcon.colcon_core.environment:create_file_with_runtime_dependencies(/home/bo/ws_joystickarm/install/realtime_servo/share/colcon-core/packages/realtime_servo)
[3.247s] Level 1:colcon.colcon_core.environment:create_environment_scripts_only(realtime_servo)
[3.251s] Level 1:colcon.colcon_core.environment:checking '/home/bo/ws_joystickarm/install/realtime_servo' for CMake module files
[3.253s] Level 1:colcon.colcon_core.environment:checking '/home/bo/ws_joystickarm/install/realtime_servo' for CMake config files
[3.256s] Level 1:colcon.colcon_core.shell:create_environment_hook('realtime_servo', 'cmake_prefix_path')
[3.262s] INFO:colcon.colcon_core.shell:Creating environment hook '/home/bo/ws_joystickarm/install/realtime_servo/share/realtime_servo/hook/cmake_prefix_path.ps1'
[3.264s] INFO:colcon.colcon_core.shell:Creating environment descriptor '/home/bo/ws_joystickarm/install/realtime_servo/share/realtime_servo/hook/cmake_prefix_path.dsv'
[3.265s] INFO:colcon.colcon_core.shell:Creating environment hook '/home/bo/ws_joystickarm/install/realtime_servo/share/realtime_servo/hook/cmake_prefix_path.sh'
[3.266s] Level 1:colcon.colcon_core.environment:checking '/home/bo/ws_joystickarm/install/realtime_servo/lib'
[3.266s] Level 1:colcon.colcon_core.environment:checking '/home/bo/ws_joystickarm/install/realtime_servo/bin'
[3.266s] Level 1:colcon.colcon_core.environment:checking '/home/bo/ws_joystickarm/install/realtime_servo/lib/pkgconfig/realtime_servo.pc'
[3.267s] Level 1:colcon.colcon_core.environment:checking '/home/bo/ws_joystickarm/install/realtime_servo/lib/python3.10/site-packages'
[3.267s] Level 1:colcon.colcon_core.environment:checking '/home/bo/ws_joystickarm/install/realtime_servo/bin'
[3.270s] INFO:colcon.colcon_core.shell:Creating package script '/home/bo/ws_joystickarm/install/realtime_servo/share/realtime_servo/package.ps1'
[3.272s] INFO:colcon.colcon_core.shell:Creating package descriptor '/home/bo/ws_joystickarm/install/realtime_servo/share/realtime_servo/package.dsv'
[3.272s] INFO:colcon.colcon_core.shell:Creating package script '/home/bo/ws_joystickarm/install/realtime_servo/share/realtime_servo/package.sh'
[3.273s] INFO:colcon.colcon_core.shell:Creating package script '/home/bo/ws_joystickarm/install/realtime_servo/share/realtime_servo/package.bash'
[3.275s] INFO:colcon.colcon_core.shell:Creating package script '/home/bo/ws_joystickarm/install/realtime_servo/share/realtime_servo/package.zsh'
[3.276s] Level 1:colcon.colcon_core.environment:create_file_with_runtime_dependencies(/home/bo/ws_joystickarm/install/realtime_servo/share/colcon-core/packages/realtime_servo)
[3.477s] DEBUG:colcon.colcon_core.event_handler.log_command:Invoking command in '/home/bo/ws_joystickarm/src/joystick_pub': PYTHONPATH=/home/bo/ws_joystickarm/build/joystick_pub/prefix_override:/home/bo/ws_joystickarm/install/joystick_pub/lib/python3.10/site-packages:${PYTHONPATH} /usr/bin/python3 setup.py egg_info --egg-base ../../build/joystick_pub build --build-base /home/bo/ws_joystickarm/build/joystick_pub/build install --record /home/bo/ws_joystickarm/build/joystick_pub/install.log --single-version-externally-managed
[4.075s] Level 1:colcon.colcon_core.environment:checking '/home/bo/ws_joystickarm/install/joystick_pub' for CMake module files
[4.078s] DEBUG:colcon.colcon_core.event_handler.log_command:Invoked command in '/home/bo/ws_joystickarm/src/joystick_pub' returned '0': PYTHONPATH=/home/bo/ws_joystickarm/build/joystick_pub/prefix_override:/home/bo/ws_joystickarm/install/joystick_pub/lib/python3.10/site-packages:${PYTHONPATH} /usr/bin/python3 setup.py egg_info --egg-base ../../build/joystick_pub build --build-base /home/bo/ws_joystickarm/build/joystick_pub/build install --record /home/bo/ws_joystickarm/build/joystick_pub/install.log --single-version-externally-managed
[4.079s] Level 1:colcon.colcon_core.environment:checking '/home/bo/ws_joystickarm/install/joystick_pub' for CMake config files
[4.080s] Level 1:colcon.colcon_core.environment:checking '/home/bo/ws_joystickarm/install/joystick_pub/lib'
[4.080s] Level 1:colcon.colcon_core.environment:checking '/home/bo/ws_joystickarm/install/joystick_pub/bin'
[4.081s] Level 1:colcon.colcon_core.environment:checking '/home/bo/ws_joystickarm/install/joystick_pub/lib/pkgconfig/joystick_pub.pc'
[4.081s] Level 1:colcon.colcon_core.environment:checking '/home/bo/ws_joystickarm/install/joystick_pub/lib/python3.10/site-packages'
[4.081s] Level 1:colcon.colcon_core.shell:create_environment_hook('joystick_pub', 'pythonpath')
[4.083s] INFO:colcon.colcon_core.shell:Creating environment hook '/home/bo/ws_joystickarm/install/joystick_pub/share/joystick_pub/hook/pythonpath.ps1'
[4.085s] INFO:colcon.colcon_core.shell:Creating environment descriptor '/home/bo/ws_joystickarm/install/joystick_pub/share/joystick_pub/hook/pythonpath.dsv'
[4.087s] INFO:colcon.colcon_core.shell:Creating environment hook '/home/bo/ws_joystickarm/install/joystick_pub/share/joystick_pub/hook/pythonpath.sh'
[4.088s] Level 1:colcon.colcon_core.environment:checking '/home/bo/ws_joystickarm/install/joystick_pub/bin'
[4.089s] Level 1:colcon.colcon_core.environment:create_environment_scripts_only(joystick_pub)
[4.091s] INFO:colcon.colcon_core.shell:Creating package script '/home/bo/ws_joystickarm/install/joystick_pub/share/joystick_pub/package.ps1'
[4.094s] INFO:colcon.colcon_core.shell:Creating package descriptor '/home/bo/ws_joystickarm/install/joystick_pub/share/joystick_pub/package.dsv'
[4.097s] INFO:colcon.colcon_core.shell:Creating package script '/home/bo/ws_joystickarm/install/joystick_pub/share/joystick_pub/package.sh'
[4.098s] INFO:colcon.colcon_core.shell:Creating package script '/home/bo/ws_joystickarm/install/joystick_pub/share/joystick_pub/package.bash'
[4.100s] INFO:colcon.colcon_core.shell:Creating package script '/home/bo/ws_joystickarm/install/joystick_pub/share/joystick_pub/package.zsh'
[4.101s] Level 1:colcon.colcon_core.environment:create_file_with_runtime_dependencies(/home/bo/ws_joystickarm/install/joystick_pub/share/colcon-core/packages/joystick_pub)
[4.104s] DEBUG:colcon.colcon_parallel_executor.executor.parallel:closing loop
[4.104s] DEBUG:colcon.colcon_parallel_executor.executor.parallel:loop closed
[4.105s] DEBUG:colcon.colcon_parallel_executor.executor.parallel:run_until_complete finished with '0'
[4.106s] DEBUG:colcon.colcon_core.event_reactor:joining thread
[4.116s] INFO:colcon.colcon_core.plugin_system:Skipping extension 'colcon_notification.desktop_notification.terminal_notifier': Not used on non-Darwin systems
[4.116s] INFO:colcon.colcon_core.plugin_system:Skipping extension 'colcon_notification.desktop_notification.win32': Not used on non-Windows systems
[4.117s] INFO:colcon.colcon_notification.desktop_notification:Sending desktop notification using 'notify2'
[4.149s] DEBUG:colcon.colcon_core.event_reactor:joined thread
[4.151s] INFO:colcon.colcon_core.shell:Creating prefix script '/home/bo/ws_joystickarm/install/local_setup.ps1'
[4.152s] INFO:colcon.colcon_core.shell:Creating prefix util module '/home/bo/ws_joystickarm/install/_local_setup_util_ps1.py'
[4.158s] INFO:colcon.colcon_core.shell:Creating prefix chain script '/home/bo/ws_joystickarm/install/setup.ps1'
[4.173s] INFO:colcon.colcon_core.shell:Creating prefix script '/home/bo/ws_joystickarm/install/local_setup.sh'
[4.176s] INFO:colcon.colcon_core.shell:Creating prefix util module '/home/bo/ws_joystickarm/install/_local_setup_util_sh.py'
[4.177s] INFO:colcon.colcon_core.shell:Creating prefix chain script '/home/bo/ws_joystickarm/install/setup.sh'
[4.183s] INFO:colcon.colcon_core.shell:Creating prefix script '/home/bo/ws_joystickarm/install/local_setup.bash'
[4.185s] INFO:colcon.colcon_core.shell:Creating prefix chain script '/home/bo/ws_joystickarm/install/setup.bash'
[4.193s] INFO:colcon.colcon_core.shell:Creating prefix script '/home/bo/ws_joystickarm/install/local_setup.zsh'
[4.194s] INFO:colcon.colcon_core.shell:Creating prefix chain script '/home/bo/ws_joystickarm/install/setup.zsh'
