running egg_info
creating ../../build/joystick_pub/joystick_pub.egg-info
writing ../../build/joystick_pub/joystick_pub.egg-info/PKG-INFO
writing dependency_links to ../../build/joystick_pub/joystick_pub.egg-info/dependency_links.txt
writing entry points to ../../build/joystick_pub/joystick_pub.egg-info/entry_points.txt
writing requirements to ../../build/joystick_pub/joystick_pub.egg-info/requires.txt
writing top-level names to ../../build/joystick_pub/joystick_pub.egg-info/top_level.txt
writing manifest file '../../build/joystick_pub/joystick_pub.egg-info/SOURCES.txt'
reading manifest file '../../build/joystick_pub/joystick_pub.egg-info/SOURCES.txt'
writing manifest file '../../build/joystick_pub/joystick_pub.egg-info/SOURCES.txt'
running build
running build_py
creating /home/bo/ws_joystickarm/build/joystick_pub/build
creating /home/bo/ws_joystickarm/build/joystick_pub/build/lib
creating /home/bo/ws_joystickarm/build/joystick_pub/build/lib/joystick_pub
copying joystick_pub/mine_joystick.py -> /home/bo/ws_joystickarm/build/joystick_pub/build/lib/joystick_pub
copying joystick_pub/__init__.py -> /home/bo/ws_joystickarm/build/joystick_pub/build/lib/joystick_pub
running install
running install_lib
creating /home/bo/ws_joystickarm/install/joystick_pub/lib/python3.10/site-packages/joystick_pub
copying /home/bo/ws_joystickarm/build/joystick_pub/build/lib/joystick_pub/mine_joystick.py -> /home/bo/ws_joystickarm/install/joystick_pub/lib/python3.10/site-packages/joystick_pub
copying /home/bo/ws_joystickarm/build/joystick_pub/build/lib/joystick_pub/__init__.py -> /home/bo/ws_joystickarm/install/joystick_pub/lib/python3.10/site-packages/joystick_pub
byte-compiling /home/bo/ws_joystickarm/install/joystick_pub/lib/python3.10/site-packages/joystick_pub/mine_joystick.py to mine_joystick.cpython-310.pyc
byte-compiling /home/bo/ws_joystickarm/install/joystick_pub/lib/python3.10/site-packages/joystick_pub/__init__.py to __init__.cpython-310.pyc
running install_data
creating /home/bo/ws_joystickarm/install/joystick_pub/share/ament_index
creating /home/bo/ws_joystickarm/install/joystick_pub/share/ament_index/resource_index
creating /home/bo/ws_joystickarm/install/joystick_pub/share/ament_index/resource_index/packages
copying resource/joystick_pub -> /home/bo/ws_joystickarm/install/joystick_pub/share/ament_index/resource_index/packages
copying package.xml -> /home/bo/ws_joystickarm/install/joystick_pub/share/joystick_pub
running install_egg_info
Copying ../../build/joystick_pub/joystick_pub.egg-info to /home/bo/ws_joystickarm/install/joystick_pub/lib/python3.10/site-packages/joystick_pub-0.0.0-py3.10.egg-info
running install_scripts
writing list of installed files to '/home/bo/ws_joystickarm/build/joystick_pub/install.log'
