[0.801s] Invoking command in '/home/bo/ws_joystickarm/src/joystick_pub': PYTHONPATH=/home/bo/ws_joystickarm/build/joystick_pub/prefix_override:/home/bo/ws_joystickarm/install/joystick_pub/lib/python3.10/site-packages:${PYTHONPATH} /usr/bin/python3 setup.py egg_info --egg-base ../../build/joystick_pub build --build-base /home/bo/ws_joystickarm/build/joystick_pub/build install --record /home/bo/ws_joystickarm/build/joystick_pub/install.log --single-version-externally-managed
[1.083s] running egg_info
[1.083s] creating ../../build/joystick_pub/joystick_pub.egg-info
[1.084s] writing ../../build/joystick_pub/joystick_pub.egg-info/PKG-INFO
[1.084s] writing dependency_links to ../../build/joystick_pub/joystick_pub.egg-info/dependency_links.txt
[1.084s] writing entry points to ../../build/joystick_pub/joystick_pub.egg-info/entry_points.txt
[1.084s] writing requirements to ../../build/joystick_pub/joystick_pub.egg-info/requires.txt
[1.085s] writing top-level names to ../../build/joystick_pub/joystick_pub.egg-info/top_level.txt
[1.085s] writing manifest file '../../build/joystick_pub/joystick_pub.egg-info/SOURCES.txt'
[1.087s] reading manifest file '../../build/joystick_pub/joystick_pub.egg-info/SOURCES.txt'
[1.089s] writing manifest file '../../build/joystick_pub/joystick_pub.egg-info/SOURCES.txt'
[1.090s] running build
[1.090s] running build_py
[1.090s] creating /home/bo/ws_joystickarm/build/joystick_pub/build
[1.090s] creating /home/bo/ws_joystickarm/build/joystick_pub/build/lib
[1.090s] creating /home/bo/ws_joystickarm/build/joystick_pub/build/lib/joystick_pub
[1.090s] copying joystick_pub/mine_joystick.py -> /home/bo/ws_joystickarm/build/joystick_pub/build/lib/joystick_pub
[1.090s] copying joystick_pub/__init__.py -> /home/bo/ws_joystickarm/build/joystick_pub/build/lib/joystick_pub
[1.091s] running install
[1.092s] running install_lib
[1.093s] creating /home/bo/ws_joystickarm/install/joystick_pub/lib/python3.10/site-packages/joystick_pub
[1.094s] copying /home/bo/ws_joystickarm/build/joystick_pub/build/lib/joystick_pub/mine_joystick.py -> /home/bo/ws_joystickarm/install/joystick_pub/lib/python3.10/site-packages/joystick_pub
[1.094s] copying /home/bo/ws_joystickarm/build/joystick_pub/build/lib/joystick_pub/__init__.py -> /home/bo/ws_joystickarm/install/joystick_pub/lib/python3.10/site-packages/joystick_pub
[1.096s] byte-compiling /home/bo/ws_joystickarm/install/joystick_pub/lib/python3.10/site-packages/joystick_pub/mine_joystick.py to mine_joystick.cpython-310.pyc
[1.098s] byte-compiling /home/bo/ws_joystickarm/install/joystick_pub/lib/python3.10/site-packages/joystick_pub/__init__.py to __init__.cpython-310.pyc
[1.098s] running install_data
[1.098s] creating /home/bo/ws_joystickarm/install/joystick_pub/share/ament_index
[1.099s] creating /home/bo/ws_joystickarm/install/joystick_pub/share/ament_index/resource_index
[1.099s] creating /home/bo/ws_joystickarm/install/joystick_pub/share/ament_index/resource_index/packages
[1.099s] copying resource/joystick_pub -> /home/bo/ws_joystickarm/install/joystick_pub/share/ament_index/resource_index/packages
[1.099s] copying package.xml -> /home/bo/ws_joystickarm/install/joystick_pub/share/joystick_pub
[1.099s] running install_egg_info
[1.103s] Copying ../../build/joystick_pub/joystick_pub.egg-info to /home/bo/ws_joystickarm/install/joystick_pub/lib/python3.10/site-packages/joystick_pub-0.0.0-py3.10.egg-info
[1.105s] running install_scripts
[1.140s] writing list of installed files to '/home/bo/ws_joystickarm/build/joystick_pub/install.log'
[1.172s] Invoked command in '/home/bo/ws_joystickarm/src/joystick_pub' returned '0': PYTHONPATH=/home/bo/ws_joystickarm/build/joystick_pub/prefix_override:/home/bo/ws_joystickarm/install/joystick_pub/lib/python3.10/site-packages:${PYTHONPATH} /usr/bin/python3 setup.py egg_info --egg-base ../../build/joystick_pub build --build-base /home/bo/ws_joystickarm/build/joystick_pub/build install --record /home/bo/ws_joystickarm/build/joystick_pub/install.log --single-version-externally-managed
