[1.666s] Invoking command in '/home/bo/ws_joystickarm/src/joystick_pub': PYTHONPATH=/home/bo/ws_joystickarm/build/joystick_pub/prefix_override:/home/bo/ws_joystickarm/install/joystick_pub/lib/python3.10/site-packages:${PYTHONPATH} /usr/bin/python3 setup.py egg_info --egg-base ../../build/joystick_pub build --build-base /home/bo/ws_joystickarm/build/joystick_pub/build install --record /home/bo/ws_joystickarm/build/joystick_pub/install.log --single-version-externally-managed
[2.311s] running egg_info
[2.313s] writing ../../build/joystick_pub/joystick_pub.egg-info/PKG-INFO
[2.314s] writing dependency_links to ../../build/joystick_pub/joystick_pub.egg-info/dependency_links.txt
[2.315s] writing entry points to ../../build/joystick_pub/joystick_pub.egg-info/entry_points.txt
[2.316s] writing requirements to ../../build/joystick_pub/joystick_pub.egg-info/requires.txt
[2.317s] writing top-level names to ../../build/joystick_pub/joystick_pub.egg-info/top_level.txt
[2.320s] reading manifest file '../../build/joystick_pub/joystick_pub.egg-info/SOURCES.txt'
[2.322s] writing manifest file '../../build/joystick_pub/joystick_pub.egg-info/SOURCES.txt'
[2.323s] running build
[2.323s] running build_py
[2.325s] copying joystick_pub/joystick_driver.py -> /home/bo/ws_joystickarm/build/joystick_pub/build/lib/joystick_pub
[2.327s] running install
[2.328s] running install_lib
[2.330s] copying /home/bo/ws_joystickarm/build/joystick_pub/build/lib/joystick_pub/joystick_driver.py -> /home/bo/ws_joystickarm/install/joystick_pub/lib/python3.10/site-packages/joystick_pub
[2.333s] byte-compiling /home/bo/ws_joystickarm/install/joystick_pub/lib/python3.10/site-packages/joystick_pub/joystick_driver.py to joystick_driver.cpython-310.pyc
[2.337s] running install_data
[2.339s] running install_egg_info
[2.342s] removing '/home/bo/ws_joystickarm/install/joystick_pub/lib/python3.10/site-packages/joystick_pub-0.0.0-py3.10.egg-info' (and everything under it)
[2.356s] Copying ../../build/joystick_pub/joystick_pub.egg-info to /home/bo/ws_joystickarm/install/joystick_pub/lib/python3.10/site-packages/joystick_pub-0.0.0-py3.10.egg-info
[2.365s] running install_scripts
[2.393s] Installing joystick_driver script to /home/bo/ws_joystickarm/install/joystick_pub/lib/joystick_pub
[2.394s] Installing joystick_pub script to /home/bo/ws_joystickarm/install/joystick_pub/lib/joystick_pub
[2.395s] writing list of installed files to '/home/bo/ws_joystickarm/build/joystick_pub/install.log'
[2.430s] Invoked command in '/home/bo/ws_joystickarm/src/joystick_pub' returned '0': PYTHONPATH=/home/bo/ws_joystickarm/build/joystick_pub/prefix_override:/home/bo/ws_joystickarm/install/joystick_pub/lib/python3.10/site-packages:${PYTHONPATH} /usr/bin/python3 setup.py egg_info --egg-base ../../build/joystick_pub build --build-base /home/bo/ws_joystickarm/build/joystick_pub/build install --record /home/bo/ws_joystickarm/build/joystick_pub/install.log --single-version-externally-managed
