[0.033s] Invoking command in '/home/bo/ws_xianyu/build/hello_moveit': CMAKE_PREFIX_PATH=${CMAKE_PREFIX_PATH}:/home/bo/ws_moveit2/install/moveit_configs_utils:/home/bo/ws_moveit2/install/launch_param_builder:/opt/ros/humble /usr/bin/cmake --build /home/bo/ws_xianyu/build/hello_moveit -- -j2 -l2
[0.104s] [35m[1mConsolidate compiler generated dependencies of target hello_moveit[0m
[0.156s] [100%] Built target hello_moveit
[0.258s] Invoked command in '/home/bo/ws_xianyu/build/hello_moveit' returned '0': CMAKE_PREFIX_PATH=${CMAKE_PREFIX_PATH}:/home/bo/ws_moveit2/install/moveit_configs_utils:/home/bo/ws_moveit2/install/launch_param_builder:/opt/ros/humble /usr/bin/cmake --build /home/bo/ws_xianyu/build/hello_moveit -- -j2 -l2
[0.356s] Invoking command in '/home/bo/ws_xianyu/build/hello_moveit': CMAKE_PREFIX_PATH=${CMAKE_PREFIX_PATH}:/home/bo/ws_moveit2/install/moveit_configs_utils:/home/bo/ws_moveit2/install/launch_param_builder:/opt/ros/humble /usr/bin/cmake --install /home/bo/ws_xianyu/build/hello_moveit
[0.367s] -- Install configuration: "Release"
[0.367s] -- Installing: /home/bo/ws_xianyu/install/hello_moveit/lib/hello_moveit/hello_moveit
[0.367s] -- Set runtime path of "/home/bo/ws_xianyu/install/hello_moveit/lib/hello_moveit/hello_moveit" to ""
[0.367s] -- Up-to-date: /home/bo/ws_xianyu/install/hello_moveit/share/ament_index/resource_index/package_run_dependencies/hello_moveit
[0.367s] -- Installing: /home/bo/ws_xianyu/install/hello_moveit/share/ament_index/resource_index/parent_prefix_path/hello_moveit
[0.367s] -- Up-to-date: /home/bo/ws_xianyu/install/hello_moveit/share/hello_moveit/environment/ament_prefix_path.sh
[0.367s] -- Installing: /home/bo/ws_xianyu/install/hello_moveit/share/hello_moveit/environment/ament_prefix_path.dsv
[0.368s] -- Up-to-date: /home/bo/ws_xianyu/install/hello_moveit/share/hello_moveit/environment/path.sh
[0.368s] -- Installing: /home/bo/ws_xianyu/install/hello_moveit/share/hello_moveit/environment/path.dsv
[0.368s] -- Up-to-date: /home/bo/ws_xianyu/install/hello_moveit/share/hello_moveit/local_setup.bash
[0.368s] -- Up-to-date: /home/bo/ws_xianyu/install/hello_moveit/share/hello_moveit/local_setup.sh
[0.368s] -- Up-to-date: /home/bo/ws_xianyu/install/hello_moveit/share/hello_moveit/local_setup.zsh
[0.368s] -- Installing: /home/bo/ws_xianyu/install/hello_moveit/share/hello_moveit/local_setup.dsv
[0.368s] -- Installing: /home/bo/ws_xianyu/install/hello_moveit/share/hello_moveit/package.dsv
[0.368s] -- Up-to-date: /home/bo/ws_xianyu/install/hello_moveit/share/ament_index/resource_index/packages/hello_moveit
[0.368s] -- Up-to-date: /home/bo/ws_xianyu/install/hello_moveit/share/hello_moveit/cmake/hello_moveitConfig.cmake
[0.368s] -- Up-to-date: /home/bo/ws_xianyu/install/hello_moveit/share/hello_moveit/cmake/hello_moveitConfig-version.cmake
[0.368s] -- Up-to-date: /home/bo/ws_xianyu/install/hello_moveit/share/hello_moveit/package.xml
[0.373s] Invoked command in '/home/bo/ws_xianyu/build/hello_moveit' returned '0': CMAKE_PREFIX_PATH=${CMAKE_PREFIX_PATH}:/home/bo/ws_moveit2/install/moveit_configs_utils:/home/bo/ws_moveit2/install/launch_param_builder:/opt/ros/humble /usr/bin/cmake --install /home/bo/ws_xianyu/build/hello_moveit
