[0.014s] Invoking command in '/home/bo/ws_xianyu/build/realtime_servo': CMAKE_PREFIX_PATH=${CMAKE_PREFIX_PATH}:/home/bo/ws_moveit2/install/moveit_configs_utils:/home/bo/ws_moveit2/install/launch_param_builder:/opt/ros/humble /usr/bin/cmake /home/bo/ws_xianyu/src/realtime_servo -DCMAKE_BUILD_TYPE=Release -DCMAKE_INSTALL_PREFIX=/home/bo/ws_xianyu/install/realtime_servo
[0.035s] -- Found moveit_common: 2.5.4 (/home/bo/ws_moveit2/install/moveit_common/share/moveit_common/cmake)
[0.042s] -- Found ament_cmake: 1.3.3 (/opt/ros/humble/share/ament_cmake/cmake)
[0.228s] -- Found libdw: /usr/lib/x86_64-linux-gnu/libdw.so  
[0.233s] -- Could NOT find libbfd (missing: LIBBFD_LIBRARY LIBBFD_INCLUDE_DIR) 
[0.233s] -- BACKWARD_HAS_UNWIND=1
[0.233s] -- BACKWARD_HAS_BACKTRACE=0
[0.233s] -- BACKWARD_HAS_BACKTRACE_SYMBOL=0
[0.233s] -- BACKWARD_HAS_DW=1
[0.233s] -- BACKWARD_HAS_BFD=0
[0.234s] -- Found Backward: /opt/ros/humble/share/backward_ros/cmake  
[0.509s] -- Found Boost: /usr/lib/x86_64-linux-gnu/cmake/Boost-1.74.0/BoostConfig.cmake (found version "1.74.0") found components: system filesystem date_time thread 
[0.515s] -- Found control_msgs: 4.1.1 (/opt/ros/humble/share/control_msgs/cmake)
[0.586s] -- Found rosidl_generator_c: 3.1.4 (/opt/ros/humble/share/rosidl_generator_c/cmake)
[0.597s] -- Found rosidl_adapter: 3.1.4 (/opt/ros/humble/share/rosidl_adapter/cmake)
[0.611s] -- Found rosidl_generator_cpp: 3.1.4 (/opt/ros/humble/share/rosidl_generator_cpp/cmake)
[0.629s] -- Using all available rosidl_typesupport_c: rosidl_typesupport_fastrtps_c;rosidl_typesupport_introspection_c
[0.662s] -- Using all available rosidl_typesupport_cpp: rosidl_typesupport_fastrtps_cpp;rosidl_typesupport_introspection_cpp
[1.063s] -- Found moveit_core: 2.5.4 (/home/bo/ws_moveit2/install/moveit_core/share/moveit_core/cmake)
[1.097s] -- Found Boost: /usr/lib/x86_64-linux-gnu/cmake/Boost-1.74.0/BoostConfig.cmake (found version "1.74.0") found components: chrono date_time filesystem iostreams program_options regex serialization system thread 
[1.118s] -- Found Boost: /usr/lib/x86_64-linux-gnu/cmake/Boost-1.74.0/BoostConfig.cmake (found version "1.74.0") found components: filesystem 
[1.241s] -- Found rmw_implementation_cmake: 6.1.1 (/opt/ros/humble/share/rmw_implementation_cmake/cmake)
[1.248s] -- Found rmw_cyclonedds_cpp: 1.3.4 (/opt/ros/humble/share/rmw_cyclonedds_cpp/cmake)
[1.301s] -- Using RMW implementation 'rmw_cyclonedds_cpp' as default
[1.319s] -- Found Threads: TRUE  
[1.516s] -- library: /usr/lib/x86_64-linux-gnu/libcurl.so
[1.698s] -- Found Eigen3: TRUE (found version "3.4.0") 
[1.698s] -- Ensuring Eigen3 include directory is part of orocos-kdl CMake target
[2.476s] -- Found moveit_task_constructor_core: 0.1.0 (/home/bo/ws_moveit2/install/moveit_task_constructor_core/share/moveit_task_constructor_core/cmake)
[2.522s] -- Found Boost: /usr/lib/x86_64-linux-gnu/cmake/Boost-1.74.0/BoostConfig.cmake (found version "1.74.0") found components: system filesystem date_time program_options thread chrono 
[2.887s] -- Found Boost: /usr/lib/x86_64-linux-gnu/cmake/Boost-1.74.0/BoostConfig.cmake (found version "1.74.0") found components: date_time filesystem program_options system thread 
[3.010s] -- Found Boost: /usr/lib/x86_64-linux-gnu/cmake/Boost-1.74.0/BoostConfig.cmake (found version "1.74.0") found components: thread system filesystem regex date_time program_options 
[3.240s] -- Found Boost: /usr/lib/x86_64-linux-gnu/cmake/Boost-1.74.0/BoostConfig.cmake (found version "1.74.0") found components: system filesystem date_time program_options thread 
[3.830s] -- Found moveit_ros_perception: 2.5.4 (/home/bo/ws_moveit2/install/moveit_ros_perception/share/moveit_ros_perception/cmake)
[3.833s] -- Found Boost: /usr/lib/x86_64-linux-gnu/cmake/Boost-1.74.0/BoostConfig.cmake (found version "1.74.0") found components: thread 
[4.049s] -- Found moveit_servo: 2.5.4 (/home/bo/ws_moveit2/install/moveit_servo/share/moveit_servo/cmake)
[4.439s] [31mCMake Error at /opt/ros/humble/share/ament_cmake_target_dependencies/cmake/ament_target_dependencies.cmake:77 (message):
[4.440s]   ament_target_dependencies() the passed package name 'interactive_markers'
[4.440s]   was not found before
[4.440s] Call Stack (most recent call first):
[4.440s]   CMakeLists.txt:72 (ament_target_dependencies)
[4.440s] 
[4.440s] [0m
[4.441s] -- Configuring incomplete, errors occurred!
[4.441s] See also "/home/bo/ws_xianyu/build/realtime_servo/CMakeFiles/CMakeOutput.log".
[4.448s] Invoked command in '/home/bo/ws_xianyu/build/realtime_servo' returned '1': CMAKE_PREFIX_PATH=${CMAKE_PREFIX_PATH}:/home/bo/ws_moveit2/install/moveit_configs_utils:/home/bo/ws_moveit2/install/launch_param_builder:/opt/ros/humble /usr/bin/cmake /home/bo/ws_xianyu/src/realtime_servo -DCMAKE_BUILD_TYPE=Release -DCMAKE_INSTALL_PREFIX=/home/bo/ws_xianyu/install/realtime_servo
